<?xml version="1.0" encoding="UTF-8"?>
<robot generator="Robot 4.1.3 (Python 3.10.3 on win32)" generated="20220718 17:32:01.913" rpa="false" schemaversion="2">
<suite id="s1" name="Robot Interactive Console" source="c:\Users\amanda.diniz\.vscode\extensions\robocorp.robotframework-lsp-0.48.2\src\robotframework_ls\vendored\robotframework_interactive\robot_interactive_console.robot">
<test id="s1-t1" name="Default Task/Test">
<kw name="Interpreter Main Loop" library="MainLoop">
<status status="PASS" starttime="20220718 17:32:01.938" endtime="20220718 17:32:03.686"/>
</kw>
<status status="PASS" starttime="20220718 17:32:01.938" endtime="20220718 17:32:03.686"/>
</test>
<status status="PASS" starttime="20220718 17:32:01.915" endtime="20220718 17:32:03.687"/>
</suite>
<statistics>
<total>
<stat pass="1" fail="0" skip="0">All Tests</stat>
</total>
<tag>
</tag>
<suite>
<stat pass="1" fail="0" skip="0" id="s1" name="Robot Interactive Console">Robot Interactive Console</stat>
</suite>
</statistics>
<errors>
</errors>
</robot>
