<?xml version="1.0" encoding="UTF-8"?>
<robot generator="Robot 5.0 (Python 3.10.3 on win32)" generated="20220711 15:52:36.156" rpa="false" schemaversion="3">
<suite id="s1" name="TesteDeVersaoPositivo" source="C:\Users\rogerio.santos\Desktop\Automação\Gier-TesteDeVersão-Web\3-TestesFluxoBasico\TesteDeVersaoPositivo.robot">
<test id="s1-t1" name="Cenário 6: Funcionalidade Consulta de Turma" line="220">
<kw name="Abrir o navegador" library="1-Principal" type="SETUP">
<kw name="Open Browser" library="SeleniumLibrary">
<arg>url=https://www.google.com/</arg>
<arg>browser=chrome</arg>
<doc>Opens a new browser instance to the given ``url``.</doc>
<msg timestamp="20220711 15:52:36.562" level="INFO">Opening browser 'chrome' to base url 'https://www.google.com/'.</msg>
<status status="PASS" starttime="20220711 15:52:36.562" endtime="20220711 15:52:38.788"/>
</kw>
<kw name="Maximize Browser Window" library="SeleniumLibrary">
<doc>Maximizes current browser window.</doc>
<status status="PASS" starttime="20220711 15:52:38.788" endtime="20220711 15:52:38.921"/>
</kw>
<status status="PASS" starttime="20220711 15:52:36.561" endtime="20220711 15:52:38.921"/>
</kw>
<kw name="Acessar o ambiente &quot;https://guarulhoshomolog.gier.com.br/&quot;" library="CT01-Login" sourcename="Acessar o ambiente &quot;${url}&quot;">
<kw name="Go To" library="SeleniumLibrary">
<arg>${url}</arg>
<doc>Navigates the active browser instance to the provided ``url``.</doc>
<msg timestamp="20220711 15:52:38.922" level="INFO">Opening url 'https://guarulhoshomolog.gier.com.br/'</msg>
<status status="PASS" starttime="20220711 15:52:38.922" endtime="20220711 15:52:40.913"/>
</kw>
<status status="PASS" starttime="20220711 15:52:38.922" endtime="20220711 15:52:40.913"/>
</kw>
<kw name="Entrar com as credenciais &quot;02867439817&quot; e &quot;12345678&quot;" library="CT01-Login" sourcename="Entrar com as credenciais &quot;${login}&quot; e &quot;${senha}&quot;">
<kw name="Wait Until Element Is Visible" library="SeleniumLibrary">
<arg>${tituloLogin}</arg>
<arg>timeout=30</arg>
<doc>Waits until element ``locator`` is visible.</doc>
<status status="PASS" starttime="20220711 15:52:40.914" endtime="20220711 15:52:40.945"/>
</kw>
<kw name="Input Text" library="SeleniumLibrary">
<arg>${campoLogin}</arg>
<arg>${login}</arg>
<doc>Types the given ``text`` into text field identified by ``locator``.</doc>
<msg timestamp="20220711 15:52:40.945" level="INFO">Typing text '02867439817' into text field 'txtLogin'.</msg>
<status status="PASS" starttime="20220711 15:52:40.945" endtime="20220711 15:52:41.036"/>
</kw>
<kw name="Input Text" library="SeleniumLibrary">
<arg>${campoSenha}</arg>
<arg>${senha}</arg>
<doc>Types the given ``text`` into text field identified by ``locator``.</doc>
<msg timestamp="20220711 15:52:41.036" level="INFO">Typing text '12345678' into text field 'txtSenha1'.</msg>
<status status="PASS" starttime="20220711 15:52:41.036" endtime="20220711 15:52:41.140"/>
</kw>
<kw name="Click Button" library="SeleniumLibrary">
<arg>${botaoLogin}</arg>
<doc>Clicks button identified by ``locator``.</doc>
<msg timestamp="20220711 15:52:41.141" level="INFO">Clicking button 'btnAcessar'.</msg>
<status status="PASS" starttime="20220711 15:52:41.141" endtime="20220711 15:52:43.303"/>
</kw>
<status status="PASS" starttime="20220711 15:52:40.913" endtime="20220711 15:52:43.303"/>
</kw>
<kw name="Verificar se aparece o texto &quot;Estrutura&quot;" library="1-Principal" sourcename="Verificar se aparece o texto &quot;${texto}&quot;">
<kw name="Wait Until Page Contains" library="SeleniumLibrary">
<arg>${texto}</arg>
<arg>20</arg>
<doc>Waits until ``text`` appears on current page.</doc>
<status status="PASS" starttime="20220711 15:52:43.304" endtime="20220711 15:52:43.325"/>
</kw>
<status status="PASS" starttime="20220711 15:52:43.304" endtime="20220711 15:52:43.325"/>
</kw>
<kw name="Pesquisar &quot;VOLPI&quot; e selecionar o primeiro resultado" library="CT02-SelecaodeEstrutura" sourcename="Pesquisar &quot;${pesquisaEstrutura}&quot; e selecionar o primeiro resultado">
<kw name="Input Text" library="SeleniumLibrary">
<arg>${campoPesquisaEstrutura}</arg>
<arg>${pesquisaEstrutura}</arg>
<doc>Types the given ``text`` into text field identified by ``locator``.</doc>
<msg timestamp="20220711 15:52:43.327" level="INFO">Typing text 'VOLPI' into text field '//input[contains(@class,'textBuscaEstrutura')]'.</msg>
<status status="PASS" starttime="20220711 15:52:43.326" endtime="20220711 15:52:43.428"/>
</kw>
<kw name="Click Element" library="SeleniumLibrary">
<arg>${primeiroResultadoEstrutura}</arg>
<doc>Click element identified by ``locator``.</doc>
<msg timestamp="20220711 15:52:43.428" level="INFO">Clicking element '//html[1]/body[1]/form[1]/div[3]/div[1]/div[1]/div[3]/div[1]/div[2]/div[2]/table[1]/tbody[1]/tr[1]/td[1]'.</msg>
<status status="PASS" starttime="20220711 15:52:43.428" endtime="20220711 15:52:49.984"/>
</kw>
<status status="PASS" starttime="20220711 15:52:43.326" endtime="20220711 15:52:49.984"/>
</kw>
<kw name="Verificar se aparece o texto &quot;Operação&quot;" library="1-Principal" sourcename="Verificar se aparece o texto &quot;${texto}&quot;">
<kw name="Wait Until Page Contains" library="SeleniumLibrary">
<arg>${texto}</arg>
<arg>20</arg>
<doc>Waits until ``text`` appears on current page.</doc>
<status status="PASS" starttime="20220711 15:52:49.988" endtime="20220711 15:52:50.013"/>
</kw>
<status status="PASS" starttime="20220711 15:52:49.986" endtime="20220711 15:52:50.013"/>
</kw>
<kw name="Entrar no módulo &quot;Gestão Escolar&quot;" library="1-Principal" sourcename="Entrar no módulo &quot;${nomeModulo}&quot;">
<kw name="Execute Javascript" library="SeleniumLibrary">
<arg>xPathResult = document.evaluate("//span[contains(.,'${nomeModulo}')]", document, null, XPathResult.FIRST_ORDERED_NODE_TYPE, null);</arg>
<doc>Executes the given JavaScript code with possible arguments.</doc>
<msg timestamp="20220711 15:52:50.015" level="INFO">Executing JavaScript:
xPathResult = document.evaluate("//span[contains(.,'Gestão Escolar')]", document, null, XPathResult.FIRST_ORDERED_NODE_TYPE, null);
Without any arguments.</msg>
<status status="PASS" starttime="20220711 15:52:50.015" endtime="20220711 15:52:50.023"/>
</kw>
<kw name="Execute Javascript" library="SeleniumLibrary">
<arg>xPathResult.singleNodeValue.click()</arg>
<doc>Executes the given JavaScript code with possible arguments.</doc>
<msg timestamp="20220711 15:52:50.025" level="INFO">Executing JavaScript:
xPathResult.singleNodeValue.click()
Without any arguments.</msg>
<status status="PASS" starttime="20220711 15:52:50.024" endtime="20220711 15:52:50.040"/>
</kw>
<status status="PASS" starttime="20220711 15:52:50.014" endtime="20220711 15:52:50.041"/>
</kw>
<kw name="Entrar na funcionalidade &quot;Turmas&quot;" library="1-Principal" sourcename="Entrar na funcionalidade &quot;${funcionalidade}&quot;">
<kw name="Execute Javascript" library="SeleniumLibrary">
<arg>xPathResult = document.evaluate("//span[contains(@title,'${funcionalidade}')]", document, null, XPathResult.FIRST_ORDERED_NODE_TYPE, null);</arg>
<doc>Executes the given JavaScript code with possible arguments.</doc>
<msg timestamp="20220711 15:52:50.044" level="INFO">Executing JavaScript:
xPathResult = document.evaluate("//span[contains(@title,'Turmas')]", document, null, XPathResult.FIRST_ORDERED_NODE_TYPE, null);
Without any arguments.</msg>
<status status="PASS" starttime="20220711 15:52:50.042" endtime="20220711 15:52:50.880"/>
</kw>
<kw name="Execute Javascript" library="SeleniumLibrary">
<arg>xPathResult.singleNodeValue.click()</arg>
<doc>Executes the given JavaScript code with possible arguments.</doc>
<msg timestamp="20220711 15:52:50.881" level="INFO">Executing JavaScript:
xPathResult.singleNodeValue.click()
Without any arguments.</msg>
<status status="PASS" starttime="20220711 15:52:50.880" endtime="20220711 15:52:50.892"/>
</kw>
<status status="PASS" starttime="20220711 15:52:50.042" endtime="20220711 15:52:50.892"/>
</kw>
<kw name="Na consulta de turma, em Etapa/Modalidade, selecionar &quot;ENSINO FUNDAMENTAL&quot;" library="CT06-ConsultaDeTurma" sourcename="Na consulta de turma, em Etapa/Modalidade, selecionar &quot;${etapaModalide}&quot;">
<kw name="Set Suite Variable" library="BuiltIn">
<arg>${etapaModalide}</arg>
<doc>Makes a variable available everywhere within the scope of the current suite.</doc>
<msg timestamp="20220711 15:52:50.894" level="INFO">${etapaModalide} = ENSINO FUNDAMENTAL</msg>
<status status="PASS" starttime="20220711 15:52:50.894" endtime="20220711 15:52:50.894"/>
</kw>
<kw name="Run Keyword If" library="BuiltIn">
<arg>'${etapaModalide}' == 'EDUCAÇÃO INFANTIL'</arg>
<arg>Execute JavaScript</arg>
<arg>$('#${campoEtapaModalidadeTurma}').val("1").trigger('chosen:updated');</arg>
<doc>Runs the given keyword with the given arguments, if ``condition`` is true.</doc>
<status status="PASS" starttime="20220711 15:52:50.894" endtime="20220711 15:52:50.894"/>
</kw>
<kw name="Run Keyword If" library="BuiltIn">
<arg>'${etapaModalide}' == 'ENSINO FUNDAMENTAL'</arg>
<arg>Execute JavaScript</arg>
<arg>$('#${campoEtapaModalidadeTurma}').val("4").trigger('chosen:updated');</arg>
<doc>Runs the given keyword with the given arguments, if ``condition`` is true.</doc>
<kw name="Execute Javascript" library="SeleniumLibrary">
<arg>$('#${campoEtapaModalidadeTurma}').val("4").trigger('chosen:updated');</arg>
<doc>Executes the given JavaScript code with possible arguments.</doc>
<msg timestamp="20220711 15:52:50.897" level="INFO">Executing JavaScript:
$('#cphContent_ddlTipoEnsino').val("4").trigger('chosen:updated');
Without any arguments.</msg>
<status status="PASS" starttime="20220711 15:52:50.897" endtime="20220711 15:52:51.834"/>
</kw>
<status status="PASS" starttime="20220711 15:52:50.896" endtime="20220711 15:52:51.834"/>
</kw>
<kw name="Run Keyword If" library="BuiltIn">
<arg>'${etapaModalide}' == 'EDUCAÇÃO DE JOVENS E ADULTOS 1º SEMESTRE'</arg>
<arg>Execute JavaScript</arg>
<arg>$('#${campoEtapaModalidadeTurma}').val("5").trigger('chosen:updated');</arg>
<doc>Runs the given keyword with the given arguments, if ``condition`` is true.</doc>
<status status="PASS" starttime="20220711 15:52:51.834" endtime="20220711 15:52:51.835"/>
</kw>
<kw name="Execute Javascript" library="SeleniumLibrary">
<arg>$('#${campoEtapaModalidadeTurma}').trigger('change');</arg>
<doc>Executes the given JavaScript code with possible arguments.</doc>
<msg timestamp="20220711 15:52:51.836" level="INFO">Executing JavaScript:
$('#cphContent_ddlTipoEnsino').trigger('change');
Without any arguments.</msg>
<status status="PASS" starttime="20220711 15:52:51.835" endtime="20220711 15:52:51.846"/>
</kw>
<kw name="Sleep" library="BuiltIn">
<arg>3</arg>
<doc>Pauses the test executed for the given time.</doc>
<msg timestamp="20220711 15:52:54.851" level="INFO">Slept 3 seconds</msg>
<status status="PASS" starttime="20220711 15:52:51.846" endtime="20220711 15:52:54.851"/>
</kw>
<status status="PASS" starttime="20220711 15:52:50.893" endtime="20220711 15:52:54.851"/>
</kw>
<kw name="Na consulta de turma, em Curso, selecionar &quot;CICLO II&quot;" library="CT06-ConsultaDeTurma" sourcename="Na consulta de turma, em Curso, selecionar &quot;${curso}&quot;">
<kw name="Run Keyword If" library="BuiltIn">
<arg>'${curso}' == 'CRECHE'</arg>
<arg>Execute JavaScript</arg>
<arg>$('#${campoCursoTurma}').val("1").trigger('chosen:updated');</arg>
<doc>Runs the given keyword with the given arguments, if ``condition`` is true.</doc>
<status status="PASS" starttime="20220711 15:52:54.852" endtime="20220711 15:52:54.852"/>
</kw>
<kw name="Run Keyword If" library="BuiltIn">
<arg>'${curso}' == 'PRÉ-ESCOLA'</arg>
<arg>Execute JavaScript</arg>
<arg>$('#${campoCursoTurma}').val("3").trigger('chosen:updated');</arg>
<doc>Runs the given keyword with the given arguments, if ``condition`` is true.</doc>
<status status="PASS" starttime="20220711 15:52:54.852" endtime="20220711 15:52:54.854"/>
</kw>
<kw name="Run Keyword If" library="BuiltIn">
<arg>'${curso}' == 'CICLO I' and '${etapaModalide}' == 'ENSINO FUNDAMENTAL'</arg>
<arg>Execute JavaScript</arg>
<arg>$('#${campoCursoTurma}').val("2").trigger('chosen:updated');</arg>
<doc>Runs the given keyword with the given arguments, if ``condition`` is true.</doc>
<status status="PASS" starttime="20220711 15:52:54.854" endtime="20220711 15:52:54.854"/>
</kw>
<kw name="Run Keyword If" library="BuiltIn">
<arg>'${curso}' == 'CICLO II' and '${etapaModalide}' == 'ENSINO FUNDAMENTAL'</arg>
<arg>Execute JavaScript</arg>
<arg>$('#${campoCursoTurma}').val("4").trigger('chosen:updated');</arg>
<doc>Runs the given keyword with the given arguments, if ``condition`` is true.</doc>
<kw name="Execute Javascript" library="SeleniumLibrary">
<arg>$('#${campoCursoTurma}').val("4").trigger('chosen:updated');</arg>
<doc>Executes the given JavaScript code with possible arguments.</doc>
<msg timestamp="20220711 15:52:54.856" level="INFO">Executing JavaScript:
$('#cphContent_ddlCurso').val("4").trigger('chosen:updated');
Without any arguments.</msg>
<status status="PASS" starttime="20220711 15:52:54.855" endtime="20220711 15:52:54.865"/>
</kw>
<status status="PASS" starttime="20220711 15:52:54.855" endtime="20220711 15:52:54.865"/>
</kw>
<kw name="Run Keyword If" library="BuiltIn">
<arg>'${curso}' == 'CICLO I' and '${etapaModalide}' == 'EDUCAÇÃO DE JOVENS E ADULTOS 1º SEMESTRE'</arg>
<arg>Execute JavaScript</arg>
<arg>$('#${campoCursoTurma}').val("5").trigger('chosen:updated');</arg>
<doc>Runs the given keyword with the given arguments, if ``condition`` is true.</doc>
<status status="PASS" starttime="20220711 15:52:54.865" endtime="20220711 15:52:54.865"/>
</kw>
<kw name="Run Keyword If" library="BuiltIn">
<arg>'${curso}' == 'CICLO II' and '${etapaModalide}' == 'EDUCAÇÃO DE JOVENS E ADULTOS 1º SEMESTRE'</arg>
<arg>Execute JavaScript</arg>
<arg>$('#${campoCursoTurma}').val("6").trigger('chosen:updated');</arg>
<doc>Runs the given keyword with the given arguments, if ``condition`` is true.</doc>
<status status="PASS" starttime="20220711 15:52:54.866" endtime="20220711 15:52:54.867"/>
</kw>
<kw name="Execute Javascript" library="SeleniumLibrary">
<arg>$('#${campoCursoTurma}').trigger('change');</arg>
<doc>Executes the given JavaScript code with possible arguments.</doc>
<msg timestamp="20220711 15:52:54.868" level="INFO">Executing JavaScript:
$('#cphContent_ddlCurso').trigger('change');
Without any arguments.</msg>
<status status="PASS" starttime="20220711 15:52:54.867" endtime="20220711 15:52:54.875"/>
</kw>
<kw name="Sleep" library="BuiltIn">
<arg>3</arg>
<doc>Pauses the test executed for the given time.</doc>
<msg timestamp="20220711 15:52:57.877" level="INFO">Slept 3 seconds</msg>
<status status="PASS" starttime="20220711 15:52:54.875" endtime="20220711 15:52:57.877"/>
</kw>
<status status="PASS" starttime="20220711 15:52:54.852" endtime="20220711 15:52:57.878"/>
</kw>
<kw name="Na consulta de turma, em Período, selecionar &quot;MANHÃ&quot;" library="CT06-ConsultaDeTurma" sourcename="Na consulta de turma, em Período, selecionar &quot;${periodo}&quot;">
<kw name="Run Keyword If" library="BuiltIn">
<arg>'${periodo}' == 'MISTO'</arg>
<arg>Execute JavaScript</arg>
<arg>$('#${campoPeriodoTurma}').val("15347|MISTO").trigger('chosen:updated');</arg>
<doc>Runs the given keyword with the given arguments, if ``condition`` is true.</doc>
<status status="PASS" starttime="20220711 15:52:57.880" endtime="20220711 15:52:57.880"/>
</kw>
<kw name="Run Keyword If" library="BuiltIn">
<arg>'${periodo}' == 'MANHÃ'</arg>
<arg>Execute JavaScript</arg>
<arg>$('#${campoPeriodoTurma}').val("15219|M").trigger('chosen:updated');</arg>
<doc>Runs the given keyword with the given arguments, if ``condition`` is true.</doc>
<kw name="Execute Javascript" library="SeleniumLibrary">
<arg>$('#${campoPeriodoTurma}').val("15219|M").trigger('chosen:updated');</arg>
<doc>Executes the given JavaScript code with possible arguments.</doc>
<msg timestamp="20220711 15:52:57.882" level="INFO">Executing JavaScript:
$('#cphContent_ddlPeriodo').val("15219|M").trigger('chosen:updated');
Without any arguments.</msg>
<status status="PASS" starttime="20220711 15:52:57.881" endtime="20220711 15:52:57.896"/>
</kw>
<status status="PASS" starttime="20220711 15:52:57.881" endtime="20220711 15:52:57.896"/>
</kw>
<kw name="Run Keyword If" library="BuiltIn">
<arg>'${periodo}' == 'TARDE'</arg>
<arg>Execute JavaScript</arg>
<arg>$('#${campoPeriodoTurma}').val("15220|T").trigger('chosen:updated');</arg>
<doc>Runs the given keyword with the given arguments, if ``condition`` is true.</doc>
<status status="PASS" starttime="20220711 15:52:57.896" endtime="20220711 15:52:57.897"/>
</kw>
<kw name="Run Keyword If" library="BuiltIn">
<arg>'${periodo}' == 'NOITE'</arg>
<arg>Execute JavaScript</arg>
<arg>$('#${campoPeriodoTurma}').val("15221|N").trigger('chosen:updated');</arg>
<doc>Runs the given keyword with the given arguments, if ``condition`` is true.</doc>
<status status="PASS" starttime="20220711 15:52:57.897" endtime="20220711 15:52:57.897"/>
</kw>
<status status="PASS" starttime="20220711 15:52:57.879" endtime="20220711 15:52:57.897"/>
</kw>
<kw name="Na consulta de turma, em Ciclo, selecionar &quot;5° ANO&quot;" library="CT06-ConsultaDeTurma" sourcename="Na consulta de turma, em Ciclo, selecionar &quot;${ciclo}&quot;">
<kw name="Run Keyword If" library="BuiltIn">
<arg>'${ciclo}' == 'ESTÁGIO I'</arg>
<arg>Execute JavaScript</arg>
<arg>$('#${campoCicloTurma}').val("6|EI").trigger('chosen:updated');</arg>
<doc>Runs the given keyword with the given arguments, if ``condition`` is true.</doc>
<status status="PASS" starttime="20220711 15:52:57.898" endtime="20220711 15:52:57.898"/>
</kw>
<kw name="Run Keyword If" library="BuiltIn">
<arg>'${ciclo}' == 'ESTÁGIO II'</arg>
<arg>Execute JavaScript</arg>
<arg>$('#${campoCicloTurma}').val("7|EII").trigger('chosen:updated');</arg>
<doc>Runs the given keyword with the given arguments, if ``condition`` is true.</doc>
<status status="PASS" starttime="20220711 15:52:57.899" endtime="20220711 15:52:57.899"/>
</kw>
<kw name="Run Keyword If" library="BuiltIn">
<arg>'${ciclo}' == '4° ANO'</arg>
<arg>Execute JavaScript</arg>
<arg>$('#${campoCicloTurma}').val("14|4º").trigger('chosen:updated');</arg>
<doc>Runs the given keyword with the given arguments, if ``condition`` is true.</doc>
<status status="PASS" starttime="20220711 15:52:57.899" endtime="20220711 15:52:57.899"/>
</kw>
<kw name="Run Keyword If" library="BuiltIn">
<arg>'${ciclo}' == '5° ANO'</arg>
<arg>Execute JavaScript</arg>
<arg>$('#${campoCicloTurma}').val("15|5º").trigger('chosen:updated');</arg>
<doc>Runs the given keyword with the given arguments, if ``condition`` is true.</doc>
<kw name="Execute Javascript" library="SeleniumLibrary">
<arg>$('#${campoCicloTurma}').val("15|5º").trigger('chosen:updated');</arg>
<doc>Executes the given JavaScript code with possible arguments.</doc>
<msg timestamp="20220711 15:52:57.901" level="INFO">Executing JavaScript:
$('#cphContent_ddlCiclo').val("15|5º").trigger('chosen:updated');
Without any arguments.</msg>
<status status="PASS" starttime="20220711 15:52:57.899" endtime="20220711 15:52:57.912"/>
</kw>
<status status="PASS" starttime="20220711 15:52:57.899" endtime="20220711 15:52:57.912"/>
</kw>
<kw name="Run Keyword If" library="BuiltIn">
<arg>'${ciclo}' == 'SEMESTRE 3'</arg>
<arg>Execute JavaScript</arg>
<arg>$('#${campoCicloTurma}').val("43|S3").trigger('chosen:updated');</arg>
<doc>Runs the given keyword with the given arguments, if ``condition`` is true.</doc>
<status status="PASS" starttime="20220711 15:52:57.912" endtime="20220711 15:52:57.913"/>
</kw>
<kw name="Run Keyword If" library="BuiltIn">
<arg>'${ciclo}' == 'SEMESTRE 4'</arg>
<arg>Execute JavaScript</arg>
<arg>$('#${campoCicloTurma}').val("44|S4").trigger('chosen:updated');</arg>
<doc>Runs the given keyword with the given arguments, if ``condition`` is true.</doc>
<status status="PASS" starttime="20220711 15:52:57.913" endtime="20220711 15:52:57.913"/>
</kw>
<status status="PASS" starttime="20220711 15:52:57.898" endtime="20220711 15:52:57.913"/>
</kw>
<kw name="Clicar em Pesquisar" library="1-Principal">
<kw name="Execute Javascript" library="SeleniumLibrary">
<arg>document.getElementById("${botaoPesquisar}").click();</arg>
<doc>Executes the given JavaScript code with possible arguments.</doc>
<msg timestamp="20220711 15:52:57.915" level="INFO">Executing JavaScript:
document.getElementById("cphContent_btnPesquisar").click();
Without any arguments.</msg>
<status status="PASS" starttime="20220711 15:52:57.915" endtime="20220711 15:52:57.927"/>
</kw>
<status status="PASS" starttime="20220711 15:52:57.914" endtime="20220711 15:52:57.927"/>
</kw>
<kw name="Verificar se aparece o texto &quot;Resultado da Busca&quot;" library="1-Principal" sourcename="Verificar se aparece o texto &quot;${texto}&quot;">
<kw name="Wait Until Page Contains" library="SeleniumLibrary">
<arg>${texto}</arg>
<arg>20</arg>
<doc>Waits until ``text`` appears on current page.</doc>
<status status="PASS" starttime="20220711 15:52:57.929" endtime="20220711 15:52:58.446"/>
</kw>
<status status="PASS" starttime="20220711 15:52:57.928" endtime="20220711 15:52:58.447"/>
</kw>
<kw name="Fechar o navegador" library="1-Principal" type="TEARDOWN">
<kw name="Capture Page Screenshot" library="SeleniumLibrary">
<doc>Takes screenshot of the current page and embeds it into log file.</doc>
<msg timestamp="20220711 15:52:58.584" level="INFO" html="true">&lt;/td&gt;&lt;/tr&gt;&lt;tr&gt;&lt;td colspan="3"&gt;&lt;a href="selenium-screenshot-6.png"&gt;&lt;img src="selenium-screenshot-6.png" width="800px"&gt;&lt;/a&gt;</msg>
<status status="PASS" starttime="20220711 15:52:58.450" endtime="20220711 15:52:58.584"/>
</kw>
<kw name="Close Browser" library="SeleniumLibrary">
<doc>Closes the current browser.</doc>
<status status="PASS" starttime="20220711 15:52:58.586" endtime="20220711 15:53:00.800"/>
</kw>
<status status="PASS" starttime="20220711 15:52:58.448" endtime="20220711 15:53:00.800"/>
</kw>
<doc>Esse teste verifica se é possível efetuar a
consulta de uma turma</doc>
<tag>Consulta de Turma | Fluxo Positivo</tag>
<status status="PASS" starttime="20220711 15:52:36.560" endtime="20220711 15:53:00.801"/>
</test>
<status status="PASS" starttime="20220711 15:52:36.158" endtime="20220711 15:53:00.803"/>
</suite>
<statistics>
<total>
<stat pass="1" fail="0" skip="0">All Tests</stat>
</total>
<tag>
<stat pass="1" fail="0" skip="0">Consulta de Turma | Fluxo Positivo</stat>
</tag>
<suite>
<stat pass="1" fail="0" skip="0" id="s1" name="TesteDeVersaoPositivo">TesteDeVersaoPositivo</stat>
</suite>
</statistics>
<errors>
</errors>
</robot>
