<?xml version="1.0" encoding="UTF-8"?>
<robot generator="Robot 5.0 (Python 3.10.3 on win32)" generated="20220721 13:52:14.981" rpa="false" schemaversion="3">
<suite id="s1" name="TesteDeVersaoPositivo" source="C:\Users\rogerio.santos\Desktop\Automação\Gier-TesteDeVersão-Web\3-TestesFluxoBasico\TesteDeVersaoPositivo.robot">
<test id="s1-t1" name="Cenário 10C: Funcionalidade Ata De Conselho Final - EJA" line="859">
<kw name="Abrir o navegador" library="1-Principal" type="SETUP">
<kw name="Open Browser" library="SeleniumLibrary">
<arg>url=https://www.google.com/</arg>
<arg>browser=chrome</arg>
<doc>Opens a new browser instance to the given ``url``.</doc>
<msg timestamp="20220721 13:52:15.464" level="INFO">Opening browser 'chrome' to base url 'https://www.google.com/'.</msg>
<status status="PASS" starttime="20220721 13:52:15.464" endtime="20220721 13:52:17.504"/>
</kw>
<kw name="Maximize Browser Window" library="SeleniumLibrary">
<doc>Maximizes current browser window.</doc>
<status status="PASS" starttime="20220721 13:52:17.504" endtime="20220721 13:52:17.625"/>
</kw>
<status status="PASS" starttime="20220721 13:52:15.464" endtime="20220721 13:52:17.625"/>
</kw>
<kw name="Acessar o ambiente &quot;https://guarulhoshomolog.gier.com.br/&quot;" library="CT01-Login" sourcename="Acessar o ambiente &quot;${url}&quot;">
<kw name="Go To" library="SeleniumLibrary">
<arg>${url}</arg>
<doc>Navigates the active browser instance to the provided ``url``.</doc>
<msg timestamp="20220721 13:52:17.626" level="INFO">Opening url 'https://guarulhoshomolog.gier.com.br/'</msg>
<status status="PASS" starttime="20220721 13:52:17.626" endtime="20220721 13:52:19.298"/>
</kw>
<status status="PASS" starttime="20220721 13:52:17.626" endtime="20220721 13:52:19.298"/>
</kw>
<kw name="Entrar com as credenciais &quot;02867439817&quot; e &quot;12345678&quot;" library="CT01-Login" sourcename="Entrar com as credenciais &quot;${login}&quot; e &quot;${senha}&quot;">
<kw name="Wait Until Element Is Visible" library="SeleniumLibrary">
<arg>${tituloLogin}</arg>
<arg>timeout=30</arg>
<doc>Waits until element ``locator`` is visible.</doc>
<status status="PASS" starttime="20220721 13:52:19.299" endtime="20220721 13:52:19.325"/>
</kw>
<kw name="Input Text" library="SeleniumLibrary">
<arg>${campoLogin}</arg>
<arg>${login}</arg>
<doc>Types the given ``text`` into text field identified by ``locator``.</doc>
<msg timestamp="20220721 13:52:19.326" level="INFO">Typing text '02867439817' into text field 'txtLogin'.</msg>
<status status="PASS" starttime="20220721 13:52:19.326" endtime="20220721 13:52:19.393"/>
</kw>
<kw name="Input Text" library="SeleniumLibrary">
<arg>${campoSenha}</arg>
<arg>${senha}</arg>
<doc>Types the given ``text`` into text field identified by ``locator``.</doc>
<msg timestamp="20220721 13:52:19.393" level="INFO">Typing text '12345678' into text field 'txtSenha1'.</msg>
<status status="PASS" starttime="20220721 13:52:19.393" endtime="20220721 13:52:19.465"/>
</kw>
<kw name="Click Button" library="SeleniumLibrary">
<arg>${botaoLogin}</arg>
<doc>Clicks button identified by ``locator``.</doc>
<msg timestamp="20220721 13:52:19.465" level="INFO">Clicking button 'btnAcessar'.</msg>
<status status="PASS" starttime="20220721 13:52:19.465" endtime="20220721 13:52:21.473"/>
</kw>
<status status="PASS" starttime="20220721 13:52:19.299" endtime="20220721 13:52:21.473"/>
</kw>
<kw name="Verificar se aparece o texto &quot;Estrutura&quot;" library="1-Principal" sourcename="Verificar se aparece o texto &quot;${texto}&quot;">
<kw name="Wait Until Page Contains" library="SeleniumLibrary">
<arg>${texto}</arg>
<arg>20</arg>
<doc>Waits until ``text`` appears on current page.</doc>
<status status="PASS" starttime="20220721 13:52:21.474" endtime="20220721 13:52:21.490"/>
</kw>
<kw name="Sleep" library="BuiltIn">
<arg>1</arg>
<doc>Pauses the test executed for the given time.</doc>
<msg timestamp="20220721 13:52:22.491" level="INFO">Slept 1 second</msg>
<status status="PASS" starttime="20220721 13:52:21.490" endtime="20220721 13:52:22.491"/>
</kw>
<status status="PASS" starttime="20220721 13:52:21.474" endtime="20220721 13:52:22.491"/>
</kw>
<kw name="Pesquisar &quot;CRISPINIANO&quot; e selecionar o primeiro resultado" library="CT02-SelecaodeEstrutura" sourcename="Pesquisar &quot;${pesquisaEstrutura}&quot; e selecionar o primeiro resultado">
<kw name="Input Text" library="SeleniumLibrary">
<arg>${campoPesquisaEstrutura}</arg>
<arg>${pesquisaEstrutura}</arg>
<doc>Types the given ``text`` into text field identified by ``locator``.</doc>
<msg timestamp="20220721 13:52:22.494" level="INFO">Typing text 'CRISPINIANO' into text field '//input[contains(@class,'textBuscaEstrutura')]'.</msg>
<status status="PASS" starttime="20220721 13:52:22.491" endtime="20220721 13:52:22.601"/>
</kw>
<kw name="Click Element" library="SeleniumLibrary">
<arg>${primeiroResultadoEstrutura}</arg>
<doc>Click element identified by ``locator``.</doc>
<msg timestamp="20220721 13:52:22.602" level="INFO">Clicking element '//html[1]/body[1]/form[1]/div[3]/div[1]/div[1]/div[3]/div[1]/div[2]/div[2]/table[1]/tbody[1]/tr[1]/td[1]'.</msg>
<status status="PASS" starttime="20220721 13:52:22.602" endtime="20220721 13:52:22.637"/>
</kw>
<status status="PASS" starttime="20220721 13:52:22.491" endtime="20220721 13:52:22.638"/>
</kw>
<kw name="Verificar se aparece o texto &quot;Operação&quot;" library="1-Principal" sourcename="Verificar se aparece o texto &quot;${texto}&quot;">
<kw name="Wait Until Page Contains" library="SeleniumLibrary">
<arg>${texto}</arg>
<arg>20</arg>
<doc>Waits until ``text`` appears on current page.</doc>
<status status="PASS" starttime="20220721 13:52:22.639" endtime="20220721 13:52:28.100"/>
</kw>
<kw name="Sleep" library="BuiltIn">
<arg>1</arg>
<doc>Pauses the test executed for the given time.</doc>
<msg timestamp="20220721 13:52:29.112" level="INFO">Slept 1 second</msg>
<status status="PASS" starttime="20220721 13:52:28.101" endtime="20220721 13:52:29.112"/>
</kw>
<status status="PASS" starttime="20220721 13:52:22.638" endtime="20220721 13:52:29.112"/>
</kw>
<kw name="Entrar no módulo &quot;Pedagógico&quot;" library="1-Principal" sourcename="Entrar no módulo &quot;${nomeModulo}&quot;">
<kw name="Execute Javascript" library="SeleniumLibrary">
<arg>xPathResult = document.evaluate("//span[contains(.,'${nomeModulo}')]", document, null, XPathResult.FIRST_ORDERED_NODE_TYPE, null);</arg>
<doc>Executes the given JavaScript code with possible arguments.</doc>
<msg timestamp="20220721 13:52:29.116" level="INFO">Executing JavaScript:
xPathResult = document.evaluate("//span[contains(.,'Pedagógico')]", document, null, XPathResult.FIRST_ORDERED_NODE_TYPE, null);
Without any arguments.</msg>
<status status="PASS" starttime="20220721 13:52:29.115" endtime="20220721 13:52:29.117"/>
</kw>
<kw name="Execute Javascript" library="SeleniumLibrary">
<arg>xPathResult.singleNodeValue.click()</arg>
<doc>Executes the given JavaScript code with possible arguments.</doc>
<msg timestamp="20220721 13:52:29.117" level="INFO">Executing JavaScript:
xPathResult.singleNodeValue.click()
Without any arguments.</msg>
<status status="PASS" starttime="20220721 13:52:29.117" endtime="20220721 13:52:29.145"/>
</kw>
<status status="PASS" starttime="20220721 13:52:29.112" endtime="20220721 13:52:29.146"/>
</kw>
<kw name="Entrar na funcionalidade &quot;Ata de Conselho Final - Turma&quot;" library="1-Principal" sourcename="Entrar na funcionalidade &quot;${funcionalidade}&quot;">
<kw name="Execute Javascript" library="SeleniumLibrary">
<arg>xPathResult = document.evaluate("//span[contains(@title,'${funcionalidade}')]", document, null, XPathResult.FIRST_ORDERED_NODE_TYPE, null);</arg>
<doc>Executes the given JavaScript code with possible arguments.</doc>
<msg timestamp="20220721 13:52:29.147" level="INFO">Executing JavaScript:
xPathResult = document.evaluate("//span[contains(@title,'Ata de Conselho Final - Turma')]", document, null, XPathResult.FIRST_ORDERED_NODE_TYPE, null);
Without any arguments.</msg>
<status status="PASS" starttime="20220721 13:52:29.147" endtime="20220721 13:52:30.591"/>
</kw>
<kw name="Execute Javascript" library="SeleniumLibrary">
<arg>xPathResult.singleNodeValue.click()</arg>
<doc>Executes the given JavaScript code with possible arguments.</doc>
<msg timestamp="20220721 13:52:30.594" level="INFO">Executing JavaScript:
xPathResult.singleNodeValue.click()
Without any arguments.</msg>
<status status="PASS" starttime="20220721 13:52:30.593" endtime="20220721 13:52:30.602"/>
</kw>
<status status="PASS" starttime="20220721 13:52:29.146" endtime="20220721 13:52:30.602"/>
</kw>
<kw name="Na tela de Ata de Conselho, em Etapa/Modalidade, selecionar &quot;EDUCAÇÃO DE JOVENS E ADULTOS 1º SEMESTRE&quot;" library="CT10-HistoricoEscolar" sourcename="Na tela de Ata de Conselho, em Etapa/Modalidade, selecionar &quot;${etapaModalidade}&quot;">
<kw name="Run Keyword If" library="BuiltIn">
<arg>'${etapaModalidade}' == 'EDUCAÇÃO INFANTIL'</arg>
<arg>Execute JavaScript</arg>
<arg>$('#${campoEtapaModalidadeAta}').val("1").trigger('chosen:updated');</arg>
<doc>Runs the given keyword with the given arguments, if ``condition`` is true.</doc>
<status status="PASS" starttime="20220721 13:52:30.604" endtime="20220721 13:52:30.604"/>
</kw>
<kw name="Run Keyword If" library="BuiltIn">
<arg>'${etapaModalidade}' == 'ENSINO FUNDAMENTAL'</arg>
<arg>Execute JavaScript</arg>
<arg>$('#${campoEtapaModalidadeAta}').val("4").trigger('chosen:updated');</arg>
<doc>Runs the given keyword with the given arguments, if ``condition`` is true.</doc>
<status status="PASS" starttime="20220721 13:52:30.604" endtime="20220721 13:52:30.604"/>
</kw>
<kw name="Run Keyword If" library="BuiltIn">
<arg>'${etapaModalidade}' == 'EDUCAÇÃO DE JOVENS E ADULTOS 1º SEMESTRE'</arg>
<arg>Execute JavaScript</arg>
<arg>$('#${campoEtapaModalidadeAta}').val("5").trigger('chosen:updated');</arg>
<doc>Runs the given keyword with the given arguments, if ``condition`` is true.</doc>
<kw name="Execute Javascript" library="SeleniumLibrary">
<arg>$('#${campoEtapaModalidadeAta}').val("5").trigger('chosen:updated');</arg>
<doc>Executes the given JavaScript code with possible arguments.</doc>
<msg timestamp="20220721 13:52:30.606" level="INFO">Executing JavaScript:
$('#cphContent_ddlEtapaModalidade').val("5").trigger('chosen:updated');
Without any arguments.</msg>
<status status="PASS" starttime="20220721 13:52:30.605" endtime="20220721 13:52:31.481"/>
</kw>
<status status="PASS" starttime="20220721 13:52:30.604" endtime="20220721 13:52:31.481"/>
</kw>
<kw name="Execute Javascript" library="SeleniumLibrary">
<arg>$('#${campoEtapaModalidadeAta}').trigger('change');</arg>
<doc>Executes the given JavaScript code with possible arguments.</doc>
<msg timestamp="20220721 13:52:31.481" level="INFO">Executing JavaScript:
$('#cphContent_ddlEtapaModalidade').trigger('change');
Without any arguments.</msg>
<status status="PASS" starttime="20220721 13:52:31.481" endtime="20220721 13:52:31.487"/>
</kw>
<kw name="Aguardar tela de carregamento" library="1-Principal">
<kw name="Wait Until Element Is Not Visible" library="SeleniumLibrary">
<arg>class=carregando</arg>
<arg>300</arg>
<doc>Waits until element ``locator`` is not visible.</doc>
<status status="PASS" starttime="20220721 13:52:31.488" endtime="20220721 13:52:31.761"/>
</kw>
<status status="PASS" starttime="20220721 13:52:31.488" endtime="20220721 13:52:31.762"/>
</kw>
<status status="PASS" starttime="20220721 13:52:30.603" endtime="20220721 13:52:31.762"/>
</kw>
<kw name="Na tela de Ata de Conselho, em Turma, selecionar &quot;CI A (1º Semestre)&quot;" library="CT10-HistoricoEscolar" sourcename="Na tela de Ata de Conselho, em Turma, selecionar &quot;${turma}&quot;">
<kw name="Run Keyword If" library="BuiltIn">
<arg>'${turma}' == 'EII A'</arg>
<arg>Execute JavaScript</arg>
<arg>$('#${campoTurmaAta}').val("110667").trigger('chosen:updated');</arg>
<doc>Runs the given keyword with the given arguments, if ``condition`` is true.</doc>
<status status="PASS" starttime="20220721 13:52:31.763" endtime="20220721 13:52:31.763"/>
</kw>
<kw name="Run Keyword If" library="BuiltIn">
<arg>'${turma}' == '5B'</arg>
<arg>Execute JavaScript</arg>
<arg>$('#${campoTurmaAta}').val("112173").trigger('chosen:updated');</arg>
<doc>Runs the given keyword with the given arguments, if ``condition`` is true.</doc>
<status status="PASS" starttime="20220721 13:52:31.764" endtime="20220721 13:52:31.764"/>
</kw>
<kw name="Run Keyword If" library="BuiltIn">
<arg>'${turma}' == '3A'</arg>
<arg>Execute JavaScript</arg>
<arg>$('#${campoTurmaAta}').val("110822").trigger('chosen:updated');</arg>
<doc>Runs the given keyword with the given arguments, if ``condition`` is true.</doc>
<status status="PASS" starttime="20220721 13:52:31.764" endtime="20220721 13:52:31.764"/>
</kw>
<kw name="Run Keyword If" library="BuiltIn">
<arg>'${turma}' == '3B'</arg>
<arg>Execute JavaScript</arg>
<arg>$('#${campoTurmaAta}').val("110825").trigger('chosen:updated');</arg>
<doc>Runs the given keyword with the given arguments, if ``condition`` is true.</doc>
<status status="PASS" starttime="20220721 13:52:31.764" endtime="20220721 13:52:31.764"/>
</kw>
<kw name="Run Keyword If" library="BuiltIn">
<arg>'${turma}' == '1B'</arg>
<arg>Execute JavaScript</arg>
<arg>$('#${campoTurmaAta}').val("110726").trigger('chosen:updated');</arg>
<doc>Runs the given keyword with the given arguments, if ``condition`` is true.</doc>
<status status="PASS" starttime="20220721 13:52:31.764" endtime="20220721 13:52:31.765"/>
</kw>
<kw name="Run Keyword If" library="BuiltIn">
<arg>'${turma}' == 'CI A (1º Semestre)'</arg>
<arg>Execute JavaScript</arg>
<arg>$('#${campoTurmaAta}').val("113554").trigger('chosen:updated');</arg>
<doc>Runs the given keyword with the given arguments, if ``condition`` is true.</doc>
<kw name="Execute Javascript" library="SeleniumLibrary">
<arg>$('#${campoTurmaAta}').val("113554").trigger('chosen:updated');</arg>
<doc>Executes the given JavaScript code with possible arguments.</doc>
<msg timestamp="20220721 13:52:31.765" level="INFO">Executing JavaScript:
$('#cphContent_ddlTurma').val("113554").trigger('chosen:updated');
Without any arguments.</msg>
<status status="PASS" starttime="20220721 13:52:31.765" endtime="20220721 13:52:31.771"/>
</kw>
<status status="PASS" starttime="20220721 13:52:31.765" endtime="20220721 13:52:31.771"/>
</kw>
<kw name="Execute Javascript" library="SeleniumLibrary">
<arg>$('#${campoTurmaAta}').trigger('change');</arg>
<doc>Executes the given JavaScript code with possible arguments.</doc>
<msg timestamp="20220721 13:52:31.772" level="INFO">Executing JavaScript:
$('#cphContent_ddlTurma').trigger('change');
Without any arguments.</msg>
<status status="PASS" starttime="20220721 13:52:31.771" endtime="20220721 13:52:31.777"/>
</kw>
<kw name="Aguardar tela de carregamento" library="1-Principal">
<kw name="Wait Until Element Is Not Visible" library="SeleniumLibrary">
<arg>class=carregando</arg>
<arg>300</arg>
<doc>Waits until element ``locator`` is not visible.</doc>
<status status="PASS" starttime="20220721 13:52:31.778" endtime="20220721 13:52:32.016"/>
</kw>
<status status="PASS" starttime="20220721 13:52:31.777" endtime="20220721 13:52:32.016"/>
</kw>
<status status="PASS" starttime="20220721 13:52:31.763" endtime="20220721 13:52:32.016"/>
</kw>
<kw name="Clicar em Pesquisar" library="1-Principal">
<kw name="Wait Until Element Is Visible" library="SeleniumLibrary">
<arg>${botaoPesquisar}</arg>
<doc>Waits until element ``locator`` is visible.</doc>
<status status="PASS" starttime="20220721 13:52:32.017" endtime="20220721 13:52:32.025"/>
</kw>
<kw name="Execute Javascript" library="SeleniumLibrary">
<arg>document.getElementById("${botaoPesquisar}").click();</arg>
<doc>Executes the given JavaScript code with possible arguments.</doc>
<msg timestamp="20220721 13:52:32.025" level="INFO">Executing JavaScript:
document.getElementById("cphContent_btnPesquisar").click();
Without any arguments.</msg>
<status status="PASS" starttime="20220721 13:52:32.025" endtime="20220721 13:52:32.042"/>
</kw>
<kw name="Aguardar tela de carregamento" library="1-Principal">
<kw name="Wait Until Element Is Not Visible" library="SeleniumLibrary">
<arg>class=carregando</arg>
<arg>300</arg>
<doc>Waits until element ``locator`` is not visible.</doc>
<status status="PASS" starttime="20220721 13:52:32.042" endtime="20220721 13:52:56.931"/>
</kw>
<status status="PASS" starttime="20220721 13:52:32.042" endtime="20220721 13:52:56.931"/>
</kw>
<status status="PASS" starttime="20220721 13:52:32.017" endtime="20220721 13:52:56.932"/>
</kw>
<kw name="Na tela de Ata de Conselho, clicar em Ações no primeiro aluno" library="CT10-HistoricoEscolar">
<kw name="Wait Until Page Contains Element" library="SeleniumLibrary">
<arg>${botaoAcoesAta}</arg>
<arg>180</arg>
<doc>Waits until element ``locator`` appears on current page.</doc>
<status status="PASS" starttime="20220721 13:52:56.933" endtime="20220721 13:52:56.942"/>
</kw>
<kw name="Execute Javascript" library="SeleniumLibrary">
<arg>xPathResult = document.evaluate("${botaoAcoesAta}", document, null, XPathResult.FIRST_ORDERED_NODE_TYPE, null);</arg>
<doc>Executes the given JavaScript code with possible arguments.</doc>
<msg timestamp="20220721 13:52:56.942" level="INFO">Executing JavaScript:
xPathResult = document.evaluate("//input[@name='ctl00$cphContent$dtlAlunos$ctl00$A2'][contains(@id,'0')]", document, null, XPathResult.FIRST_ORDERED_NODE_TYPE, null);
Without any arguments.</msg>
<status status="PASS" starttime="20220721 13:52:56.942" endtime="20220721 13:52:56.946"/>
</kw>
<kw name="Execute Javascript" library="SeleniumLibrary">
<arg>xPathResult.singleNodeValue.click()</arg>
<doc>Executes the given JavaScript code with possible arguments.</doc>
<msg timestamp="20220721 13:52:56.946" level="INFO">Executing JavaScript:
xPathResult.singleNodeValue.click()
Without any arguments.</msg>
<status status="PASS" starttime="20220721 13:52:56.946" endtime="20220721 13:52:56.956"/>
</kw>
<status status="PASS" starttime="20220721 13:52:56.932" endtime="20220721 13:52:56.956"/>
</kw>
<kw name="Na tela de Ata de Conselho, em ações, clicar em Fechamento do Período Letivo no primeiro aluno" library="CT10-HistoricoEscolar">
<kw name="Execute Javascript" library="SeleniumLibrary">
<arg>document.getElementById("${botaoFecharAnoLetivo}").click();</arg>
<doc>Executes the given JavaScript code with possible arguments.</doc>
<msg timestamp="20220721 13:52:56.959" level="INFO">Executing JavaScript:
document.getElementById("cphContent_dtlAlunos_lnkDetalhes_0").click();
Without any arguments.</msg>
<status status="PASS" starttime="20220721 13:52:56.957" endtime="20220721 13:52:57.011"/>
</kw>
<status status="PASS" starttime="20220721 13:52:56.956" endtime="20220721 13:52:57.011"/>
</kw>
<kw name="Verificar se a página foi redirecionada para Fechamento de Período Letivo" library="CT10-HistoricoEscolar">
<kw name="Wait Until Page Contains" library="SeleniumLibrary">
<arg>Nesta tela são exibidas as informações detalhadas dos fechamentos de período letivo do Educando selecionado.</arg>
<doc>Waits until ``text`` appears on current page.</doc>
<status status="PASS" starttime="20220721 13:52:57.014" endtime="20220721 13:52:58.098"/>
</kw>
<status status="PASS" starttime="20220721 13:52:57.013" endtime="20220721 13:52:58.098"/>
</kw>
<kw name="Clicar em Voltar" library="1-Principal">
<kw name="Wait Until Element Is Visible" library="SeleniumLibrary">
<arg>${botaoVoltar}</arg>
<doc>Waits until element ``locator`` is visible.</doc>
<status status="PASS" starttime="20220721 13:52:58.099" endtime="20220721 13:52:58.118"/>
</kw>
<kw name="Execute Javascript" library="SeleniumLibrary">
<arg>document.getElementById("${botaoVoltar}").click();</arg>
<doc>Executes the given JavaScript code with possible arguments.</doc>
<msg timestamp="20220721 13:52:58.118" level="INFO">Executing JavaScript:
document.getElementById("cphContent_btnVoltar").click();
Without any arguments.</msg>
<status status="PASS" starttime="20220721 13:52:58.118" endtime="20220721 13:52:58.127"/>
</kw>
<kw name="Aguardar tela de carregamento" library="1-Principal">
<kw name="Wait Until Element Is Not Visible" library="SeleniumLibrary">
<arg>class=carregando</arg>
<arg>300</arg>
<doc>Waits until element ``locator`` is not visible.</doc>
<status status="PASS" starttime="20220721 13:52:58.127" endtime="20220721 13:53:20.197"/>
</kw>
<status status="PASS" starttime="20220721 13:52:58.127" endtime="20220721 13:53:20.197"/>
</kw>
<status status="PASS" starttime="20220721 13:52:58.099" endtime="20220721 13:53:20.197"/>
</kw>
<kw name="Na tela de Ata de Conselho, clicar em Ações no primeiro aluno" library="CT10-HistoricoEscolar">
<kw name="Wait Until Page Contains Element" library="SeleniumLibrary">
<arg>${botaoAcoesAta}</arg>
<arg>180</arg>
<doc>Waits until element ``locator`` appears on current page.</doc>
<status status="PASS" starttime="20220721 13:53:20.198" endtime="20220721 13:53:20.202"/>
</kw>
<kw name="Execute Javascript" library="SeleniumLibrary">
<arg>xPathResult = document.evaluate("${botaoAcoesAta}", document, null, XPathResult.FIRST_ORDERED_NODE_TYPE, null);</arg>
<doc>Executes the given JavaScript code with possible arguments.</doc>
<msg timestamp="20220721 13:53:20.202" level="INFO">Executing JavaScript:
xPathResult = document.evaluate("//input[@name='ctl00$cphContent$dtlAlunos$ctl00$A2'][contains(@id,'0')]", document, null, XPathResult.FIRST_ORDERED_NODE_TYPE, null);
Without any arguments.</msg>
<status status="PASS" starttime="20220721 13:53:20.202" endtime="20220721 13:53:20.202"/>
</kw>
<kw name="Execute Javascript" library="SeleniumLibrary">
<arg>xPathResult.singleNodeValue.click()</arg>
<doc>Executes the given JavaScript code with possible arguments.</doc>
<msg timestamp="20220721 13:53:20.202" level="INFO">Executing JavaScript:
xPathResult.singleNodeValue.click()
Without any arguments.</msg>
<status status="PASS" starttime="20220721 13:53:20.202" endtime="20220721 13:53:20.220"/>
</kw>
<status status="PASS" starttime="20220721 13:53:20.198" endtime="20220721 13:53:20.220"/>
</kw>
<kw name="Na tela de Ata de Conselho, em ações, clicar em Prontuário do Aluno no primeiro aluno" library="CT10-HistoricoEscolar">
<kw name="Execute Javascript" library="SeleniumLibrary">
<arg>document.getElementById("${botaoProntuarioDoEducando}").click();</arg>
<doc>Executes the given JavaScript code with possible arguments.</doc>
<msg timestamp="20220721 13:53:20.220" level="INFO">Executing JavaScript:
document.getElementById("cphContent_dtlAlunos_lnkProntuarioAluno_0").click();
Without any arguments.</msg>
<status status="PASS" starttime="20220721 13:53:20.220" endtime="20220721 13:53:20.220"/>
</kw>
<status status="PASS" starttime="20220721 13:53:20.220" endtime="20220721 13:53:20.220"/>
</kw>
<kw name="Verificar se a página foi redirecionada para Prontuário do Educando" library="CT10-HistoricoEscolar">
<kw name="Wait Until Page Contains" library="SeleniumLibrary">
<arg>Prontuário do Educando</arg>
<doc>Waits until ``text`` appears on current page.</doc>
<status status="PASS" starttime="20220721 13:53:20.234" endtime="20220721 13:53:20.265"/>
</kw>
<kw name="Sleep" library="BuiltIn">
<arg>2</arg>
<doc>Pauses the test executed for the given time.</doc>
<msg timestamp="20220721 13:53:22.272" level="INFO">Slept 2 seconds</msg>
<status status="PASS" starttime="20220721 13:53:20.266" endtime="20220721 13:53:22.272"/>
</kw>
<status status="PASS" starttime="20220721 13:53:20.233" endtime="20220721 13:53:22.272"/>
</kw>
<kw name="Retornar a página anterior" library="1-Principal">
<kw name="Go Back" library="SeleniumLibrary">
<doc>Simulates the user clicking the back button on their browser.</doc>
<status status="PASS" starttime="20220721 13:53:22.272" endtime="20220721 13:53:52.846"/>
</kw>
<status status="PASS" starttime="20220721 13:53:22.272" endtime="20220721 13:53:52.846"/>
</kw>
<kw name="Na tela de Ata de Conselho, clicar em Ações no primeiro aluno" library="CT10-HistoricoEscolar">
<kw name="Wait Until Page Contains Element" library="SeleniumLibrary">
<arg>${botaoAcoesAta}</arg>
<arg>180</arg>
<doc>Waits until element ``locator`` appears on current page.</doc>
<status status="PASS" starttime="20220721 13:53:52.847" endtime="20220721 13:53:52.858"/>
</kw>
<kw name="Execute Javascript" library="SeleniumLibrary">
<arg>xPathResult = document.evaluate("${botaoAcoesAta}", document, null, XPathResult.FIRST_ORDERED_NODE_TYPE, null);</arg>
<doc>Executes the given JavaScript code with possible arguments.</doc>
<msg timestamp="20220721 13:53:52.859" level="INFO">Executing JavaScript:
xPathResult = document.evaluate("//input[@name='ctl00$cphContent$dtlAlunos$ctl00$A2'][contains(@id,'0')]", document, null, XPathResult.FIRST_ORDERED_NODE_TYPE, null);
Without any arguments.</msg>
<status status="PASS" starttime="20220721 13:53:52.858" endtime="20220721 13:53:52.864"/>
</kw>
<kw name="Execute Javascript" library="SeleniumLibrary">
<arg>xPathResult.singleNodeValue.click()</arg>
<doc>Executes the given JavaScript code with possible arguments.</doc>
<msg timestamp="20220721 13:53:52.865" level="INFO">Executing JavaScript:
xPathResult.singleNodeValue.click()
Without any arguments.</msg>
<status status="PASS" starttime="20220721 13:53:52.864" endtime="20220721 13:53:52.872"/>
</kw>
<status status="PASS" starttime="20220721 13:53:52.847" endtime="20220721 13:53:52.872"/>
</kw>
<kw name="Na tela de Ata de Conselho, em ações, clicar em Registrar Observações no primeiro aluno" library="CT10-HistoricoEscolar">
<kw name="Execute Javascript" library="SeleniumLibrary">
<arg>document.getElementById("${botaoRegistrarObservacoes}").click();</arg>
<doc>Executes the given JavaScript code with possible arguments.</doc>
<msg timestamp="20220721 13:53:52.873" level="INFO">Executing JavaScript:
document.getElementById("cphContent_dtlAlunos_lkObservacao_0").click();
Without any arguments.</msg>
<status status="PASS" starttime="20220721 13:53:52.873" endtime="20220721 13:53:52.883"/>
</kw>
<status status="PASS" starttime="20220721 13:53:52.873" endtime="20220721 13:53:52.883"/>
</kw>
<kw name="Na tela de Ata de Conselho, em Registro das Observações, inserir uma observação" library="CT10-HistoricoEscolar">
<kw name="Wait Until Element Is Visible" library="SeleniumLibrary">
<arg>${campoObservacaoAta}</arg>
<doc>Waits until element ``locator`` is visible.</doc>
<status status="PASS" starttime="20220721 13:53:52.885" endtime="20220721 13:53:53.367"/>
</kw>
<kw name="Set Suite Variable" library="BuiltIn">
<arg>${botaoSalvar}</arg>
<arg>cphContent_btSalvar</arg>
<doc>Makes a variable available everywhere within the scope of the current suite.</doc>
<msg timestamp="20220721 13:53:53.367" level="INFO">${botaoSalvar} = cphContent_btSalvar</msg>
<status status="PASS" starttime="20220721 13:53:53.367" endtime="20220721 13:53:53.367"/>
</kw>
<kw name="Set Suite Variable" library="BuiltIn">
<arg>${textoObservacaoAta}</arg>
<arg>TESTE DE INSERÇÃO DE OBSERVAÇÃO</arg>
<doc>Makes a variable available everywhere within the scope of the current suite.</doc>
<msg timestamp="20220721 13:53:53.371" level="INFO">${textoObservacaoAta} = TESTE DE INSERÇÃO DE OBSERVAÇÃO</msg>
<status status="PASS" starttime="20220721 13:53:53.367" endtime="20220721 13:53:53.371"/>
</kw>
<kw name="Input Text" library="SeleniumLibrary">
<arg>${campoObservacaoAta}</arg>
<arg>${textoObservacaoAta}</arg>
<doc>Types the given ``text`` into text field identified by ``locator``.</doc>
<msg timestamp="20220721 13:53:53.371" level="INFO">Typing text 'TESTE DE INSERÇÃO DE OBSERVAÇÃO' into text field 'cphContent_txtObservacaoAtaConcelho'.</msg>
<status status="PASS" starttime="20220721 13:53:53.371" endtime="20220721 13:53:53.444"/>
</kw>
<status status="PASS" starttime="20220721 13:53:52.883" endtime="20220721 13:53:53.444"/>
</kw>
<kw name="Clicar em Salvar" library="1-Principal">
<kw name="Wait Until Element Is Visible" library="SeleniumLibrary">
<arg>${botaoSalvar}</arg>
<doc>Waits until element ``locator`` is visible.</doc>
<status status="PASS" starttime="20220721 13:53:53.445" endtime="20220721 13:53:53.469"/>
</kw>
<kw name="Execute Javascript" library="SeleniumLibrary">
<arg>document.getElementById("${botaoSalvar}").click();</arg>
<doc>Executes the given JavaScript code with possible arguments.</doc>
<msg timestamp="20220721 13:53:53.469" level="INFO">Executing JavaScript:
document.getElementById("cphContent_btSalvar").click();
Without any arguments.</msg>
<status status="PASS" starttime="20220721 13:53:53.469" endtime="20220721 13:53:53.478"/>
</kw>
<kw name="Aguardar tela de carregamento" library="1-Principal">
<kw name="Wait Until Element Is Not Visible" library="SeleniumLibrary">
<arg>class=carregando</arg>
<arg>300</arg>
<doc>Waits until element ``locator`` is not visible.</doc>
<status status="PASS" starttime="20220721 13:53:53.479" endtime="20220721 13:53:54.168"/>
</kw>
<status status="PASS" starttime="20220721 13:53:53.479" endtime="20220721 13:53:54.168"/>
</kw>
<status status="PASS" starttime="20220721 13:53:53.445" endtime="20220721 13:53:54.168"/>
</kw>
<kw name="Clicar em OK no Modal" library="1-Principal">
<kw name="Wait Until Element Is Visible" library="SeleniumLibrary">
<arg>${botaoOKModal}</arg>
<doc>Waits until element ``locator`` is visible.</doc>
<status status="PASS" starttime="20220721 13:53:54.169" endtime="20220721 13:53:54.209"/>
</kw>
<kw name="Execute Javascript" library="SeleniumLibrary">
<arg>document.getElementById("${botaoOKModal}").click();</arg>
<doc>Executes the given JavaScript code with possible arguments.</doc>
<msg timestamp="20220721 13:53:54.210" level="INFO">Executing JavaScript:
document.getElementById("cphContent_Mensagem_Padrao_btnOk").click();
Without any arguments.</msg>
<status status="PASS" starttime="20220721 13:53:54.210" endtime="20220721 13:53:54.218"/>
</kw>
<kw name="Aguardar tela de carregamento" library="1-Principal">
<kw name="Wait Until Element Is Not Visible" library="SeleniumLibrary">
<arg>class=carregando</arg>
<arg>300</arg>
<doc>Waits until element ``locator`` is not visible.</doc>
<status status="PASS" starttime="20220721 13:53:54.219" endtime="20220721 13:53:54.738"/>
</kw>
<status status="PASS" starttime="20220721 13:53:54.219" endtime="20220721 13:53:54.738"/>
</kw>
<status status="PASS" starttime="20220721 13:53:54.169" endtime="20220721 13:53:54.738"/>
</kw>
<kw name="Na tela de Ata de Conselho, clicar em Ações no primeiro aluno" library="CT10-HistoricoEscolar">
<kw name="Wait Until Page Contains Element" library="SeleniumLibrary">
<arg>${botaoAcoesAta}</arg>
<arg>180</arg>
<doc>Waits until element ``locator`` appears on current page.</doc>
<status status="PASS" starttime="20220721 13:53:54.740" endtime="20220721 13:53:54.748"/>
</kw>
<kw name="Execute Javascript" library="SeleniumLibrary">
<arg>xPathResult = document.evaluate("${botaoAcoesAta}", document, null, XPathResult.FIRST_ORDERED_NODE_TYPE, null);</arg>
<doc>Executes the given JavaScript code with possible arguments.</doc>
<msg timestamp="20220721 13:53:54.748" level="INFO">Executing JavaScript:
xPathResult = document.evaluate("//input[@name='ctl00$cphContent$dtlAlunos$ctl00$A2'][contains(@id,'0')]", document, null, XPathResult.FIRST_ORDERED_NODE_TYPE, null);
Without any arguments.</msg>
<status status="PASS" starttime="20220721 13:53:54.748" endtime="20220721 13:53:54.748"/>
</kw>
<kw name="Execute Javascript" library="SeleniumLibrary">
<arg>xPathResult.singleNodeValue.click()</arg>
<doc>Executes the given JavaScript code with possible arguments.</doc>
<msg timestamp="20220721 13:53:54.748" level="INFO">Executing JavaScript:
xPathResult.singleNodeValue.click()
Without any arguments.</msg>
<status status="PASS" starttime="20220721 13:53:54.748" endtime="20220721 13:53:54.748"/>
</kw>
<status status="PASS" starttime="20220721 13:53:54.739" endtime="20220721 13:53:54.748"/>
</kw>
<kw name="Na tela de Ata de Conselho, em ações, clicar em Registrar Observações no primeiro aluno" library="CT10-HistoricoEscolar">
<kw name="Execute Javascript" library="SeleniumLibrary">
<arg>document.getElementById("${botaoRegistrarObservacoes}").click();</arg>
<doc>Executes the given JavaScript code with possible arguments.</doc>
<msg timestamp="20220721 13:53:54.748" level="INFO">Executing JavaScript:
document.getElementById("cphContent_dtlAlunos_lkObservacao_0").click();
Without any arguments.</msg>
<status status="PASS" starttime="20220721 13:53:54.748" endtime="20220721 13:53:54.772"/>
</kw>
<status status="PASS" starttime="20220721 13:53:54.748" endtime="20220721 13:53:54.772"/>
</kw>
<kw name="Na tela de Ata de Conselho, em Registro de Observações, verificar se a observação foi incluída" library="CT10-HistoricoEscolar">
<kw name="Wait Until Element Is Visible" library="SeleniumLibrary">
<arg>${campoObservacaoAta}</arg>
<doc>Waits until element ``locator`` is visible.</doc>
<status status="PASS" starttime="20220721 13:53:54.772" endtime="20220721 13:53:55.450"/>
</kw>
<kw name="Element Text Should Be" library="SeleniumLibrary">
<arg>${campoObservacaoAta}</arg>
<arg>${textoObservacaoAta}</arg>
<doc>Verifies that element ``locator`` contains exact text ``expected``.</doc>
<msg timestamp="20220721 13:53:55.450" level="INFO">Verifying element 'cphContent_txtObservacaoAtaConcelho' contains exact text 'TESTE DE INSERÇÃO DE OBSERVAÇÃO'.</msg>
<status status="PASS" starttime="20220721 13:53:55.450" endtime="20220721 13:53:55.465"/>
</kw>
<status status="PASS" starttime="20220721 13:53:54.772" endtime="20220721 13:53:55.465"/>
</kw>
<kw name="Clicar em Fechar" library="1-Principal">
<kw name="Wait Until Element Is Visible" library="SeleniumLibrary">
<arg>${botaoFechar}</arg>
<doc>Waits until element ``locator`` is visible.</doc>
<status status="PASS" starttime="20220721 13:53:55.465" endtime="20220721 13:53:55.489"/>
</kw>
<kw name="Execute Javascript" library="SeleniumLibrary">
<arg>document.getElementById("${botaoFechar}").click();</arg>
<doc>Executes the given JavaScript code with possible arguments.</doc>
<msg timestamp="20220721 13:53:55.489" level="INFO">Executing JavaScript:
document.getElementById("cphContent_btFechar").click();
Without any arguments.</msg>
<status status="PASS" starttime="20220721 13:53:55.489" endtime="20220721 13:53:55.501"/>
</kw>
<kw name="Aguardar tela de carregamento" library="1-Principal">
<kw name="Wait Until Element Is Not Visible" library="SeleniumLibrary">
<arg>class=carregando</arg>
<arg>300</arg>
<doc>Waits until element ``locator`` is not visible.</doc>
<status status="PASS" starttime="20220721 13:53:55.502" endtime="20220721 13:53:56.007"/>
</kw>
<status status="PASS" starttime="20220721 13:53:55.502" endtime="20220721 13:53:56.007"/>
</kw>
<status status="PASS" starttime="20220721 13:53:55.465" endtime="20220721 13:53:56.007"/>
</kw>
<kw name="Na tela de Ata de Conselho, clicar em Finalizar Conselho" library="CT10-HistoricoEscolar">
<kw name="Aguardar tela de carregamento" library="1-Principal">
<kw name="Wait Until Element Is Not Visible" library="SeleniumLibrary">
<arg>class=carregando</arg>
<arg>300</arg>
<doc>Waits until element ``locator`` is not visible.</doc>
<status status="PASS" starttime="20220721 13:53:56.009" endtime="20220721 13:53:56.025"/>
</kw>
<status status="PASS" starttime="20220721 13:53:56.008" endtime="20220721 13:53:56.025"/>
</kw>
<kw name="Wait Until Element Is Visible" library="SeleniumLibrary">
<arg>${botaoFinalizarConselhoAta}</arg>
<doc>Waits until element ``locator`` is visible.</doc>
<status status="PASS" starttime="20220721 13:53:56.025" endtime="20220721 13:53:56.034"/>
</kw>
<kw name="Execute Javascript" library="SeleniumLibrary">
<arg>document.getElementById("${botaoFinalizarConselhoAta}").click();</arg>
<doc>Executes the given JavaScript code with possible arguments.</doc>
<msg timestamp="20220721 13:53:56.034" level="INFO">Executing JavaScript:
document.getElementById("cphContent_btnFecharClasse").click();
Without any arguments.</msg>
<status status="PASS" starttime="20220721 13:53:56.034" endtime="20220721 13:53:56.057"/>
</kw>
<status status="PASS" starttime="20220721 13:53:56.008" endtime="20220721 13:53:56.057"/>
</kw>
<kw name="Clicar em Sim no Modal" library="1-Principal">
<kw name="Wait Until Element Is Visible" library="SeleniumLibrary">
<arg>${botaoSimModal}</arg>
<doc>Waits until element ``locator`` is visible.</doc>
<status status="PASS" starttime="20220721 13:53:56.057" endtime="20220721 13:53:56.734"/>
</kw>
<kw name="Execute Javascript" library="SeleniumLibrary">
<arg>document.getElementById("${botaoSimModal}").click();</arg>
<doc>Executes the given JavaScript code with possible arguments.</doc>
<msg timestamp="20220721 13:53:56.734" level="INFO">Executing JavaScript:
document.getElementById("cphContent_Mensagem_Padrao_btnSim").click();
Without any arguments.</msg>
<status status="PASS" starttime="20220721 13:53:56.734" endtime="20220721 13:53:56.742"/>
</kw>
<kw name="Aguardar tela de carregamento" library="1-Principal">
<kw name="Wait Until Element Is Not Visible" library="SeleniumLibrary">
<arg>class=carregando</arg>
<arg>300</arg>
<doc>Waits until element ``locator`` is not visible.</doc>
<status status="PASS" starttime="20220721 13:53:56.742" endtime="20220721 13:55:34.517"/>
</kw>
<status status="PASS" starttime="20220721 13:53:56.742" endtime="20220721 13:55:34.517"/>
</kw>
<status status="PASS" starttime="20220721 13:53:56.057" endtime="20220721 13:55:34.517"/>
</kw>
<kw name="Na tela de Ata de Conselho, verificar se o botão Reabrir Conselho é exibido" library="CT10-HistoricoEscolar">
<kw name="Aguardar tela de carregamento" library="1-Principal">
<kw name="Wait Until Element Is Not Visible" library="SeleniumLibrary">
<arg>class=carregando</arg>
<arg>300</arg>
<doc>Waits until element ``locator`` is not visible.</doc>
<status status="PASS" starttime="20220721 13:55:34.530" endtime="20220721 13:55:34.550"/>
</kw>
<status status="PASS" starttime="20220721 13:55:34.517" endtime="20220721 13:55:34.550"/>
</kw>
<kw name="Wait Until Element Is Visible" library="SeleniumLibrary">
<arg>${botaoReabrirConselhoAta}</arg>
<doc>Waits until element ``locator`` is visible.</doc>
<status status="PASS" starttime="20220721 13:55:34.550" endtime="20220721 13:55:34.581"/>
</kw>
<status status="PASS" starttime="20220721 13:55:34.517" endtime="20220721 13:55:34.581"/>
</kw>
<kw name="Na tela de Ata de Conselho, clicar no botão Reabrir Conselho" library="CT10-HistoricoEscolar">
<kw name="Execute Javascript" library="SeleniumLibrary">
<arg>document.getElementById("${botaoReabrirConselhoAta}").click();</arg>
<doc>Executes the given JavaScript code with possible arguments.</doc>
<msg timestamp="20220721 13:55:34.584" level="INFO">Executing JavaScript:
document.getElementById("cphContent_btnAbrirClasse").click();
Without any arguments.</msg>
<status status="PASS" starttime="20220721 13:55:34.584" endtime="20220721 13:55:34.595"/>
</kw>
<status status="PASS" starttime="20220721 13:55:34.581" endtime="20220721 13:55:34.595"/>
</kw>
<kw name="Clicar em Sim no Modal" library="1-Principal">
<kw name="Wait Until Element Is Visible" library="SeleniumLibrary">
<arg>${botaoSimModal}</arg>
<doc>Waits until element ``locator`` is visible.</doc>
<status status="PASS" starttime="20220721 13:55:34.596" endtime="20220721 13:55:35.062"/>
</kw>
<kw name="Execute Javascript" library="SeleniumLibrary">
<arg>document.getElementById("${botaoSimModal}").click();</arg>
<doc>Executes the given JavaScript code with possible arguments.</doc>
<msg timestamp="20220721 13:55:35.063" level="INFO">Executing JavaScript:
document.getElementById("cphContent_Mensagem_Padrao_btnSim").click();
Without any arguments.</msg>
<status status="PASS" starttime="20220721 13:55:35.062" endtime="20220721 13:55:35.074"/>
</kw>
<kw name="Aguardar tela de carregamento" library="1-Principal">
<kw name="Wait Until Element Is Not Visible" library="SeleniumLibrary">
<arg>class=carregando</arg>
<arg>300</arg>
<doc>Waits until element ``locator`` is not visible.</doc>
<status status="PASS" starttime="20220721 13:55:35.074" endtime="20220721 13:57:09.759"/>
</kw>
<status status="PASS" starttime="20220721 13:55:35.074" endtime="20220721 13:57:09.759"/>
</kw>
<status status="PASS" starttime="20220721 13:55:34.595" endtime="20220721 13:57:09.759"/>
</kw>
<kw name="Na tela de Ata de Conselho, verificar se o botão Finalizar Conselho é exibido" library="CT10-HistoricoEscolar">
<kw name="Wait Until Element Is Visible" library="SeleniumLibrary">
<arg>${botaoFinalizarConselhoAta}</arg>
<arg>300</arg>
<doc>Waits until element ``locator`` is visible.</doc>
<status status="PASS" starttime="20220721 13:57:09.769" endtime="20220721 13:57:09.793"/>
</kw>
<status status="PASS" starttime="20220721 13:57:09.759" endtime="20220721 13:57:09.793"/>
</kw>
<kw name="Fechar o navegador" library="1-Principal" type="TEARDOWN">
<kw name="Capture Page Screenshot" library="SeleniumLibrary">
<doc>Takes screenshot of the current page and embeds it into log file.</doc>
<msg timestamp="20220721 13:57:09.937" level="INFO" html="true">&lt;/td&gt;&lt;/tr&gt;&lt;tr&gt;&lt;td colspan="3"&gt;&lt;a href="selenium-screenshot-12.png"&gt;&lt;img src="selenium-screenshot-12.png" width="800px"&gt;&lt;/a&gt;</msg>
<status status="PASS" starttime="20220721 13:57:09.793" endtime="20220721 13:57:09.937"/>
</kw>
<kw name="Close Browser" library="SeleniumLibrary">
<doc>Closes the current browser.</doc>
<status status="PASS" starttime="20220721 13:57:09.937" endtime="20220721 13:57:12.157"/>
</kw>
<status status="PASS" starttime="20220721 13:57:09.793" endtime="20220721 13:57:12.157"/>
</kw>
<doc>Esse teste verifica se é possível consultar a
Ata de Conselho Final para a Etapa EJA</doc>
<tag>Ata De Conselho Final - EJA | Fluxo Positivo</tag>
<status status="PASS" starttime="20220721 13:52:15.463" endtime="20220721 13:57:12.157"/>
</test>
<status status="PASS" starttime="20220721 13:52:14.982" endtime="20220721 13:57:12.163"/>
</suite>
<statistics>
<total>
<stat pass="1" fail="0" skip="0">All Tests</stat>
</total>
<tag>
<stat pass="1" fail="0" skip="0">Ata De Conselho Final - EJA | Fluxo Positivo</stat>
</tag>
<suite>
<stat pass="1" fail="0" skip="0" id="s1" name="TesteDeVersaoPositivo">TesteDeVersaoPositivo</stat>
</suite>
</statistics>
<errors>
</errors>
</robot>
