<?xml version="1.0" encoding="UTF-8"?>
<robot generator="Robot 5.0 (Python 3.10.3 on win32)" generated="20220927 09:24:00.864" rpa="false" schemaversion="3">
<suite id="s1" name="TesteDeVersaoPositivo" source="c:\Users\rogerio.santos\Desktop\AUTOMAÇÃO WEB - GIER\Automação - Teste De Versão Gier\3-TestesFluxoBasico\TesteDeVersaoPositivo.robot">
<test id="s1-t1" name="Cenário 01: Acesso ao Sistema – Tela de Login" line="24">
<kw name="Abrir o navegador" library="1-Principal" type="SETUP">
<kw name="Open Browser" library="SeleniumLibrary">
<arg>url=https://www.google.com/</arg>
<arg>browser=chrome</arg>
<doc>Opens a new browser instance to the optional ``url``.</doc>
<msg timestamp="20220927 09:24:02.165" level="INFO">Opening browser 'chrome' to base url 'https://www.google.com/'.</msg>
<status status="PASS" starttime="20220927 09:24:02.165" endtime="20220927 09:24:04.765"/>
</kw>
<kw name="Maximize Browser Window" library="SeleniumLibrary">
<doc>Maximizes current browser window.</doc>
<status status="PASS" starttime="20220927 09:24:04.765" endtime="20220927 09:24:04.938"/>
</kw>
<status status="PASS" starttime="20220927 09:24:02.164" endtime="20220927 09:24:04.940"/>
</kw>
<kw name="Acessar o ambiente &quot;https://guarulhoshomolog.gier.com.br/&quot;" library="1-Principal" sourcename="Acessar o ambiente &quot;${url}&quot;">
<kw name="Go To" library="SeleniumLibrary">
<arg>${url}</arg>
<doc>Navigates the current browser window to the provided ``url``.</doc>
<msg timestamp="20220927 09:24:04.946" level="INFO">Opening url 'https://guarulhoshomolog.gier.com.br/'</msg>
<status status="PASS" starttime="20220927 09:24:04.945" endtime="20220927 09:24:08.298"/>
</kw>
<status status="PASS" starttime="20220927 09:24:04.942" endtime="20220927 09:24:08.299"/>
</kw>
<kw name="Entrar com as credenciais &quot;02867439817&quot; e &quot;12345678&quot;" library="CT01-Login" sourcename="Entrar com as credenciais &quot;${login}&quot; e &quot;${senha}&quot;">
<kw name="Wait Until Element Is Visible" library="SeleniumLibrary">
<arg>${tituloLogin}</arg>
<arg>timeout=30</arg>
<doc>Waits until the element ``locator`` is visible.</doc>
<status status="PASS" starttime="20220927 09:24:08.301" endtime="20220927 09:24:08.353"/>
</kw>
<kw name="Input Text" library="SeleniumLibrary">
<arg>${campoLogin}</arg>
<arg>${login}</arg>
<doc>Types the given ``text`` into the text field identified by ``locator``.</doc>
<msg timestamp="20220927 09:24:08.355" level="INFO">Typing text '02867439817' into text field 'txtLogin'.</msg>
<status status="PASS" starttime="20220927 09:24:08.354" endtime="20220927 09:24:08.475"/>
</kw>
<kw name="Input Text" library="SeleniumLibrary">
<arg>${campoSenha}</arg>
<arg>${senha}</arg>
<doc>Types the given ``text`` into the text field identified by ``locator``.</doc>
<msg timestamp="20220927 09:24:08.478" level="INFO">Typing text '12345678' into text field 'txtSenha1'.</msg>
<status status="PASS" starttime="20220927 09:24:08.476" endtime="20220927 09:24:08.579"/>
</kw>
<kw name="Click Button" library="SeleniumLibrary">
<arg>${botaoLogin}</arg>
<doc>Clicks the button identified by ``locator``.</doc>
<msg timestamp="20220927 09:24:08.580" level="INFO">Clicking button 'btnAcessar'.</msg>
<status status="PASS" starttime="20220927 09:24:08.580" endtime="20220927 09:24:11.007"/>
</kw>
<status status="PASS" starttime="20220927 09:24:08.300" endtime="20220927 09:24:11.007"/>
</kw>
<kw name="Verificar se aparece o texto &quot;Estrutura&quot;" library="1-Principal" sourcename="Verificar se aparece o texto &quot;${texto}&quot;">
<kw name="Wait Until Page Contains" library="SeleniumLibrary">
<arg>${texto}</arg>
<arg>20</arg>
<doc>Waits until ``text`` appears on the current page.</doc>
<status status="PASS" starttime="20220927 09:24:11.009" endtime="20220927 09:24:11.035"/>
</kw>
<status status="PASS" starttime="20220927 09:24:11.009" endtime="20220927 09:24:11.036"/>
</kw>
<kw name="Fechar o navegador" library="1-Principal" type="TEARDOWN">
<kw name="Capture Page Screenshot" library="SeleniumLibrary">
<doc>Takes a screenshot of the current page and embeds it into a log file.</doc>
<msg timestamp="20220927 09:24:11.383" level="INFO" html="true">&lt;/td&gt;&lt;/tr&gt;&lt;tr&gt;&lt;td colspan="3"&gt;&lt;a href="selenium-screenshot-1.png"&gt;&lt;img src="selenium-screenshot-1.png" width="800px"&gt;&lt;/a&gt;</msg>
<status status="PASS" starttime="20220927 09:24:11.040" endtime="20220927 09:24:11.384"/>
</kw>
<kw name="Close Browser" library="SeleniumLibrary">
<doc>Closes the current browser.</doc>
<status status="PASS" starttime="20220927 09:24:11.384" endtime="20220927 09:24:13.497"/>
</kw>
<status status="PASS" starttime="20220927 09:24:11.038" endtime="20220927 09:24:13.497"/>
</kw>
<doc>Esse teste verifica se é possível efetuar login no Gier
Com o usuário e senha especificados</doc>
<tag>Login | Fluxo Positivo</tag>
<status status="PASS" starttime="20220927 09:24:02.162" endtime="20220927 09:24:13.498"/>
</test>
<status status="PASS" starttime="20220927 09:24:00.869" endtime="20220927 09:24:13.500"/>
</suite>
<statistics>
<total>
<stat pass="1" fail="0" skip="0">All Tests</stat>
</total>
<tag>
<stat pass="1" fail="0" skip="0">Login | Fluxo Positivo</stat>
</tag>
<suite>
<stat pass="1" fail="0" skip="0" id="s1" name="TesteDeVersaoPositivo">TesteDeVersaoPositivo</stat>
</suite>
</statistics>
<errors>
</errors>
</robot>
