<?xml version="1.0" encoding="UTF-8"?>
<robot generator="Robot 5.0 (Python 3.10.3 on win32)" generated="20221010 16:28:04.277" rpa="false" schemaversion="3">
<suite id="s1" name="Automação - Teste De Versão Gier" source="C:\Users\rogerio.santos\Desktop\AUTOMAÇÃO WEB - GIER\Automação - Teste De Versão Gier">
<suite id="s1-s1" name="3-TestesFluxoBasico" source="C:\Users\rogerio.santos\Desktop\AUTOMAÇÃO WEB - GIER\Automação - Teste De Versão Gier\3-TestesFluxoBasico">
<suite id="s1-s1-s1" name="TesteDeVersaoNegativo" source="C:\Users\rogerio.santos\Desktop\AUTOMAÇÃO WEB - GIER\Automação - Teste De Versão Gier\3-TestesFluxoBasico\TesteDeVersaoNegativo.robot">
<test id="s1-s1-s1-t1" name="Cenário 53: Funcionalidade Gier - Portal: Cancelado - EJA Contínuo" line="2319">
<kw name="Abrir o navegador" library="1-Principal" type="SETUP">
<kw name="Open Browser" library="SeleniumLibrary">
<arg>url=https://www.google.com/</arg>
<arg>browser=chrome</arg>
<doc>Opens a new browser instance to the optional ``url``.</doc>
<msg timestamp="20221010 16:28:07.194" level="INFO">Opening browser 'chrome' to base url 'https://www.google.com/'.</msg>
<status status="PASS" starttime="20221010 16:28:07.193" endtime="20221010 16:28:11.915"/>
</kw>
<kw name="Maximize Browser Window" library="SeleniumLibrary">
<doc>Maximizes current browser window.</doc>
<status status="PASS" starttime="20221010 16:28:11.920" endtime="20221010 16:28:12.122"/>
</kw>
<status status="PASS" starttime="20221010 16:28:07.191" endtime="20221010 16:28:12.123"/>
</kw>
<kw name="Acessar o ambiente &quot;https://guarulhoshomolog.gier.com.br/&quot;" library="1-Principal" sourcename="Acessar o ambiente &quot;${url}&quot;">
<kw name="Go To" library="SeleniumLibrary">
<arg>${url}</arg>
<doc>Navigates the current browser window to the provided ``url``.</doc>
<msg timestamp="20221010 16:28:12.134" level="INFO">Opening url 'https://guarulhoshomolog.gier.com.br/'</msg>
<status status="PASS" starttime="20221010 16:28:12.131" endtime="20221010 16:28:15.930"/>
</kw>
<status status="PASS" starttime="20221010 16:28:12.127" endtime="20221010 16:28:15.931"/>
</kw>
<kw name="Entrar com as credenciais &quot;02867439817&quot; e &quot;12345678&quot;" library="Login" sourcename="Entrar com as credenciais &quot;${login}&quot; e &quot;${senha}&quot;">
<kw name="Wait Until Element Is Visible" library="SeleniumLibrary">
<arg>${tituloLogin}</arg>
<arg>timeout=30</arg>
<doc>Waits until the element ``locator`` is visible.</doc>
<status status="PASS" starttime="20221010 16:28:15.942" endtime="20221010 16:28:16.065"/>
</kw>
<kw name="Input Text" library="SeleniumLibrary">
<arg>${campoLogin}</arg>
<arg>${login}</arg>
<doc>Types the given ``text`` into the text field identified by ``locator``.</doc>
<msg timestamp="20221010 16:28:16.070" level="INFO">Typing text '02867439817' into text field 'txtLogin'.</msg>
<status status="PASS" starttime="20221010 16:28:16.068" endtime="20221010 16:28:16.291"/>
</kw>
<kw name="Input Text" library="SeleniumLibrary">
<arg>${campoSenha}</arg>
<arg>${senha}</arg>
<doc>Types the given ``text`` into the text field identified by ``locator``.</doc>
<msg timestamp="20221010 16:28:16.295" level="INFO">Typing text '12345678' into text field 'txtSenha1'.</msg>
<status status="PASS" starttime="20221010 16:28:16.294" endtime="20221010 16:28:16.492"/>
</kw>
<kw name="Click Button" library="SeleniumLibrary">
<arg>${botaoLogin}</arg>
<doc>Clicks the button identified by ``locator``.</doc>
<msg timestamp="20221010 16:28:16.497" level="INFO">Clicking button 'btnAcessar'.</msg>
<status status="PASS" starttime="20221010 16:28:16.495" endtime="20221010 16:28:18.694"/>
</kw>
<status status="PASS" starttime="20221010 16:28:15.939" endtime="20221010 16:28:18.694"/>
</kw>
<kw name="Verificar se aparece o texto &quot;Estrutura&quot;" library="1-Principal" sourcename="Verificar se aparece o texto &quot;${texto}&quot;">
<kw name="Wait Until Page Contains" library="SeleniumLibrary">
<arg>${texto}</arg>
<arg>20</arg>
<doc>Waits until ``text`` appears on the current page.</doc>
<status status="PASS" starttime="20221010 16:28:18.698" endtime="20221010 16:28:18.732"/>
</kw>
<status status="PASS" starttime="20221010 16:28:18.696" endtime="20221010 16:28:18.734"/>
</kw>
<kw name="Pesquisar &quot;CRISPINIANO&quot; e selecionar o primeiro resultado" library="CadastroPessoa" sourcename="Pesquisar &quot;${pesquisaEstrutura}&quot; e selecionar o primeiro resultado">
<kw name="Input Text" library="SeleniumLibrary">
<arg>${campoPesquisaEstrutura}</arg>
<arg>${pesquisaEstrutura}</arg>
<doc>Types the given ``text`` into the text field identified by ``locator``.</doc>
<msg timestamp="20221010 16:28:18.743" level="INFO">Typing text 'CRISPINIANO' into text field '//input[contains(@class,'textBuscaEstrutura')]'.</msg>
<status status="PASS" starttime="20221010 16:28:18.740" endtime="20221010 16:28:18.954"/>
</kw>
<kw name="Click Element" library="SeleniumLibrary">
<arg>${primeiroResultadoEstrutura}</arg>
<doc>Click the element identified by ``locator``.</doc>
<msg timestamp="20221010 16:28:18.958" level="INFO">Clicking element '//html[1]/body[1]/form[1]/div[3]/div[1]/div[1]/div[3]/div[1]/div[2]/div[2]/table[1]/tbody[1]/tr[1]/td[1]'.</msg>
<status status="PASS" starttime="20221010 16:28:18.956" endtime="20221010 16:28:19.067"/>
</kw>
<status status="PASS" starttime="20221010 16:28:18.737" endtime="20221010 16:28:19.069"/>
</kw>
<kw name="Entrar no eixo &quot;Operação&quot;" library="1-Principal" sourcename="Entrar no eixo &quot;${nomeEixo}&quot;">
<kw name="Execute Javascript" library="SeleniumLibrary">
<arg>xPathResult = document.evaluate("//div[@class='divEixo'][contains(.,'${nomeEixo}')]", document, null, XPathResult.FIRST_ORDERED_NODE_TYPE, null);</arg>
<doc>Executes the given JavaScript code with possible arguments.</doc>
<msg timestamp="20221010 16:28:19.076" level="INFO">Executing JavaScript:
xPathResult = document.evaluate("//div[@class='divEixo'][contains(.,'Operação')]", document, null, XPathResult.FIRST_ORDERED_NODE_TYPE, null);
Without any arguments.</msg>
<status status="PASS" starttime="20221010 16:28:19.074" endtime="20221010 16:28:26.922"/>
</kw>
<kw name="Execute Javascript" library="SeleniumLibrary">
<arg>xPathResult.singleNodeValue.click()</arg>
<doc>Executes the given JavaScript code with possible arguments.</doc>
<msg timestamp="20221010 16:28:26.926" level="INFO">Executing JavaScript:
xPathResult.singleNodeValue.click()
Without any arguments.</msg>
<status status="PASS" starttime="20221010 16:28:26.924" endtime="20221010 16:28:26.945"/>
</kw>
<status status="PASS" starttime="20221010 16:28:19.071" endtime="20221010 16:28:26.945"/>
</kw>
<kw name="Entrar no módulo &quot;Educandos&quot;" library="1-Principal" sourcename="Entrar no módulo &quot;${nomeModulo}&quot;">
<if>
<branch type="IF" condition="'${nomeModulo}' == 'Gestão'">
<kw name="Execute Javascript" library="SeleniumLibrary">
<arg>xPathResult = document.evaluate("//span[contains(@id,'7')][contains(.,'Gestão')]", document, null, XPathResult.FIRST_ORDERED_NODE_TYPE, null);</arg>
<doc>Executes the given JavaScript code with possible arguments.</doc>
<status status="NOT RUN" starttime="20221010 16:28:26.954" endtime="20221010 16:28:26.955"/>
</kw>
<kw name="Execute Javascript" library="SeleniumLibrary">
<arg>xPathResult.singleNodeValue.click()</arg>
<doc>Executes the given JavaScript code with possible arguments.</doc>
<status status="NOT RUN" starttime="20221010 16:28:26.957" endtime="20221010 16:28:26.959"/>
</kw>
<status status="NOT RUN" starttime="20221010 16:28:26.952" endtime="20221010 16:28:26.960"/>
</branch>
<branch type="ELSE">
<kw name="Execute Javascript" library="SeleniumLibrary">
<arg>xPathResult = document.evaluate("//span[contains(.,'${nomeModulo}')]", document, null, XPathResult.FIRST_ORDERED_NODE_TYPE, null);</arg>
<doc>Executes the given JavaScript code with possible arguments.</doc>
<msg timestamp="20221010 16:28:26.966" level="INFO">Executing JavaScript:
xPathResult = document.evaluate("//span[contains(.,'Educandos')]", document, null, XPathResult.FIRST_ORDERED_NODE_TYPE, null);
Without any arguments.</msg>
<status status="PASS" starttime="20221010 16:28:26.965" endtime="20221010 16:28:27.687"/>
</kw>
<kw name="Execute Javascript" library="SeleniumLibrary">
<arg>xPathResult.singleNodeValue.click()</arg>
<doc>Executes the given JavaScript code with possible arguments.</doc>
<msg timestamp="20221010 16:28:27.689" level="INFO">Executing JavaScript:
xPathResult.singleNodeValue.click()
Without any arguments.</msg>
<status status="PASS" starttime="20221010 16:28:27.688" endtime="20221010 16:28:27.700"/>
</kw>
<status status="PASS" starttime="20221010 16:28:26.960" endtime="20221010 16:28:27.701"/>
</branch>
<status status="PASS" starttime="20221010 16:28:26.951" endtime="20221010 16:28:27.701"/>
</if>
<status status="PASS" starttime="20221010 16:28:26.949" endtime="20221010 16:28:27.701"/>
</kw>
<kw name="Entrar na funcionalidade &quot;Matricular Educando&quot;" library="1-Principal" sourcename="Entrar na funcionalidade &quot;${funcionalidade}&quot;">
<if>
<branch type="IF" condition="'${funcionalidade}' == 'Processo de Demandas'">
<kw name="Execute Javascript" library="SeleniumLibrary">
<arg>xPathResult = document.evaluate("//span[@title='Processo de Demandas']", document, null, XPathResult.FIRST_ORDERED_NODE_TYPE, null);</arg>
<doc>Executes the given JavaScript code with possible arguments.</doc>
<status status="NOT RUN" starttime="20221010 16:28:27.704" endtime="20221010 16:28:27.705"/>
</kw>
<kw name="Execute Javascript" library="SeleniumLibrary">
<arg>xPathResult.singleNodeValue.click()</arg>
<doc>Executes the given JavaScript code with possible arguments.</doc>
<status status="NOT RUN" starttime="20221010 16:28:27.705" endtime="20221010 16:28:27.706"/>
</kw>
<status status="NOT RUN" starttime="20221010 16:28:27.704" endtime="20221010 16:28:27.706"/>
</branch>
<branch type="ELSE">
<kw name="Execute Javascript" library="SeleniumLibrary">
<arg>xPathResult = document.evaluate("//span[contains(@title,'${funcionalidade}')]", document, null, XPathResult.FIRST_ORDERED_NODE_TYPE, null);</arg>
<doc>Executes the given JavaScript code with possible arguments.</doc>
<msg timestamp="20221010 16:28:27.708" level="INFO">Executing JavaScript:
xPathResult = document.evaluate("//span[contains(@title,'Matricular Educando')]", document, null, XPathResult.FIRST_ORDERED_NODE_TYPE, null);
Without any arguments.</msg>
<status status="PASS" starttime="20221010 16:28:27.707" endtime="20221010 16:28:28.732"/>
</kw>
<kw name="Execute Javascript" library="SeleniumLibrary">
<arg>xPathResult.singleNodeValue.click()</arg>
<doc>Executes the given JavaScript code with possible arguments.</doc>
<msg timestamp="20221010 16:28:28.736" level="INFO">Executing JavaScript:
xPathResult.singleNodeValue.click()
Without any arguments.</msg>
<status status="PASS" starttime="20221010 16:28:28.734" endtime="20221010 16:28:28.750"/>
</kw>
<status status="PASS" starttime="20221010 16:28:27.706" endtime="20221010 16:28:28.751"/>
</branch>
<status status="PASS" starttime="20221010 16:28:27.704" endtime="20221010 16:28:28.751"/>
</if>
<kw name="Aguardar tela de carregamento" library="1-Principal">
<kw name="Wait Until Element Is Not Visible" library="SeleniumLibrary">
<arg>class=carregando</arg>
<arg>300</arg>
<doc>Waits until the element ``locator`` is not visible.</doc>
<status status="PASS" starttime="20221010 16:28:28.755" endtime="20221010 16:28:32.501"/>
</kw>
<status status="PASS" starttime="20221010 16:28:28.753" endtime="20221010 16:28:32.501"/>
</kw>
<status status="PASS" starttime="20221010 16:28:27.703" endtime="20221010 16:28:32.502"/>
</kw>
<kw name="Em Matricular Educando, em Ano Letivo da Matrícula, selecionar o ano de &quot;2022&quot;" library="MatricularEducando" sourcename="Em Matricular Educando, em Ano Letivo da Matrícula, selecionar o ano de &quot;${ano}&quot;">
<kw name="Wait Until Page Contains" library="SeleniumLibrary">
<arg>Matricular Educando</arg>
<doc>Waits until ``text`` appears on the current page.</doc>
<status status="PASS" starttime="20221010 16:28:32.505" endtime="20221010 16:28:32.527"/>
</kw>
<kw name="Evaluate" library="BuiltIn">
<var>${anoSeguinte}</var>
<arg>${ano}+1</arg>
<doc>Evaluates the given expression in Python and returns the result.</doc>
<msg timestamp="20221010 16:28:32.528" level="INFO">${anoSeguinte} = 2023</msg>
<status status="PASS" starttime="20221010 16:28:32.527" endtime="20221010 16:28:32.531"/>
</kw>
<kw name="Execute Javascript" library="SeleniumLibrary">
<arg>$('#cphContent_ddlAnoLetivo').val("${anoSeguinte}").trigger('chosen:updated');</arg>
<doc>Executes the given JavaScript code with possible arguments.</doc>
<msg timestamp="20221010 16:28:32.536" level="INFO">Executing JavaScript:
$('#cphContent_ddlAnoLetivo').val("2023").trigger('chosen:updated');
Without any arguments.</msg>
<status status="PASS" starttime="20221010 16:28:32.533" endtime="20221010 16:28:32.545"/>
</kw>
<kw name="Execute Javascript" library="SeleniumLibrary">
<arg>$('#cphContent_ddlAnoLetivo').trigger('change');</arg>
<doc>Executes the given JavaScript code with possible arguments.</doc>
<msg timestamp="20221010 16:28:32.548" level="INFO">Executing JavaScript:
$('#cphContent_ddlAnoLetivo').trigger('change');
Without any arguments.</msg>
<status status="PASS" starttime="20221010 16:28:32.545" endtime="20221010 16:28:32.562"/>
</kw>
<kw name="Aguardar tela de carregamento" library="1-Principal">
<kw name="Wait Until Element Is Not Visible" library="SeleniumLibrary">
<arg>class=carregando</arg>
<arg>300</arg>
<doc>Waits until the element ``locator`` is not visible.</doc>
<status status="PASS" starttime="20221010 16:28:32.569" endtime="20221010 16:28:33.295"/>
</kw>
<status status="PASS" starttime="20221010 16:28:32.564" endtime="20221010 16:28:33.295"/>
</kw>
<kw name="Execute Javascript" library="SeleniumLibrary">
<arg>$('#cphContent_ddlAnoLetivo').val("${ano}").trigger('chosen:updated');</arg>
<doc>Executes the given JavaScript code with possible arguments.</doc>
<msg timestamp="20221010 16:28:33.301" level="INFO">Executing JavaScript:
$('#cphContent_ddlAnoLetivo').val("2022").trigger('chosen:updated');
Without any arguments.</msg>
<status status="PASS" starttime="20221010 16:28:33.296" endtime="20221010 16:28:33.309"/>
</kw>
<kw name="Execute Javascript" library="SeleniumLibrary">
<arg>$('#cphContent_ddlAnoLetivo').trigger('change');</arg>
<doc>Executes the given JavaScript code with possible arguments.</doc>
<msg timestamp="20221010 16:28:33.311" level="INFO">Executing JavaScript:
$('#cphContent_ddlAnoLetivo').trigger('change');
Without any arguments.</msg>
<status status="PASS" starttime="20221010 16:28:33.310" endtime="20221010 16:28:33.326"/>
</kw>
<kw name="Aguardar tela de carregamento" library="1-Principal">
<kw name="Wait Until Element Is Not Visible" library="SeleniumLibrary">
<arg>class=carregando</arg>
<arg>300</arg>
<doc>Waits until the element ``locator`` is not visible.</doc>
<status status="PASS" starttime="20221010 16:28:33.328" endtime="20221010 16:28:34.115"/>
</kw>
<status status="PASS" starttime="20221010 16:28:33.327" endtime="20221010 16:28:34.116"/>
</kw>
<status status="PASS" starttime="20221010 16:28:32.503" endtime="20221010 16:28:34.117"/>
</kw>
<kw name="Em Matricular Educando, em Pessoa que Deseja Matricular, inserir &quot;JOSIAS ADALBERTO&quot;" library="MatricularEducando" sourcename="Em Matricular Educando, em Pessoa que Deseja Matricular, inserir &quot;${alunoMatricula}&quot;">
<kw name="Clear Element Text" library="SeleniumLibrary">
<arg>cphContent_PesquisaPessoa_txtNome</arg>
<doc>Clears the value of the text-input-element identified by ``locator``.</doc>
<status status="PASS" starttime="20221010 16:28:34.120" endtime="20221010 16:28:34.175"/>
</kw>
<kw name="Input Text" library="SeleniumLibrary">
<arg>cphContent_PesquisaPessoa_txtNome</arg>
<arg>${alunoMatricula}</arg>
<doc>Types the given ``text`` into the text field identified by ``locator``.</doc>
<msg timestamp="20221010 16:28:34.176" level="INFO">Typing text 'JOSIAS ADALBERTO' into text field 'cphContent_PesquisaPessoa_txtNome'.</msg>
<status status="PASS" starttime="20221010 16:28:34.175" endtime="20221010 16:28:34.290"/>
</kw>
<status status="PASS" starttime="20221010 16:28:34.118" endtime="20221010 16:28:34.291"/>
</kw>
<kw name="Em Matricular Educando, em Pessoa que Deseja Matricular, clicar em Pesquisar" library="MatricularEducando">
<kw name="Execute Javascript" library="SeleniumLibrary">
<arg>document.getElementById("cphContent_PesquisaPessoa_btnPesquisa").click();</arg>
<doc>Executes the given JavaScript code with possible arguments.</doc>
<msg timestamp="20221010 16:28:34.294" level="INFO">Executing JavaScript:
document.getElementById("cphContent_PesquisaPessoa_btnPesquisa").click();
Without any arguments.</msg>
<status status="PASS" starttime="20221010 16:28:34.293" endtime="20221010 16:28:34.342"/>
</kw>
<kw name="Aguardar tela de carregamento" library="1-Principal">
<kw name="Wait Until Element Is Not Visible" library="SeleniumLibrary">
<arg>class=carregando</arg>
<arg>300</arg>
<doc>Waits until the element ``locator`` is not visible.</doc>
<status status="PASS" starttime="20221010 16:28:34.347" endtime="20221010 16:28:36.946"/>
</kw>
<status status="PASS" starttime="20221010 16:28:34.344" endtime="20221010 16:28:36.947"/>
</kw>
<status status="PASS" starttime="20221010 16:28:34.292" endtime="20221010 16:28:36.948"/>
</kw>
<kw name="Em Matricular Educando, clicar em Sim no Modal" library="MatricularEducando">
<kw name="Wait Until Element Is Visible" library="SeleniumLibrary">
<arg>cphContent_PesquisaPessoa_MensagemPadrao_btnSim</arg>
<doc>Waits until the element ``locator`` is visible.</doc>
<status status="PASS" starttime="20221010 16:28:36.951" endtime="20221010 16:28:36.975"/>
</kw>
<kw name="Execute Javascript" library="SeleniumLibrary">
<arg>document.getElementById("cphContent_PesquisaPessoa_MensagemPadrao_btnSim").click();</arg>
<doc>Executes the given JavaScript code with possible arguments.</doc>
<msg timestamp="20221010 16:28:36.977" level="INFO">Executing JavaScript:
document.getElementById("cphContent_PesquisaPessoa_MensagemPadrao_btnSim").click();
Without any arguments.</msg>
<status status="PASS" starttime="20221010 16:28:36.976" endtime="20221010 16:28:37.025"/>
</kw>
<kw name="Aguardar tela de carregamento" library="1-Principal">
<kw name="Wait Until Element Is Not Visible" library="SeleniumLibrary">
<arg>class=carregando</arg>
<arg>300</arg>
<doc>Waits until the element ``locator`` is not visible.</doc>
<status status="PASS" starttime="20221010 16:28:37.032" endtime="20221010 16:28:38.986"/>
</kw>
<status status="PASS" starttime="20221010 16:28:37.028" endtime="20221010 16:28:38.986"/>
</kw>
<status status="PASS" starttime="20221010 16:28:36.949" endtime="20221010 16:28:38.986"/>
</kw>
<kw name="Em Cadastro de Pessoa, no campo Nome, inserir um nome aleatório" library="CadastroPessoa">
<kw name="Name Male" library="FakerLibrary">
<var>${nomeCompletoAluno}</var>
<msg timestamp="20221010 16:28:38.989" level="INFO">${nomeCompletoAluno} = Antônio da Cunha</msg>
<status status="PASS" starttime="20221010 16:28:38.989" endtime="20221010 16:28:38.991"/>
</kw>
<kw name="Replace String" library="String">
<var>${nomeCompletoAluno}</var>
<arg>${nomeCompletoAluno}</arg>
<arg>ç</arg>
<arg>c</arg>
<doc>Replaces ``search_for`` in the given ``string`` with ``replace_with``.</doc>
<msg timestamp="20221010 16:28:38.992" level="INFO">${nomeCompletoAluno} = Antônio da Cunha</msg>
<status status="PASS" starttime="20221010 16:28:38.991" endtime="20221010 16:28:38.993"/>
</kw>
<kw name="Replace String" library="String">
<var>${nomeCompletoAluno}</var>
<arg>${nomeCompletoAluno}</arg>
<arg>ê</arg>
<arg>e</arg>
<doc>Replaces ``search_for`` in the given ``string`` with ``replace_with``.</doc>
<msg timestamp="20221010 16:28:38.995" level="INFO">${nomeCompletoAluno} = Antônio da Cunha</msg>
<status status="PASS" starttime="20221010 16:28:38.994" endtime="20221010 16:28:38.998"/>
</kw>
<kw name="Replace String" library="String">
<var>${nomeCompletoAluno}</var>
<arg>${nomeCompletoAluno}</arg>
<arg>í</arg>
<arg>i</arg>
<doc>Replaces ``search_for`` in the given ``string`` with ``replace_with``.</doc>
<msg timestamp="20221010 16:28:38.999" level="INFO">${nomeCompletoAluno} = Antônio da Cunha</msg>
<status status="PASS" starttime="20221010 16:28:38.998" endtime="20221010 16:28:39.000"/>
</kw>
<kw name="Replace String" library="String">
<var>${nomeCompletoAluno}</var>
<arg>${nomeCompletoAluno}</arg>
<arg>ô</arg>
<arg>o</arg>
<doc>Replaces ``search_for`` in the given ``string`` with ``replace_with``.</doc>
<msg timestamp="20221010 16:28:39.002" level="INFO">${nomeCompletoAluno} = Antonio da Cunha</msg>
<status status="PASS" starttime="20221010 16:28:39.001" endtime="20221010 16:28:39.004"/>
</kw>
<kw name="Replace String" library="String">
<var>${nomeCompletoAluno}</var>
<arg>${nomeCompletoAluno}</arg>
<arg>ã</arg>
<arg>a</arg>
<doc>Replaces ``search_for`` in the given ``string`` with ``replace_with``.</doc>
<msg timestamp="20221010 16:28:39.006" level="INFO">${nomeCompletoAluno} = Antonio da Cunha</msg>
<status status="PASS" starttime="20221010 16:28:39.005" endtime="20221010 16:28:39.007"/>
</kw>
<kw name="Replace String" library="String">
<var>${nomeCompletoAluno}</var>
<arg>${nomeCompletoAluno}</arg>
<arg>á</arg>
<arg>a</arg>
<doc>Replaces ``search_for`` in the given ``string`` with ``replace_with``.</doc>
<msg timestamp="20221010 16:28:39.010" level="INFO">${nomeCompletoAluno} = Antonio da Cunha</msg>
<status status="PASS" starttime="20221010 16:28:39.008" endtime="20221010 16:28:39.012"/>
</kw>
<kw name="Fetch From Right" library="String">
<var>${nomeCompletoAluno}</var>
<arg>${nomeCompletoAluno}</arg>
<arg>.</arg>
<doc>Returns contents of the ``string`` after the last occurrence of ``marker``.</doc>
<msg timestamp="20221010 16:28:39.016" level="INFO">${nomeCompletoAluno} = Antonio da Cunha</msg>
<status status="PASS" starttime="20221010 16:28:39.014" endtime="20221010 16:28:39.019"/>
</kw>
<kw name="Strip String" library="String">
<var>${nomeCompletoAluno}</var>
<arg>${nomeCompletoAluno}</arg>
<arg>both</arg>
<doc>Remove leading and/or trailing whitespaces from the given string.</doc>
<msg timestamp="20221010 16:28:39.022" level="INFO">${nomeCompletoAluno} = Antonio da Cunha</msg>
<status status="PASS" starttime="20221010 16:28:39.020" endtime="20221010 16:28:39.024"/>
</kw>
<kw name="Set Suite Variable" library="BuiltIn">
<arg>${nomeCompletoAluno}</arg>
<doc>Makes a variable available everywhere within the scope of the current suite.</doc>
<msg timestamp="20221010 16:28:39.026" level="INFO">${nomeCompletoAluno} = Antonio da Cunha</msg>
<status status="PASS" starttime="20221010 16:28:39.025" endtime="20221010 16:28:39.029"/>
</kw>
<kw name="Input Text" library="SeleniumLibrary">
<arg>${campoNomeCadastroPessoa}</arg>
<arg>${nomeCompletoAluno}</arg>
<doc>Types the given ``text`` into the text field identified by ``locator``.</doc>
<msg timestamp="20221010 16:28:39.032" level="INFO">Typing text 'Antonio da Cunha' into text field 'cphContent_ucDadosPessoais_txtNomeCompleto'.</msg>
<status status="PASS" starttime="20221010 16:28:39.030" endtime="20221010 16:28:39.258"/>
</kw>
<status status="PASS" starttime="20221010 16:28:38.987" endtime="20221010 16:28:39.259"/>
</kw>
<kw name="Em Cadastro de Pessoa, no campo Sexo, selecionar &quot;MASCULINO&quot;" library="CadastroPessoa" sourcename="Em Cadastro de Pessoa, no campo Sexo, selecionar &quot;${sexo}&quot;">
<kw name="Run Keyword If" library="BuiltIn">
<arg>'${sexo}' == 'FEMININO'</arg>
<arg>Execute JavaScript</arg>
<arg>$('#${campoSexoPessoa}').val("1").trigger('chosen:updated');</arg>
<doc>Runs the given keyword with the given arguments, if ``condition`` is true.</doc>
<status status="PASS" starttime="20221010 16:28:39.261" endtime="20221010 16:28:39.262"/>
</kw>
<kw name="Run Keyword If" library="BuiltIn">
<arg>'${sexo}' == 'MASCULINO'</arg>
<arg>Execute JavaScript</arg>
<arg>$('#${campoSexoPessoa}').val("2").trigger('chosen:updated');</arg>
<doc>Runs the given keyword with the given arguments, if ``condition`` is true.</doc>
<kw name="Execute Javascript" library="SeleniumLibrary">
<arg>$('#${campoSexoPessoa}').val("2").trigger('chosen:updated');</arg>
<doc>Executes the given JavaScript code with possible arguments.</doc>
<msg timestamp="20221010 16:28:39.269" level="INFO">Executing JavaScript:
$('#cphContent_ucDadosPessoais_ddlSexo').val("2").trigger('chosen:updated');
Without any arguments.</msg>
<status status="PASS" starttime="20221010 16:28:39.266" endtime="20221010 16:28:39.285"/>
</kw>
<status status="PASS" starttime="20221010 16:28:39.264" endtime="20221010 16:28:39.286"/>
</kw>
<kw name="Run Keyword If" library="BuiltIn">
<arg>'${sexo}' == 'NÃO INFORMADO'</arg>
<arg>Execute JavaScript</arg>
<arg>$('#${campoSexoPessoa}').val("3").trigger('chosen:updated');</arg>
<doc>Runs the given keyword with the given arguments, if ``condition`` is true.</doc>
<status status="PASS" starttime="20221010 16:28:39.286" endtime="20221010 16:28:39.287"/>
</kw>
<status status="PASS" starttime="20221010 16:28:39.260" endtime="20221010 16:28:39.289"/>
</kw>
<kw name="Em Cadastro de Pessoa, no campo Data de Nascimento, inserir a data &quot;07/03/1996&quot;" library="CadastroPessoa" sourcename="Em Cadastro de Pessoa, no campo Data de Nascimento, inserir a data &quot;${dataNascimento}&quot;">
<kw name="Set Suite Variable" library="BuiltIn">
<arg>${dataNascimento}</arg>
<doc>Makes a variable available everywhere within the scope of the current suite.</doc>
<msg timestamp="20221010 16:28:39.293" level="INFO">${dataNascimento} = 07/03/1996</msg>
<status status="PASS" starttime="20221010 16:28:39.292" endtime="20221010 16:28:39.294"/>
</kw>
<kw name="Input Text" library="SeleniumLibrary">
<arg>${campoDataNascimento}</arg>
<arg>${dataNascimento}</arg>
<doc>Types the given ``text`` into the text field identified by ``locator``.</doc>
<msg timestamp="20221010 16:28:39.298" level="INFO">Typing text '07/03/1996' into text field 'txtDNasc'.</msg>
<status status="PASS" starttime="20221010 16:28:39.296" endtime="20221010 16:28:39.459"/>
</kw>
<status status="PASS" starttime="20221010 16:28:39.290" endtime="20221010 16:28:39.459"/>
</kw>
<kw name="Clicar no checkbox Pessoa não possui correio eletrônico" library="CadastroPessoa">
<kw name="Execute Javascript" library="SeleniumLibrary">
<arg>document.getElementById("${naoPossuiEmail}").click();</arg>
<doc>Executes the given JavaScript code with possible arguments.</doc>
<msg timestamp="20221010 16:28:39.466" level="INFO">Executing JavaScript:
document.getElementById("cphContent_ucDadosPessoais_chkNaoPossuiEmail").click();
Without any arguments.</msg>
<status status="PASS" starttime="20221010 16:28:39.464" endtime="20221010 16:28:39.484"/>
</kw>
<kw name="Aguardar tela de carregamento" library="1-Principal">
<kw name="Wait Until Element Is Not Visible" library="SeleniumLibrary">
<arg>class=carregando</arg>
<arg>300</arg>
<doc>Waits until the element ``locator`` is not visible.</doc>
<status status="PASS" starttime="20221010 16:28:39.486" endtime="20221010 16:28:40.328"/>
</kw>
<status status="PASS" starttime="20221010 16:28:39.485" endtime="20221010 16:28:40.328"/>
</kw>
<status status="PASS" starttime="20221010 16:28:39.463" endtime="20221010 16:28:40.329"/>
</kw>
<kw name="Em Cadastro de Pessoa, no campo Nacionalidade, selecionar &quot;BRASILEIRA&quot;" library="CadastroPessoa" sourcename="Em Cadastro de Pessoa, no campo Nacionalidade, selecionar &quot;${nacionalidade}&quot;">
<kw name="Run Keyword If" library="BuiltIn">
<arg>'${nacionalidade}' == 'BRASILEIRA'</arg>
<arg>Execute JavaScript</arg>
<arg>$('#${campoNacionalidadePessoa}').val("1").trigger('chosen:updated');</arg>
<doc>Runs the given keyword with the given arguments, if ``condition`` is true.</doc>
<kw name="Execute Javascript" library="SeleniumLibrary">
<arg>$('#${campoNacionalidadePessoa}').val("1").trigger('chosen:updated');</arg>
<doc>Executes the given JavaScript code with possible arguments.</doc>
<msg timestamp="20221010 16:28:40.334" level="INFO">Executing JavaScript:
$('#cphContent_ucDadosPessoais_ddlNacionalidade').val("1").trigger('chosen:updated');
Without any arguments.</msg>
<status status="PASS" starttime="20221010 16:28:40.334" endtime="20221010 16:28:40.348"/>
</kw>
<status status="PASS" starttime="20221010 16:28:40.333" endtime="20221010 16:28:40.349"/>
</kw>
<kw name="Run Keyword If" library="BuiltIn">
<arg>'${nacionalidade}' == 'BRASILEIRO NASCIDO NO EXTERIOR'</arg>
<arg>Execute JavaScript</arg>
<arg>$('#${campoNacionalidadePessoa}').val("2").trigger('chosen:updated');</arg>
<doc>Runs the given keyword with the given arguments, if ``condition`` is true.</doc>
<status status="PASS" starttime="20221010 16:28:40.350" endtime="20221010 16:28:40.353"/>
</kw>
<kw name="Run Keyword If" library="BuiltIn">
<arg>'${nacionalidade}' == 'ESTRANGEIRO'</arg>
<arg>Execute JavaScript</arg>
<arg>$('#${campoNacionalidadePessoa}').val("3").trigger('chosen:updated');</arg>
<doc>Runs the given keyword with the given arguments, if ``condition`` is true.</doc>
<status status="PASS" starttime="20221010 16:28:40.354" endtime="20221010 16:28:40.355"/>
</kw>
<kw name="Execute Javascript" library="SeleniumLibrary">
<arg>$('#${campoNacionalidadePessoa}').trigger('change');</arg>
<doc>Executes the given JavaScript code with possible arguments.</doc>
<msg timestamp="20221010 16:28:40.358" level="INFO">Executing JavaScript:
$('#cphContent_ucDadosPessoais_ddlNacionalidade').trigger('change');
Without any arguments.</msg>
<status status="PASS" starttime="20221010 16:28:40.356" endtime="20221010 16:28:40.372"/>
</kw>
<kw name="Aguardar tela de carregamento" library="1-Principal">
<kw name="Wait Until Element Is Not Visible" library="SeleniumLibrary">
<arg>class=carregando</arg>
<arg>300</arg>
<doc>Waits until the element ``locator`` is not visible.</doc>
<status status="PASS" starttime="20221010 16:28:40.375" endtime="20221010 16:28:41.344"/>
</kw>
<status status="PASS" starttime="20221010 16:28:40.373" endtime="20221010 16:28:41.344"/>
</kw>
<status status="PASS" starttime="20221010 16:28:40.331" endtime="20221010 16:28:41.347"/>
</kw>
<kw name="Em Cadastro de Pessoa, no campo UF Nascimento, selecionar &quot;SP&quot;" library="CadastroPessoa" sourcename="Em Cadastro de Pessoa, no campo UF Nascimento, selecionar &quot;${UF}&quot;">
<kw name="Run Keyword If" library="BuiltIn">
<arg>'${UF}' == 'PE'</arg>
<arg>Execute JavaScript</arg>
<arg>$('#${campoUFNascimento}').val("1").trigger('chosen:updated');</arg>
<doc>Runs the given keyword with the given arguments, if ``condition`` is true.</doc>
<status status="PASS" starttime="20221010 16:28:41.351" endtime="20221010 16:28:41.353"/>
</kw>
<kw name="Run Keyword If" library="BuiltIn">
<arg>'${UF}' == 'PE'</arg>
<arg>Execute JavaScript</arg>
<arg>$('#${campoUFNascimento}').val("1").trigger('change');</arg>
<doc>Runs the given keyword with the given arguments, if ``condition`` is true.</doc>
<status status="PASS" starttime="20221010 16:28:41.354" endtime="20221010 16:28:41.355"/>
</kw>
<kw name="Run Keyword If" library="BuiltIn">
<arg>'${UF}' == 'PB'</arg>
<arg>Execute JavaScript</arg>
<arg>$('#${campoUFNascimento}').val("2").trigger('chosen:updated');</arg>
<doc>Runs the given keyword with the given arguments, if ``condition`` is true.</doc>
<status status="PASS" starttime="20221010 16:28:41.356" endtime="20221010 16:28:41.357"/>
</kw>
<kw name="Run Keyword If" library="BuiltIn">
<arg>'${UF}' == 'PB'</arg>
<arg>Execute JavaScript</arg>
<arg>$('#${campoUFNascimento}').val("2").trigger('change');</arg>
<doc>Runs the given keyword with the given arguments, if ``condition`` is true.</doc>
<status status="PASS" starttime="20221010 16:28:41.358" endtime="20221010 16:28:41.359"/>
</kw>
<kw name="Run Keyword If" library="BuiltIn">
<arg>'${UF}' == 'PA'</arg>
<arg>Execute JavaScript</arg>
<arg>$('#${campoUFNascimento}').val("3").trigger('chosen:updated');</arg>
<doc>Runs the given keyword with the given arguments, if ``condition`` is true.</doc>
<status status="PASS" starttime="20221010 16:28:41.359" endtime="20221010 16:28:41.360"/>
</kw>
<kw name="Run Keyword If" library="BuiltIn">
<arg>'${UF}' == 'PA'</arg>
<arg>Execute JavaScript</arg>
<arg>$('#${campoUFNascimento}').val("3").trigger('change');</arg>
<doc>Runs the given keyword with the given arguments, if ``condition`` is true.</doc>
<status status="PASS" starttime="20221010 16:28:41.361" endtime="20221010 16:28:41.361"/>
</kw>
<kw name="Run Keyword If" library="BuiltIn">
<arg>'${UF}' == 'RS'</arg>
<arg>Execute JavaScript</arg>
<arg>$('#${campoUFNascimento}').val("4").trigger('chosen:updated');</arg>
<doc>Runs the given keyword with the given arguments, if ``condition`` is true.</doc>
<status status="PASS" starttime="20221010 16:28:41.361" endtime="20221010 16:28:41.363"/>
</kw>
<kw name="Run Keyword If" library="BuiltIn">
<arg>'${UF}' == 'RS'</arg>
<arg>Execute JavaScript</arg>
<arg>$('#${campoUFNascimento}').val("4").trigger('change');</arg>
<doc>Runs the given keyword with the given arguments, if ``condition`` is true.</doc>
<status status="PASS" starttime="20221010 16:28:41.364" endtime="20221010 16:28:41.365"/>
</kw>
<kw name="Run Keyword If" library="BuiltIn">
<arg>'${UF}' == 'AC'</arg>
<arg>Execute JavaScript</arg>
<arg>$('#${campoUFNascimento}').val("5").trigger('chosen:updated');</arg>
<doc>Runs the given keyword with the given arguments, if ``condition`` is true.</doc>
<status status="PASS" starttime="20221010 16:28:41.366" endtime="20221010 16:28:41.367"/>
</kw>
<kw name="Run Keyword If" library="BuiltIn">
<arg>'${UF}' == 'AC'</arg>
<arg>Execute JavaScript</arg>
<arg>$('#${campoUFNascimento}').val("5").trigger('change');</arg>
<doc>Runs the given keyword with the given arguments, if ``condition`` is true.</doc>
<status status="PASS" starttime="20221010 16:28:41.369" endtime="20221010 16:28:41.370"/>
</kw>
<kw name="Run Keyword If" library="BuiltIn">
<arg>'${UF}' == 'BA'</arg>
<arg>Execute JavaScript</arg>
<arg>$('#${campoUFNascimento}').val("6").trigger('chosen:updated');</arg>
<doc>Runs the given keyword with the given arguments, if ``condition`` is true.</doc>
<status status="PASS" starttime="20221010 16:28:41.371" endtime="20221010 16:28:41.372"/>
</kw>
<kw name="Run Keyword If" library="BuiltIn">
<arg>'${UF}' == 'BA'</arg>
<arg>Execute JavaScript</arg>
<arg>$('#${campoUFNascimento}').val("6").trigger('change');</arg>
<doc>Runs the given keyword with the given arguments, if ``condition`` is true.</doc>
<status status="PASS" starttime="20221010 16:28:41.373" endtime="20221010 16:28:41.374"/>
</kw>
<kw name="Run Keyword If" library="BuiltIn">
<arg>'${UF}' == 'SP'</arg>
<arg>Execute JavaScript</arg>
<arg>$('#${campoUFNascimento}').val("7").trigger('chosen:updated');</arg>
<doc>Runs the given keyword with the given arguments, if ``condition`` is true.</doc>
<kw name="Execute Javascript" library="SeleniumLibrary">
<arg>$('#${campoUFNascimento}').val("7").trigger('chosen:updated');</arg>
<doc>Executes the given JavaScript code with possible arguments.</doc>
<msg timestamp="20221010 16:28:41.377" level="INFO">Executing JavaScript:
$('#cphContent_ucDadosPessoais_ddlUfNascimento').val("7").trigger('chosen:updated');
Without any arguments.</msg>
<status status="PASS" starttime="20221010 16:28:41.376" endtime="20221010 16:28:41.392"/>
</kw>
<status status="PASS" starttime="20221010 16:28:41.375" endtime="20221010 16:28:41.393"/>
</kw>
<kw name="Run Keyword If" library="BuiltIn">
<arg>'${UF}' == 'SP'</arg>
<arg>Execute JavaScript</arg>
<arg>$('#${campoUFNascimento}').val("7").trigger('change');</arg>
<doc>Runs the given keyword with the given arguments, if ``condition`` is true.</doc>
<kw name="Execute Javascript" library="SeleniumLibrary">
<arg>$('#${campoUFNascimento}').val("7").trigger('change');</arg>
<doc>Executes the given JavaScript code with possible arguments.</doc>
<msg timestamp="20221010 16:28:41.397" level="INFO">Executing JavaScript:
$('#cphContent_ucDadosPessoais_ddlUfNascimento').val("7").trigger('change');
Without any arguments.</msg>
<status status="PASS" starttime="20221010 16:28:41.395" endtime="20221010 16:28:41.409"/>
</kw>
<status status="PASS" starttime="20221010 16:28:41.393" endtime="20221010 16:28:41.409"/>
</kw>
<kw name="Run Keyword If" library="BuiltIn">
<arg>'${UF}' == 'SC'</arg>
<arg>Execute JavaScript</arg>
<arg>$('#${campoUFNascimento}').val("8").trigger('chosen:updated');</arg>
<doc>Runs the given keyword with the given arguments, if ``condition`` is true.</doc>
<status status="PASS" starttime="20221010 16:28:41.410" endtime="20221010 16:28:41.411"/>
</kw>
<kw name="Run Keyword If" library="BuiltIn">
<arg>'${UF}' == 'SC'</arg>
<arg>Execute JavaScript</arg>
<arg>$('#${campoUFNascimento}').val("8").trigger('change');</arg>
<doc>Runs the given keyword with the given arguments, if ``condition`` is true.</doc>
<status status="PASS" starttime="20221010 16:28:41.411" endtime="20221010 16:28:41.415"/>
</kw>
<kw name="Run Keyword If" library="BuiltIn">
<arg>'${UF}' == 'SE'</arg>
<arg>Execute JavaScript</arg>
<arg>$('#${campoUFNascimento}').val("9").trigger('chosen:updated');</arg>
<doc>Runs the given keyword with the given arguments, if ``condition`` is true.</doc>
<status status="PASS" starttime="20221010 16:28:41.417" endtime="20221010 16:28:41.419"/>
</kw>
<kw name="Run Keyword If" library="BuiltIn">
<arg>'${UF}' == 'SE'</arg>
<arg>Execute JavaScript</arg>
<arg>$('#${campoUFNascimento}').val("9").trigger('change');</arg>
<doc>Runs the given keyword with the given arguments, if ``condition`` is true.</doc>
<status status="PASS" starttime="20221010 16:28:41.420" endtime="20221010 16:28:41.421"/>
</kw>
<kw name="Run Keyword If" library="BuiltIn">
<arg>'${UF}' == 'MA'</arg>
<arg>Execute JavaScript</arg>
<arg>$('#${campoUFNascimento}').val("10").trigger('chosen:updated');</arg>
<doc>Runs the given keyword with the given arguments, if ``condition`` is true.</doc>
<status status="PASS" starttime="20221010 16:28:41.422" endtime="20221010 16:28:41.422"/>
</kw>
<kw name="Run Keyword If" library="BuiltIn">
<arg>'${UF}' == 'MA'</arg>
<arg>Execute JavaScript</arg>
<arg>$('#${campoUFNascimento}').val("10").trigger('change');</arg>
<doc>Runs the given keyword with the given arguments, if ``condition`` is true.</doc>
<status status="PASS" starttime="20221010 16:28:41.423" endtime="20221010 16:28:41.423"/>
</kw>
<kw name="Run Keyword If" library="BuiltIn">
<arg>'${UF}' == 'TO'</arg>
<arg>Execute JavaScript</arg>
<arg>$('#${campoUFNascimento}').val("11").trigger('chosen:updated');</arg>
<doc>Runs the given keyword with the given arguments, if ``condition`` is true.</doc>
<status status="PASS" starttime="20221010 16:28:41.424" endtime="20221010 16:28:41.424"/>
</kw>
<kw name="Run Keyword If" library="BuiltIn">
<arg>'${UF}' == 'TO'</arg>
<arg>Execute JavaScript</arg>
<arg>$('#${campoUFNascimento}').val("11").trigger('change');</arg>
<doc>Runs the given keyword with the given arguments, if ``condition`` is true.</doc>
<status status="PASS" starttime="20221010 16:28:41.425" endtime="20221010 16:28:41.425"/>
</kw>
<kw name="Run Keyword If" library="BuiltIn">
<arg>'${UF}' == 'RO'</arg>
<arg>Execute JavaScript</arg>
<arg>$('#${campoUFNascimento}').val("12").trigger('chosen:updated');</arg>
<doc>Runs the given keyword with the given arguments, if ``condition`` is true.</doc>
<status status="PASS" starttime="20221010 16:28:41.426" endtime="20221010 16:28:41.426"/>
</kw>
<kw name="Run Keyword If" library="BuiltIn">
<arg>'${UF}' == 'RO'</arg>
<arg>Execute JavaScript</arg>
<arg>$('#${campoUFNascimento}').val("12").trigger('change');</arg>
<doc>Runs the given keyword with the given arguments, if ``condition`` is true.</doc>
<status status="PASS" starttime="20221010 16:28:41.427" endtime="20221010 16:28:41.428"/>
</kw>
<kw name="Run Keyword If" library="BuiltIn">
<arg>'${UF}' == 'DF'</arg>
<arg>Execute JavaScript</arg>
<arg>$('#${campoUFNascimento}').val("13").trigger('chosen:updated');</arg>
<doc>Runs the given keyword with the given arguments, if ``condition`` is true.</doc>
<status status="PASS" starttime="20221010 16:28:41.429" endtime="20221010 16:28:41.431"/>
</kw>
<kw name="Run Keyword If" library="BuiltIn">
<arg>'${UF}' == 'DF'</arg>
<arg>Execute JavaScript</arg>
<arg>$('#${campoUFNascimento}').val("13").trigger('change');</arg>
<doc>Runs the given keyword with the given arguments, if ``condition`` is true.</doc>
<status status="PASS" starttime="20221010 16:28:41.432" endtime="20221010 16:28:41.433"/>
</kw>
<kw name="Run Keyword If" library="BuiltIn">
<arg>'${UF}' == 'MT'</arg>
<arg>Execute JavaScript</arg>
<arg>$('#${campoUFNascimento}').val("14").trigger('chosen:updated');</arg>
<doc>Runs the given keyword with the given arguments, if ``condition`` is true.</doc>
<status status="PASS" starttime="20221010 16:28:41.434" endtime="20221010 16:28:41.434"/>
</kw>
<kw name="Run Keyword If" library="BuiltIn">
<arg>'${UF}' == 'MT'</arg>
<arg>Execute JavaScript</arg>
<arg>$('#${campoUFNascimento}').val("14").trigger('change');</arg>
<doc>Runs the given keyword with the given arguments, if ``condition`` is true.</doc>
<status status="PASS" starttime="20221010 16:28:41.435" endtime="20221010 16:28:41.436"/>
</kw>
<kw name="Run Keyword If" library="BuiltIn">
<arg>'${UF}' == 'PR'</arg>
<arg>Execute JavaScript</arg>
<arg>$('#${campoUFNascimento}').val("15").trigger('chosen:updated');</arg>
<doc>Runs the given keyword with the given arguments, if ``condition`` is true.</doc>
<status status="PASS" starttime="20221010 16:28:41.436" endtime="20221010 16:28:41.436"/>
</kw>
<kw name="Run Keyword If" library="BuiltIn">
<arg>'${UF}' == 'PR'</arg>
<arg>Execute JavaScript</arg>
<arg>$('#${campoUFNascimento}').val("15").trigger('change');</arg>
<doc>Runs the given keyword with the given arguments, if ``condition`` is true.</doc>
<status status="PASS" starttime="20221010 16:28:41.437" endtime="20221010 16:28:41.437"/>
</kw>
<kw name="Run Keyword If" library="BuiltIn">
<arg>'${UF}' == 'CE'</arg>
<arg>Execute JavaScript</arg>
<arg>$('#${campoUFNascimento}').val("16").trigger('chosen:updated');</arg>
<doc>Runs the given keyword with the given arguments, if ``condition`` is true.</doc>
<status status="PASS" starttime="20221010 16:28:41.438" endtime="20221010 16:28:41.438"/>
</kw>
<kw name="Run Keyword If" library="BuiltIn">
<arg>'${UF}' == 'CE'</arg>
<arg>Execute JavaScript</arg>
<arg>$('#${campoUFNascimento}').val("16").trigger('change');</arg>
<doc>Runs the given keyword with the given arguments, if ``condition`` is true.</doc>
<status status="PASS" starttime="20221010 16:28:41.439" endtime="20221010 16:28:41.439"/>
</kw>
<kw name="Run Keyword If" library="BuiltIn">
<arg>'${UF}' == 'AL'</arg>
<arg>Execute JavaScript</arg>
<arg>$('#${campoUFNascimento}').val("17").trigger('chosen:updated');</arg>
<doc>Runs the given keyword with the given arguments, if ``condition`` is true.</doc>
<status status="PASS" starttime="20221010 16:28:41.440" endtime="20221010 16:28:41.440"/>
</kw>
<kw name="Run Keyword If" library="BuiltIn">
<arg>'${UF}' == 'AL'</arg>
<arg>Execute JavaScript</arg>
<arg>$('#${campoUFNascimento}').val("17").trigger('change');</arg>
<doc>Runs the given keyword with the given arguments, if ``condition`` is true.</doc>
<status status="PASS" starttime="20221010 16:28:41.440" endtime="20221010 16:28:41.441"/>
</kw>
<kw name="Run Keyword If" library="BuiltIn">
<arg>'${UF}' == 'RR'</arg>
<arg>Execute JavaScript</arg>
<arg>$('#${campoUFNascimento}').val("18").trigger('chosen:updated');</arg>
<doc>Runs the given keyword with the given arguments, if ``condition`` is true.</doc>
<status status="PASS" starttime="20221010 16:28:41.441" endtime="20221010 16:28:41.441"/>
</kw>
<kw name="Run Keyword If" library="BuiltIn">
<arg>'${UF}' == 'RR'</arg>
<arg>Execute JavaScript</arg>
<arg>$('#${campoUFNascimento}').val("18").trigger('change');</arg>
<doc>Runs the given keyword with the given arguments, if ``condition`` is true.</doc>
<status status="PASS" starttime="20221010 16:28:41.442" endtime="20221010 16:28:41.442"/>
</kw>
<kw name="Run Keyword If" library="BuiltIn">
<arg>'${UF}' == 'MG'</arg>
<arg>Execute JavaScript</arg>
<arg>$('#${campoUFNascimento}').val("19").trigger('chosen:updated');</arg>
<doc>Runs the given keyword with the given arguments, if ``condition`` is true.</doc>
<status status="PASS" starttime="20221010 16:28:41.443" endtime="20221010 16:28:41.443"/>
</kw>
<kw name="Run Keyword If" library="BuiltIn">
<arg>'${UF}' == 'MG'</arg>
<arg>Execute JavaScript</arg>
<arg>$('#${campoUFNascimento}').val("19").trigger('change');</arg>
<doc>Runs the given keyword with the given arguments, if ``condition`` is true.</doc>
<status status="PASS" starttime="20221010 16:28:41.443" endtime="20221010 16:28:41.444"/>
</kw>
<kw name="Run Keyword If" library="BuiltIn">
<arg>'${UF}' == 'MS'</arg>
<arg>Execute JavaScript</arg>
<arg>$('#${campoUFNascimento}').val("20").trigger('chosen:updated');</arg>
<doc>Runs the given keyword with the given arguments, if ``condition`` is true.</doc>
<status status="PASS" starttime="20221010 16:28:41.444" endtime="20221010 16:28:41.445"/>
</kw>
<kw name="Run Keyword If" library="BuiltIn">
<arg>'${UF}' == 'MS'</arg>
<arg>Execute JavaScript</arg>
<arg>$('#${campoUFNascimento}').val("20").trigger('change');</arg>
<doc>Runs the given keyword with the given arguments, if ``condition`` is true.</doc>
<status status="PASS" starttime="20221010 16:28:41.446" endtime="20221010 16:28:41.447"/>
</kw>
<kw name="Run Keyword If" library="BuiltIn">
<arg>'${UF}' == 'GO'</arg>
<arg>Execute JavaScript</arg>
<arg>$('#${campoUFNascimento}').val("21").trigger('chosen:updated');</arg>
<doc>Runs the given keyword with the given arguments, if ``condition`` is true.</doc>
<status status="PASS" starttime="20221010 16:28:41.448" endtime="20221010 16:28:41.449"/>
</kw>
<kw name="Run Keyword If" library="BuiltIn">
<arg>'${UF}' == 'GO'</arg>
<arg>Execute JavaScript</arg>
<arg>$('#${campoUFNascimento}').val("21").trigger('change');</arg>
<doc>Runs the given keyword with the given arguments, if ``condition`` is true.</doc>
<status status="PASS" starttime="20221010 16:28:41.449" endtime="20221010 16:28:41.450"/>
</kw>
<kw name="Run Keyword If" library="BuiltIn">
<arg>'${UF}' == 'RN'</arg>
<arg>Execute JavaScript</arg>
<arg>$('#${campoUFNascimento}').val("22").trigger('chosen:updated');</arg>
<doc>Runs the given keyword with the given arguments, if ``condition`` is true.</doc>
<status status="PASS" starttime="20221010 16:28:41.450" endtime="20221010 16:28:41.451"/>
</kw>
<kw name="Run Keyword If" library="BuiltIn">
<arg>'${UF}' == 'RN'</arg>
<arg>Execute JavaScript</arg>
<arg>$('#${campoUFNascimento}').val("22").trigger('change');</arg>
<doc>Runs the given keyword with the given arguments, if ``condition`` is true.</doc>
<status status="PASS" starttime="20221010 16:28:41.451" endtime="20221010 16:28:41.452"/>
</kw>
<kw name="Run Keyword If" library="BuiltIn">
<arg>'${UF}' == 'AP'</arg>
<arg>Execute JavaScript</arg>
<arg>$('#${campoUFNascimento}').val("23").trigger('chosen:updated');</arg>
<doc>Runs the given keyword with the given arguments, if ``condition`` is true.</doc>
<status status="PASS" starttime="20221010 16:28:41.452" endtime="20221010 16:28:41.452"/>
</kw>
<kw name="Run Keyword If" library="BuiltIn">
<arg>'${UF}' == 'AP'</arg>
<arg>Execute JavaScript</arg>
<arg>$('#${campoUFNascimento}').val("23").trigger('change');</arg>
<doc>Runs the given keyword with the given arguments, if ``condition`` is true.</doc>
<status status="PASS" starttime="20221010 16:28:41.453" endtime="20221010 16:28:41.453"/>
</kw>
<kw name="Run Keyword If" library="BuiltIn">
<arg>'${UF}' == 'RJ'</arg>
<arg>Execute JavaScript</arg>
<arg>$('#${campoUFNascimento}').val("24").trigger('chosen:updated');</arg>
<doc>Runs the given keyword with the given arguments, if ``condition`` is true.</doc>
<status status="PASS" starttime="20221010 16:28:41.453" endtime="20221010 16:28:41.455"/>
</kw>
<kw name="Run Keyword If" library="BuiltIn">
<arg>'${UF}' == 'RJ'</arg>
<arg>Execute JavaScript</arg>
<arg>$('#${campoUFNascimento}').val("24").trigger('change');</arg>
<doc>Runs the given keyword with the given arguments, if ``condition`` is true.</doc>
<status status="PASS" starttime="20221010 16:28:41.455" endtime="20221010 16:28:41.456"/>
</kw>
<kw name="Run Keyword If" library="BuiltIn">
<arg>'${UF}' == 'ES'</arg>
<arg>Execute JavaScript</arg>
<arg>$('#${campoUFNascimento}').val("25").trigger('chosen:updated');</arg>
<doc>Runs the given keyword with the given arguments, if ``condition`` is true.</doc>
<status status="PASS" starttime="20221010 16:28:41.456" endtime="20221010 16:28:41.457"/>
</kw>
<kw name="Run Keyword If" library="BuiltIn">
<arg>'${UF}' == 'ES'</arg>
<arg>Execute JavaScript</arg>
<arg>$('#${campoUFNascimento}').val("25").trigger('change');</arg>
<doc>Runs the given keyword with the given arguments, if ``condition`` is true.</doc>
<status status="PASS" starttime="20221010 16:28:41.457" endtime="20221010 16:28:41.458"/>
</kw>
<kw name="Run Keyword If" library="BuiltIn">
<arg>'${UF}' == 'AM'</arg>
<arg>Execute JavaScript</arg>
<arg>$('#${campoUFNascimento}').val("26").trigger('chosen:updated');</arg>
<doc>Runs the given keyword with the given arguments, if ``condition`` is true.</doc>
<status status="PASS" starttime="20221010 16:28:41.459" endtime="20221010 16:28:41.459"/>
</kw>
<kw name="Run Keyword If" library="BuiltIn">
<arg>'${UF}' == 'AM'</arg>
<arg>Execute JavaScript</arg>
<arg>$('#${campoUFNascimento}').val("26").trigger('change');</arg>
<doc>Runs the given keyword with the given arguments, if ``condition`` is true.</doc>
<status status="PASS" starttime="20221010 16:28:41.460" endtime="20221010 16:28:41.461"/>
</kw>
<kw name="Run Keyword If" library="BuiltIn">
<arg>'${UF}' == 'PI'</arg>
<arg>Execute JavaScript</arg>
<arg>$('#${campoUFNascimento}').val("27").trigger('chosen:updated');</arg>
<doc>Runs the given keyword with the given arguments, if ``condition`` is true.</doc>
<status status="PASS" starttime="20221010 16:28:41.461" endtime="20221010 16:28:41.464"/>
</kw>
<kw name="Run Keyword If" library="BuiltIn">
<arg>'${UF}' == 'PI'</arg>
<arg>Execute JavaScript</arg>
<arg>$('#${campoUFNascimento}').val("27").trigger('change');</arg>
<doc>Runs the given keyword with the given arguments, if ``condition`` is true.</doc>
<status status="PASS" starttime="20221010 16:28:41.466" endtime="20221010 16:28:41.466"/>
</kw>
<kw name="Aguardar tela de carregamento" library="1-Principal">
<kw name="Wait Until Element Is Not Visible" library="SeleniumLibrary">
<arg>class=carregando</arg>
<arg>300</arg>
<doc>Waits until the element ``locator`` is not visible.</doc>
<status status="PASS" starttime="20221010 16:28:41.468" endtime="20221010 16:28:42.688"/>
</kw>
<status status="PASS" starttime="20221010 16:28:41.467" endtime="20221010 16:28:42.688"/>
</kw>
<status status="PASS" starttime="20221010 16:28:41.349" endtime="20221010 16:28:42.688"/>
</kw>
<kw name="Em Cadastro de Pessoa, no campo Cidade de Nascimento, selecionar &quot;GUARULHOS&quot;" library="CadastroPessoa" sourcename="Em Cadastro de Pessoa, no campo Cidade de Nascimento, selecionar &quot;${cidade}&quot;">
<kw name="Run Keyword If" library="BuiltIn">
<arg>'${cidade}' == 'ADAMANTINA'</arg>
<arg>Execute JavaScript</arg>
<arg>$('#${campoCidade}').val("5323").trigger('chosen:updated');</arg>
<doc>Runs the given keyword with the given arguments, if ``condition`` is true.</doc>
<status status="PASS" starttime="20221010 16:28:42.691" endtime="20221010 16:28:42.691"/>
</kw>
<kw name="Run Keyword If" library="BuiltIn">
<arg>'${cidade}' == 'PRACINHA'</arg>
<arg>Execute JavaScript</arg>
<arg>$('#${campoCidade}').val("4800").trigger('chosen:updated');</arg>
<doc>Runs the given keyword with the given arguments, if ``condition`` is true.</doc>
<status status="PASS" starttime="20221010 16:28:42.692" endtime="20221010 16:28:42.693"/>
</kw>
<kw name="Run Keyword If" library="BuiltIn">
<arg>'${cidade}' == 'SALESOPOLIS'</arg>
<arg>Execute JavaScript</arg>
<arg>$('#${campoCidade}').val("5302").trigger('chosen:updated');</arg>
<doc>Runs the given keyword with the given arguments, if ``condition`` is true.</doc>
<status status="PASS" starttime="20221010 16:28:42.693" endtime="20221010 16:28:42.694"/>
</kw>
<kw name="Run Keyword If" library="BuiltIn">
<arg>'${cidade}' == 'SAO PAULO'</arg>
<arg>Execute JavaScript</arg>
<arg>$('#${campoCidade}').val("4910").trigger('chosen:updated');</arg>
<doc>Runs the given keyword with the given arguments, if ``condition`` is true.</doc>
<status status="PASS" starttime="20221010 16:28:42.694" endtime="20221010 16:28:42.696"/>
</kw>
<kw name="Run Keyword If" library="BuiltIn">
<arg>'${cidade}' == 'SAO PEDRO'</arg>
<arg>Execute JavaScript</arg>
<arg>$('#${campoCidade}').val("4911").trigger('chosen:updated');</arg>
<doc>Runs the given keyword with the given arguments, if ``condition`` is true.</doc>
<status status="PASS" starttime="20221010 16:28:42.697" endtime="20221010 16:28:42.698"/>
</kw>
<kw name="Run Keyword If" library="BuiltIn">
<arg>'${cidade}' == 'SAO ROQUE'</arg>
<arg>Execute JavaScript</arg>
<arg>$('#${campoCidade}').val("4913").trigger('chosen:updated');</arg>
<doc>Runs the given keyword with the given arguments, if ``condition`` is true.</doc>
<status status="PASS" starttime="20221010 16:28:42.699" endtime="20221010 16:28:42.700"/>
</kw>
<kw name="Run Keyword If" library="BuiltIn">
<arg>'${cidade}' == 'TREMEMBE'</arg>
<arg>Execute JavaScript</arg>
<arg>$('#${campoCidade}').val("4870").trigger('chosen:updated');</arg>
<doc>Runs the given keyword with the given arguments, if ``condition`` is true.</doc>
<status status="PASS" starttime="20221010 16:28:42.701" endtime="20221010 16:28:42.701"/>
</kw>
<kw name="Run Keyword If" library="BuiltIn">
<arg>'${cidade}' == 'UBATUBA'</arg>
<arg>Execute JavaScript</arg>
<arg>$('#${campoCidade}').val("4877").trigger('chosen:updated');</arg>
<doc>Runs the given keyword with the given arguments, if ``condition`` is true.</doc>
<status status="PASS" starttime="20221010 16:28:42.702" endtime="20221010 16:28:42.703"/>
</kw>
<kw name="Run Keyword If" library="BuiltIn">
<arg>'${cidade}' == 'GUARULHOS'</arg>
<arg>Execute JavaScript</arg>
<arg>$('#${campoCidade}').val("5333").trigger('chosen:updated');</arg>
<doc>Runs the given keyword with the given arguments, if ``condition`` is true.</doc>
<kw name="Execute Javascript" library="SeleniumLibrary">
<arg>$('#${campoCidade}').val("5333").trigger('chosen:updated');</arg>
<doc>Executes the given JavaScript code with possible arguments.</doc>
<msg timestamp="20221010 16:28:42.705" level="INFO">Executing JavaScript:
$('#cphContent_ucDadosPessoais_ddlCidadeNasc').val("5333").trigger('chosen:updated');
Without any arguments.</msg>
<status status="PASS" starttime="20221010 16:28:42.704" endtime="20221010 16:28:42.723"/>
</kw>
<status status="PASS" starttime="20221010 16:28:42.704" endtime="20221010 16:28:42.723"/>
</kw>
<kw name="Aguardar tela de carregamento" library="1-Principal">
<kw name="Wait Until Element Is Not Visible" library="SeleniumLibrary">
<arg>class=carregando</arg>
<arg>300</arg>
<doc>Waits until the element ``locator`` is not visible.</doc>
<status status="PASS" starttime="20221010 16:28:42.725" endtime="20221010 16:28:42.741"/>
</kw>
<status status="PASS" starttime="20221010 16:28:42.724" endtime="20221010 16:28:42.742"/>
</kw>
<status status="PASS" starttime="20221010 16:28:42.690" endtime="20221010 16:28:42.742"/>
</kw>
<kw name="Em Cadastro de Pessoa, no campo CPF, inserir um CPF válido" library="CadastroPessoa">
<kw name="Cpf" library="FakerLibrary">
<var>${CPFPessoa}</var>
<msg timestamp="20221010 16:28:42.744" level="INFO">${CPFPessoa} = 069.273.415-52</msg>
<status status="PASS" starttime="20221010 16:28:42.744" endtime="20221010 16:28:42.747"/>
</kw>
<kw name="Set Suite Variable" library="BuiltIn">
<arg>${CPFPessoa}</arg>
<doc>Makes a variable available everywhere within the scope of the current suite.</doc>
<msg timestamp="20221010 16:28:42.751" level="INFO">${CPFPessoa} = 069.273.415-52</msg>
<status status="PASS" starttime="20221010 16:28:42.749" endtime="20221010 16:28:42.752"/>
</kw>
<kw name="Set Suite Variable" library="BuiltIn">
<arg>${cpfFakeAluno}</arg>
<arg>${CPFPessoa}</arg>
<doc>Makes a variable available everywhere within the scope of the current suite.</doc>
<msg timestamp="20221010 16:28:42.757" level="INFO">${cpfFakeAluno} = 069.273.415-52</msg>
<status status="PASS" starttime="20221010 16:28:42.753" endtime="20221010 16:28:42.758"/>
</kw>
<kw name="Input Text" library="SeleniumLibrary">
<arg>${campoCPF}</arg>
<arg>${CPFPessoa}</arg>
<doc>Types the given ``text`` into the text field identified by ``locator``.</doc>
<msg timestamp="20221010 16:28:42.760" level="INFO">Typing text '069.273.415-52' into text field 'cphContent_ucDocumentos_txtCpf'.</msg>
<status status="PASS" starttime="20221010 16:28:42.759" endtime="20221010 16:28:42.919"/>
</kw>
<status status="PASS" starttime="20221010 16:28:42.743" endtime="20221010 16:28:42.920"/>
</kw>
<kw name="Em Cadastro de Pessoa, em Certidão de Nascimento, clicar em Nova Certidão de Nascimento" library="CadastroPessoa">
<kw name="Execute Javascript" library="SeleniumLibrary">
<arg>document.getElementById("cphContent_ucDocumentos_chkNovaCertidaoNascimento").click();</arg>
<doc>Executes the given JavaScript code with possible arguments.</doc>
<msg timestamp="20221010 16:28:42.924" level="INFO">Executing JavaScript:
document.getElementById("cphContent_ucDocumentos_chkNovaCertidaoNascimento").click();
Without any arguments.</msg>
<status status="PASS" starttime="20221010 16:28:42.923" endtime="20221010 16:28:42.942"/>
</kw>
<kw name="Aguardar tela de carregamento" library="1-Principal">
<kw name="Wait Until Element Is Not Visible" library="SeleniumLibrary">
<arg>class=carregando</arg>
<arg>300</arg>
<doc>Waits until the element ``locator`` is not visible.</doc>
<status status="PASS" starttime="20221010 16:28:42.945" endtime="20221010 16:28:44.501"/>
</kw>
<status status="PASS" starttime="20221010 16:28:42.944" endtime="20221010 16:28:44.501"/>
</kw>
<status status="PASS" starttime="20221010 16:28:42.922" endtime="20221010 16:28:44.501"/>
</kw>
<kw name="Em Cadastro de Pessoa, em Matrícula Certidão, inserir uma certidão válida" library="CadastroPessoa">
<kw name="Gerar Certidão de Nascimento Aleatório" library="1-Principal">
<kw name="Create Session" library="RequestsLibrary">
<arg>certidao</arg>
<arg>https://www.4devs.com.br/</arg>
<doc>Create Session: create a HTTP session to a server</doc>
<msg timestamp="20221010 16:28:44.504" level="INFO">Creating Session using : alias=certidao, url=https://www.4devs.com.br/, headers={},                     cookies={}, auth=None, timeout=None, proxies=None, verify=False,                     debug=0 </msg>
<status status="PASS" starttime="20221010 16:28:44.504" endtime="20221010 16:28:44.506"/>
</kw>
<kw name="POST On Session" library="RequestsLibrary">
<var>${certidao}</var>
<arg>certidao</arg>
<arg>ferramentas_online.php</arg>
<arg>data=${body}</arg>
<doc>Sends a POST request on a previously created HTTP Session.</doc>
<msg timestamp="20221010 16:28:45.567" level="INFO">POST Request : url=https://www.4devs.com.br/ferramentas_online.php 
 path_url=/ferramentas_online.php 
 headers={'User-Agent': 'python-requests/2.27.1', 'Accept-Encoding': 'gzip, deflate', 'Accept': '*/*', 'Connection': 'keep-alive', 'Content-Length': '58', 'Content-Type': 'application/x-www-form-urlencoded'} 
 body=acao=gerador_certidao&amp;pontuacao=N&amp;tipo_certidao=nascimento 
 </msg>
<msg timestamp="20221010 16:28:45.570" level="INFO">POST Response : url=https://www.4devs.com.br/ferramentas_online.php 
 status=200, reason=OK 
 headers={'Server': 'nginx', 'Date': 'Mon, 10 Oct 2022 19:28:46 GMT', 'Content-Type': 'text/html; charset=UTF-8', 'Content-Length': '48', 'Connection': 'keep-alive', 'Cache-Control': 'max-age=2592000', 'Vary': 'Accept-Encoding', 'Content-Encoding': 'gzip', 'X-UA-Compatible': 'IE=edge', 'X-Content-Type-Options': 'nosniff', 'Accept-Ranges': 'bytes', 'Strict-Transport-Security': 'max-age=63072000; includeSubDomains; preload', 'X-Frame-Options': 'SAMEORIGIN'} 
 body=15144701552012193096740522640455 
 </msg>
<msg timestamp="20221010 16:28:45.572" level="INFO">C:\Users\rogerio.santos\AppData\Local\Programs\Python\Python310\lib\site-packages\urllib3\connectionpool.py:1043: InsecureRequestWarning: Unverified HTTPS request is being made to host 'www.4devs.com.br'. Adding certificate verification is strongly advised. See: https://urllib3.readthedocs.io/en/1.26.x/advanced-usage.html#ssl-warnings
  warnings.warn(</msg>
<msg timestamp="20221010 16:28:45.577" level="INFO">${certidao} = &lt;Response [200]&gt;</msg>
<status status="PASS" starttime="20221010 16:28:44.507" endtime="20221010 16:28:45.580"/>
</kw>
<kw name="Set Suite Variable" library="BuiltIn">
<arg>${certidaoAleatoria}</arg>
<arg>${certidao.json()}</arg>
<doc>Makes a variable available everywhere within the scope of the current suite.</doc>
<msg timestamp="20221010 16:28:45.590" level="INFO">${certidaoAleatoria} = 15144701552012193096740522640455</msg>
<status status="PASS" starttime="20221010 16:28:45.580" endtime="20221010 16:28:45.591"/>
</kw>
<status status="PASS" starttime="20221010 16:28:44.503" endtime="20221010 16:28:45.591"/>
</kw>
<kw name="Input Text" library="SeleniumLibrary">
<arg>cphContent_ucDocumentos_txtCertidaoNascimentoMatricula</arg>
<arg>${certidaoAleatoria}</arg>
<doc>Types the given ``text`` into the text field identified by ``locator``.</doc>
<msg timestamp="20221010 16:28:45.594" level="INFO">Typing text '15144701552012193096740522640455' into text field 'cphContent_ucDocumentos_txtCertidaoNascimentoMatricula'.</msg>
<status status="PASS" starttime="20221010 16:28:45.593" endtime="20221010 16:28:45.737"/>
</kw>
<status status="PASS" starttime="20221010 16:28:44.502" endtime="20221010 16:28:45.737"/>
</kw>
<kw name="Em Cadastro de Pessoa, em Certidão, em Data de Emissão, inserir &quot;01/01/2022&quot;" library="CadastroPessoa" sourcename="Em Cadastro de Pessoa, em Certidão, em Data de Emissão, inserir &quot;${dataEmissaoCertidao}&quot;">
<kw name="Input Text" library="SeleniumLibrary">
<arg>cphContent_ucDocumentos_txtCertidaoNascimentoEmissao</arg>
<arg>${dataEmissaoCertidao}</arg>
<doc>Types the given ``text`` into the text field identified by ``locator``.</doc>
<msg timestamp="20221010 16:28:45.741" level="INFO">Typing text '01/01/2022' into text field 'cphContent_ucDocumentos_txtCertidaoNascimentoEmissao'.</msg>
<status status="PASS" starttime="20221010 16:28:45.740" endtime="20221010 16:28:45.864"/>
</kw>
<status status="PASS" starttime="20221010 16:28:45.739" endtime="20221010 16:28:45.864"/>
</kw>
<kw name="Em Cadastro de Pessoa, no campo Cor/Raça, selecionar &quot;PRETA&quot;" library="CadastroPessoa" sourcename="Em Cadastro de Pessoa, no campo Cor/Raça, selecionar &quot;${corRaca}&quot;">
<kw name="Run Keyword If" library="BuiltIn">
<arg>'${corRaca}' == 'AMARELA'</arg>
<arg>Execute JavaScript</arg>
<arg>$('#${campoCorRaca}').val("3").trigger('chosen:updated');</arg>
<doc>Runs the given keyword with the given arguments, if ``condition`` is true.</doc>
<status status="PASS" starttime="20221010 16:28:45.867" endtime="20221010 16:28:45.868"/>
</kw>
<kw name="Run Keyword If" library="BuiltIn">
<arg>'${corRaca}' == 'BRANCA'</arg>
<arg>Execute JavaScript</arg>
<arg>$('#${campoCorRaca}').val("1").trigger('chosen:updated');</arg>
<doc>Runs the given keyword with the given arguments, if ``condition`` is true.</doc>
<status status="PASS" starttime="20221010 16:28:45.868" endtime="20221010 16:28:45.869"/>
</kw>
<kw name="Run Keyword If" library="BuiltIn">
<arg>'${corRaca}' == 'INDÍGENA'</arg>
<arg>Execute JavaScript</arg>
<arg>$('#${campoCorRaca}').val("5").trigger('chosen:updated');</arg>
<doc>Runs the given keyword with the given arguments, if ``condition`` is true.</doc>
<status status="PASS" starttime="20221010 16:28:45.870" endtime="20221010 16:28:45.870"/>
</kw>
<kw name="Run Keyword If" library="BuiltIn">
<arg>'${corRaca}' == 'NÃO DECLARADA'</arg>
<arg>Execute JavaScript</arg>
<arg>$('#${campoCorRaca}').val("6").trigger('chosen:updated');</arg>
<doc>Runs the given keyword with the given arguments, if ``condition`` is true.</doc>
<status status="PASS" starttime="20221010 16:28:45.871" endtime="20221010 16:28:45.871"/>
</kw>
<kw name="Run Keyword If" library="BuiltIn">
<arg>'${corRaca}' == 'PARDA'</arg>
<arg>Execute JavaScript</arg>
<arg>$('#${campoCorRaca}').val("4").trigger('chosen:updated');</arg>
<doc>Runs the given keyword with the given arguments, if ``condition`` is true.</doc>
<status status="PASS" starttime="20221010 16:28:45.872" endtime="20221010 16:28:45.872"/>
</kw>
<kw name="Run Keyword If" library="BuiltIn">
<arg>'${corRaca}' == 'PRETA'</arg>
<arg>Execute JavaScript</arg>
<arg>$('#${campoCorRaca}').val("2").trigger('chosen:updated');</arg>
<doc>Runs the given keyword with the given arguments, if ``condition`` is true.</doc>
<kw name="Execute Javascript" library="SeleniumLibrary">
<arg>$('#${campoCorRaca}').val("2").trigger('chosen:updated');</arg>
<doc>Executes the given JavaScript code with possible arguments.</doc>
<msg timestamp="20221010 16:28:45.874" level="INFO">Executing JavaScript:
$('#cphContent_ucDadosSociais_ddlCorPele').val("2").trigger('chosen:updated');
Without any arguments.</msg>
<status status="PASS" starttime="20221010 16:28:45.873" endtime="20221010 16:28:45.889"/>
</kw>
<status status="PASS" starttime="20221010 16:28:45.873" endtime="20221010 16:28:45.890"/>
</kw>
<status status="PASS" starttime="20221010 16:28:45.866" endtime="20221010 16:28:45.890"/>
</kw>
<kw name="Em Cadastro de Pessoa, no campo CEP, inserir o CEP &quot;07123-140&quot;" library="CadastroPessoa" sourcename="Em Cadastro de Pessoa, no campo CEP, inserir o CEP &quot;${CEP}&quot;">
<kw name="Wait Until Element Is Visible" library="SeleniumLibrary">
<arg>${campoCEP}</arg>
<doc>Waits until the element ``locator`` is visible.</doc>
<status status="PASS" starttime="20221010 16:28:45.892" endtime="20221010 16:28:45.921"/>
</kw>
<kw name="Input Text" library="SeleniumLibrary">
<arg>${campoCEP}</arg>
<arg>${CEP}</arg>
<doc>Types the given ``text`` into the text field identified by ``locator``.</doc>
<msg timestamp="20221010 16:28:45.922" level="INFO">Typing text '07123-140' into text field 'txtCep'.</msg>
<status status="PASS" starttime="20221010 16:28:45.922" endtime="20221010 16:28:46.083"/>
</kw>
<status status="PASS" starttime="20221010 16:28:45.891" endtime="20221010 16:28:46.084"/>
</kw>
<kw name="Em Cadastro de Pessoa, no campo Número, inserir o número &quot;33&quot;" library="CadastroPessoa" sourcename="Em Cadastro de Pessoa, no campo Número, inserir o número &quot;${numeroCEP}&quot;">
<kw name="Input Text" library="SeleniumLibrary">
<arg>${campoNumeroCEP}</arg>
<arg>${numeroCEP}</arg>
<doc>Types the given ``text`` into the text field identified by ``locator``.</doc>
<msg timestamp="20221010 16:28:46.090" level="INFO">Typing text '33' into text field 'cphContent_ucEnderecos_txtNumero'.</msg>
<status status="PASS" starttime="20221010 16:28:46.089" endtime="20221010 16:28:46.263"/>
</kw>
<kw name="Sleep" library="BuiltIn">
<arg>2</arg>
<doc>Pauses the test executed for the given time.</doc>
<msg timestamp="20221010 16:28:48.280" level="INFO">Slept 2 seconds</msg>
<status status="PASS" starttime="20221010 16:28:46.265" endtime="20221010 16:28:48.284"/>
</kw>
<kw name="Aguardar tela de carregamento" library="1-Principal">
<kw name="Wait Until Element Is Not Visible" library="SeleniumLibrary">
<arg>class=carregando</arg>
<arg>300</arg>
<doc>Waits until the element ``locator`` is not visible.</doc>
<status status="PASS" starttime="20221010 16:28:48.287" endtime="20221010 16:28:48.313"/>
</kw>
<status status="PASS" starttime="20221010 16:28:48.285" endtime="20221010 16:28:48.313"/>
</kw>
<kw name="Input Text" library="SeleniumLibrary">
<arg>${campoNumeroCEP}</arg>
<arg>${numeroCEP}</arg>
<doc>Types the given ``text`` into the text field identified by ``locator``.</doc>
<msg timestamp="20221010 16:28:48.315" level="INFO">Typing text '33' into text field 'cphContent_ucEnderecos_txtNumero'.</msg>
<status status="PASS" starttime="20221010 16:28:48.314" endtime="20221010 16:28:48.408"/>
</kw>
<status status="PASS" starttime="20221010 16:28:46.086" endtime="20221010 16:28:48.408"/>
</kw>
<kw name="Em Cadastro de Pessoa, no campo Zona, selecionar &quot;URBANO&quot;" library="CadastroPessoa" sourcename="Em Cadastro de Pessoa, no campo Zona, selecionar &quot;${zona}&quot;">
<kw name="Run Keyword If" library="BuiltIn">
<arg>'${zona}' == 'URBANO'</arg>
<arg>Execute JavaScript</arg>
<arg>$('#${campoZona}').val("1").trigger('chosen:updated');</arg>
<doc>Runs the given keyword with the given arguments, if ``condition`` is true.</doc>
<kw name="Execute Javascript" library="SeleniumLibrary">
<arg>$('#${campoZona}').val("1").trigger('chosen:updated');</arg>
<doc>Executes the given JavaScript code with possible arguments.</doc>
<msg timestamp="20221010 16:28:48.414" level="INFO">Executing JavaScript:
$('#cphContent_ucEnderecos_ddlZona').val("1").trigger('chosen:updated');
Without any arguments.</msg>
<status status="PASS" starttime="20221010 16:28:48.413" endtime="20221010 16:28:48.426"/>
</kw>
<status status="PASS" starttime="20221010 16:28:48.410" endtime="20221010 16:28:48.426"/>
</kw>
<kw name="Run Keyword If" library="BuiltIn">
<arg>'${zona}' == 'RURAL'</arg>
<arg>Execute JavaScript</arg>
<arg>$('#${campoZona}').val("2").trigger('chosen:updated');</arg>
<doc>Runs the given keyword with the given arguments, if ``condition`` is true.</doc>
<status status="PASS" starttime="20221010 16:28:48.428" endtime="20221010 16:28:48.430"/>
</kw>
<status status="PASS" starttime="20221010 16:28:48.409" endtime="20221010 16:28:48.431"/>
</kw>
<kw name="Clicar no botão Incluir" library="CadastroPessoa">
<kw name="Wait Until Element Is Visible" library="SeleniumLibrary">
<arg>${botaoIncluir}</arg>
<doc>Waits until the element ``locator`` is visible.</doc>
<status status="PASS" starttime="20221010 16:28:48.435" endtime="20221010 16:28:48.485"/>
</kw>
<kw name="Execute Javascript" library="SeleniumLibrary">
<arg>document.getElementById("${botaoIncluir}").click();</arg>
<doc>Executes the given JavaScript code with possible arguments.</doc>
<msg timestamp="20221010 16:28:48.486" level="INFO">Executing JavaScript:
document.getElementById("cphContent_ucEnderecos_btnIncluirResidencial").click();
Without any arguments.</msg>
<status status="PASS" starttime="20221010 16:28:48.485" endtime="20221010 16:28:48.507"/>
</kw>
<kw name="Aguardar tela de carregamento" library="1-Principal">
<kw name="Wait Until Element Is Not Visible" library="SeleniumLibrary">
<arg>class=carregando</arg>
<arg>300</arg>
<doc>Waits until the element ``locator`` is not visible.</doc>
<status status="PASS" starttime="20221010 16:28:48.508" endtime="20221010 16:28:52.222"/>
</kw>
<status status="PASS" starttime="20221010 16:28:48.508" endtime="20221010 16:28:52.222"/>
</kw>
<status status="PASS" starttime="20221010 16:28:48.433" endtime="20221010 16:28:52.223"/>
</kw>
<kw name="Em Cadastro de Pessoa, clicar no botão Salvar" library="CadastroPessoa">
<kw name="Wait Until Element Is Visible" library="SeleniumLibrary">
<arg>cphContent_btnCadastrarPessoa</arg>
<doc>Waits until the element ``locator`` is visible.</doc>
<status status="PASS" starttime="20221010 16:28:52.224" endtime="20221010 16:28:52.252"/>
</kw>
<kw name="Execute Javascript" library="SeleniumLibrary">
<arg>document.getElementById("cphContent_btnCadastrarPessoa").click();</arg>
<doc>Executes the given JavaScript code with possible arguments.</doc>
<msg timestamp="20221010 16:28:52.253" level="INFO">Executing JavaScript:
document.getElementById("cphContent_btnCadastrarPessoa").click();
Without any arguments.</msg>
<status status="PASS" starttime="20221010 16:28:52.252" endtime="20221010 16:28:52.270"/>
</kw>
<kw name="Aguardar tela de carregamento" library="1-Principal">
<kw name="Wait Until Element Is Not Visible" library="SeleniumLibrary">
<arg>class=carregando</arg>
<arg>300</arg>
<doc>Waits until the element ``locator`` is not visible.</doc>
<status status="PASS" starttime="20221010 16:28:52.272" endtime="20221010 16:29:15.313"/>
</kw>
<status status="PASS" starttime="20221010 16:28:52.271" endtime="20221010 16:29:15.313"/>
</kw>
<status status="PASS" starttime="20221010 16:28:52.223" endtime="20221010 16:29:15.313"/>
</kw>
<kw name="Clicar em OK no Modal" library="1-Principal">
<kw name="Wait Until Element Is Visible" library="SeleniumLibrary">
<arg>${botaoOKModal}</arg>
<doc>Waits until the element ``locator`` is visible.</doc>
<status status="PASS" starttime="20221010 16:29:15.315" endtime="20221010 16:29:15.337"/>
</kw>
<kw name="Execute Javascript" library="SeleniumLibrary">
<arg>document.getElementById("${botaoOKModal}").click();</arg>
<doc>Executes the given JavaScript code with possible arguments.</doc>
<msg timestamp="20221010 16:29:15.339" level="INFO">Executing JavaScript:
document.getElementById("cphContent_Mensagem_Padrao_btnOk").click();
Without any arguments.</msg>
<status status="PASS" starttime="20221010 16:29:15.338" endtime="20221010 16:29:15.355"/>
</kw>
<kw name="Aguardar tela de carregamento" library="1-Principal">
<kw name="Wait Until Element Is Not Visible" library="SeleniumLibrary">
<arg>class=carregando</arg>
<arg>300</arg>
<doc>Waits until the element ``locator`` is not visible.</doc>
<status status="PASS" starttime="20221010 16:29:15.358" endtime="20221010 16:29:18.630"/>
</kw>
<status status="PASS" starttime="20221010 16:29:15.356" endtime="20221010 16:29:18.630"/>
</kw>
<status status="PASS" starttime="20221010 16:29:15.314" endtime="20221010 16:29:18.630"/>
</kw>
<kw name="Em Matricular Educando, em Nome, inserir o nome cadastrado" library="MatricularEducando">
<kw name="Wait Until Element Is Visible" library="SeleniumLibrary">
<arg>cphContent_PessoaResponsavel_btnPesquisa</arg>
<doc>Waits until the element ``locator`` is visible.</doc>
<status status="PASS" starttime="20221010 16:29:18.632" endtime="20221010 16:29:18.659"/>
</kw>
<kw name="Input Text" library="SeleniumLibrary">
<arg>cphContent_PessoaResponsavel_txtNome</arg>
<arg>${nomeCompletoAluno}</arg>
<doc>Types the given ``text`` into the text field identified by ``locator``.</doc>
<msg timestamp="20221010 16:29:18.661" level="INFO">Typing text 'Antonio da Cunha' into text field 'cphContent_PessoaResponsavel_txtNome'.</msg>
<status status="PASS" starttime="20221010 16:29:18.660" endtime="20221010 16:29:18.785"/>
</kw>
<status status="PASS" starttime="20221010 16:29:18.631" endtime="20221010 16:29:18.786"/>
</kw>
<kw name="Em Matricular Educando, em Data de Nascimento, inserir a data cadastrada" library="MatricularEducando">
<kw name="Input Text" library="SeleniumLibrary">
<arg>cphContent_PessoaResponsavel_txtDNasc</arg>
<arg>${dataNascimento}</arg>
<doc>Types the given ``text`` into the text field identified by ``locator``.</doc>
<msg timestamp="20221010 16:29:18.788" level="INFO">Typing text '07/03/1996' into text field 'cphContent_PessoaResponsavel_txtDNasc'.</msg>
<status status="PASS" starttime="20221010 16:29:18.787" endtime="20221010 16:29:18.939"/>
</kw>
<status status="PASS" starttime="20221010 16:29:18.787" endtime="20221010 16:29:18.939"/>
</kw>
<kw name="Em Matricular Educando, clicar em Pesquisar" library="MatricularEducando">
<kw name="Execute Javascript" library="SeleniumLibrary">
<arg>document.getElementById("cphContent_PessoaResponsavel_btnPesquisa").click();</arg>
<doc>Executes the given JavaScript code with possible arguments.</doc>
<msg timestamp="20221010 16:29:18.946" level="INFO">Executing JavaScript:
document.getElementById("cphContent_PessoaResponsavel_btnPesquisa").click();
Without any arguments.</msg>
<status status="PASS" starttime="20221010 16:29:18.945" endtime="20221010 16:29:18.967"/>
</kw>
<kw name="Aguardar tela de carregamento" library="1-Principal">
<kw name="Wait Until Element Is Not Visible" library="SeleniumLibrary">
<arg>class=carregando</arg>
<arg>300</arg>
<doc>Waits until the element ``locator`` is not visible.</doc>
<status status="PASS" starttime="20221010 16:29:18.969" endtime="20221010 16:29:19.962"/>
</kw>
<status status="PASS" starttime="20221010 16:29:18.967" endtime="20221010 16:29:19.962"/>
</kw>
<status status="PASS" starttime="20221010 16:29:18.942" endtime="20221010 16:29:19.963"/>
</kw>
<kw name="Em Matricular Educando, em Grau de Parentesco, selecionar &quot;O Próprio&quot;" library="MatricularEducando" sourcename="Em Matricular Educando, em Grau de Parentesco, selecionar &quot;${grauParentesco}&quot;">
<kw name="Wait Until Element Is Visible" library="SeleniumLibrary">
<arg>cphContent_btnInserirParente</arg>
<doc>Waits until the element ``locator`` is visible.</doc>
<status status="PASS" starttime="20221010 16:29:19.966" endtime="20221010 16:29:19.992"/>
</kw>
<kw name="Execute Javascript" library="SeleniumLibrary">
<arg>$("#cphContent_ddlGrauParentesco").val($('option:contains("${grauParentesco}")').val()).trigger('chosen:updated');</arg>
<doc>Executes the given JavaScript code with possible arguments.</doc>
<msg timestamp="20221010 16:29:19.994" level="INFO">Executing JavaScript:
$("#cphContent_ddlGrauParentesco").val($('option:contains("O Próprio")').val()).trigger('chosen:updated');
Without any arguments.</msg>
<status status="PASS" starttime="20221010 16:29:19.993" endtime="20221010 16:29:20.008"/>
</kw>
<kw name="Execute Javascript" library="SeleniumLibrary">
<arg>$('#cphContent_ddlGrauParentesco').trigger('change');</arg>
<doc>Executes the given JavaScript code with possible arguments.</doc>
<msg timestamp="20221010 16:29:20.011" level="INFO">Executing JavaScript:
$('#cphContent_ddlGrauParentesco').trigger('change');
Without any arguments.</msg>
<status status="PASS" starttime="20221010 16:29:20.010" endtime="20221010 16:29:20.022"/>
</kw>
<kw name="Aguardar tela de carregamento" library="1-Principal">
<kw name="Wait Until Element Is Not Visible" library="SeleniumLibrary">
<arg>class=carregando</arg>
<arg>300</arg>
<doc>Waits until the element ``locator`` is not visible.</doc>
<status status="PASS" starttime="20221010 16:29:20.027" endtime="20221010 16:29:20.979"/>
</kw>
<status status="PASS" starttime="20221010 16:29:20.023" endtime="20221010 16:29:20.980"/>
</kw>
<status status="PASS" starttime="20221010 16:29:19.965" endtime="20221010 16:29:20.980"/>
</kw>
<kw name="Em Matricular Educando, em Grau de Parentesco, clicar em Responsável Legal" library="MatricularEducando">
<kw name="Execute Javascript" library="SeleniumLibrary">
<arg>document.getElementById("cphContent_chkResponsavelLegal").click();</arg>
<doc>Executes the given JavaScript code with possible arguments.</doc>
<msg timestamp="20221010 16:29:20.982" level="INFO">Executing JavaScript:
document.getElementById("cphContent_chkResponsavelLegal").click();
Without any arguments.</msg>
<status status="PASS" starttime="20221010 16:29:20.982" endtime="20221010 16:29:20.997"/>
</kw>
<kw name="Aguardar tela de carregamento" library="1-Principal">
<kw name="Wait Until Element Is Not Visible" library="SeleniumLibrary">
<arg>class=carregando</arg>
<arg>300</arg>
<doc>Waits until the element ``locator`` is not visible.</doc>
<status status="PASS" starttime="20221010 16:29:21.000" endtime="20221010 16:29:21.617"/>
</kw>
<status status="PASS" starttime="20221010 16:29:20.998" endtime="20221010 16:29:21.618"/>
</kw>
<status status="PASS" starttime="20221010 16:29:20.980" endtime="20221010 16:29:21.618"/>
</kw>
[...]
</kw>
<status status="PASS" starttime="20221010 16:30:22.677" endtime="20221010 16:30:22.955"/>
</kw>
<status status="PASS" starttime="20221010 16:30:20.464" endtime="20221010 16:30:22.956"/>
</kw>
<kw name="No Portal, no modal de alerta, clicar em Sim" library="Portal">
<kw name="Wait Until Element Is Visible" library="SeleniumLibrary">
<arg>//button[@class='swal-button swal-button--Confirmar swal-button--confirm'][contains(.,'Sim')]</arg>
<doc>Waits until the element ``locator`` is visible.</doc>
<msg timestamp="20221010 16:30:28.313" level="INFO" html="true">&lt;/td&gt;&lt;/tr&gt;&lt;tr&gt;&lt;td colspan="3"&gt;&lt;a href="selenium-screenshot-6.png"&gt;&lt;img src="selenium-screenshot-6.png" width="800px"&gt;&lt;/a&gt;</msg>
<msg timestamp="20221010 16:30:28.316" level="FAIL">Element '//button[@class='swal-button swal-button--Confirmar swal-button--confirm'][contains(.,'Sim')]' not visible after 5 seconds.</msg>
<status status="FAIL" starttime="20221010 16:30:22.960" endtime="20221010 16:30:28.318"/>
</kw>
<kw name="Click Element" library="SeleniumLibrary">
<arg>//button[@class='swal-button swal-button--Confirmar swal-button--confirm'][contains(.,'Sim')]</arg>
<doc>Click the element identified by ``locator``.</doc>
<status status="NOT RUN" starttime="20221010 16:30:28.319" endtime="20221010 16:30:28.319"/>
</kw>
<kw name="Aguardar carregamento Portal" library="1-Principal">
<status status="NOT RUN" starttime="20221010 16:30:28.320" endtime="20221010 16:30:28.320"/>
</kw>
<status status="FAIL" starttime="20221010 16:30:22.958" endtime="20221010 16:30:28.320"/>
</kw>
<kw name="No Portal, clicar em Concluir Inscrição" library="Portal">
<status status="NOT RUN" starttime="20221010 16:30:28.322" endtime="20221010 16:30:28.322"/>
</kw>
<kw name="No Portal, verificar se o comprovante é exibido em tela" library="Portal">
<status status="NOT RUN" starttime="20221010 16:30:28.322" endtime="20221010 16:30:28.323"/>
</kw>
<kw name="No Portal, gravar o número de protocolo gerado" library="Portal">
<status status="NOT RUN" starttime="20221010 16:30:28.323" endtime="20221010 16:30:28.324"/>
</kw>
<kw name="Acessar o ambiente &quot;https://guarulhoshomolog.gier.com.br/&quot;" library="1-Principal" sourcename="Acessar o ambiente &quot;${url}&quot;">
<status status="NOT RUN" starttime="20221010 16:30:28.325" endtime="20221010 16:30:28.326"/>
</kw>
<kw name="Pesquisar &quot;VOLPI&quot; e selecionar o primeiro resultado" library="CadastroPessoa" sourcename="Pesquisar &quot;${pesquisaEstrutura}&quot; e selecionar o primeiro resultado">
<status status="NOT RUN" starttime="20221010 16:30:28.328" endtime="20221010 16:30:28.328"/>
</kw>
<kw name="Entrar no eixo &quot;Operação&quot;" library="1-Principal" sourcename="Entrar no eixo &quot;${nomeEixo}&quot;">
<status status="NOT RUN" starttime="20221010 16:30:28.329" endtime="20221010 16:30:28.330"/>
</kw>
<kw name="Entrar no módulo &quot;Gestão Escolar&quot;" library="1-Principal" sourcename="Entrar no módulo &quot;${nomeModulo}&quot;">
<status status="NOT RUN" starttime="20221010 16:30:28.330" endtime="20221010 16:30:28.331"/>
</kw>
<kw name="Entrar na funcionalidade &quot;Gestão de Pré-matrícula&quot;" library="1-Principal" sourcename="Entrar na funcionalidade &quot;${funcionalidade}&quot;">
<status status="NOT RUN" starttime="20221010 16:30:28.332" endtime="20221010 16:30:28.333"/>
</kw>
<kw name="Em Gestão de Pré-Matrícula, em Educando, inserir o nome do educando cadastrado" library="GestaoDePreMatriculaEscola">
<status status="NOT RUN" starttime="20221010 16:30:28.334" endtime="20221010 16:30:28.335"/>
</kw>
<kw name="Em Gestão de Pré-Matrícula, em Educando, inserir o protocolo do comprovande de matrícula" library="GestaoDePreMatriculaEscola">
<status status="NOT RUN" starttime="20221010 16:30:28.336" endtime="20221010 16:30:28.337"/>
</kw>
<kw name="Em Gestão de Pré-Matrícula, clicar em Pesquisar" library="GestaoDePreMatriculaEscola">
<status status="NOT RUN" starttime="20221010 16:30:28.338" endtime="20221010 16:30:28.338"/>
</kw>
<kw name="Em Gestão de Pré-Matrícula, no Resultado, clicar em Ações e Cancelar" library="GestaoDePreMatriculaEscola">
<status status="NOT RUN" starttime="20221010 16:30:28.339" endtime="20221010 16:30:28.339"/>
</kw>
<kw name="Em Gestão de Pré-Matrícula, em Justificativa, selecionar &quot;OUTROS&quot;" library="GestaoDePreMatriculaEscola" sourcename="Em Gestão de Pré-Matrícula, em Justificativa, selecionar &quot;${justificativa}&quot;">
<status status="NOT RUN" starttime="20221010 16:30:28.341" endtime="20221010 16:30:28.341"/>
</kw>
<kw name="Em Gestão de Pré-Matrícula, em Justificativa, inserir &quot;TESTE JUSTIFICATIVA AUTOMACAO&quot;" library="GestaoDePreMatriculaEscola" sourcename="Em Gestão de Pré-Matrícula, em Justificativa, inserir &quot;${justificativa}&quot;">
<status status="NOT RUN" starttime="20221010 16:30:28.342" endtime="20221010 16:30:28.342"/>
</kw>
<kw name="Em Gestão de Pré-Matrícula, em Justificativa, clicar em Salvar" library="GestaoDePreMatriculaEscola">
<status status="NOT RUN" starttime="20221010 16:30:28.343" endtime="20221010 16:30:28.343"/>
</kw>
<kw name="Entrar no Portal" library="Portal">
<status status="NOT RUN" starttime="20221010 16:30:28.344" endtime="20221010 16:30:28.344"/>
</kw>
<kw name="No Portal, clicar em &quot;Educação de Jovens e Adultos&quot;" library="Portal" sourcename="No Portal, clicar em &quot;${etapa}&quot;">
<status status="NOT RUN" starttime="20221010 16:30:28.345" endtime="20221010 16:30:28.345"/>
</kw>
<kw name="No Portal, selecionar o processo para a etapa &quot;EJA 2º SEMESTRE INICIAL&quot;" library="Portal" sourcename="No Portal, selecionar o processo para a etapa &quot;${etapa}&quot;">
<status status="NOT RUN" starttime="20221010 16:30:28.346" endtime="20221010 16:30:28.346"/>
</kw>
<kw name="No Portal, clicar em Iniciar inscrição" library="Portal">
<status status="NOT RUN" starttime="20221010 16:30:28.347" endtime="20221010 16:30:28.347"/>
</kw>
<kw name="No Portal, em Escolha da Escola, em Data de Nascimento, inserir &quot;07/03/1996&quot;" library="Portal" sourcename="No Portal, em Escolha da Escola, em Data de Nascimento, inserir &quot;${data}&quot;">
<status status="NOT RUN" starttime="20221010 16:30:28.348" endtime="20221010 16:30:28.348"/>
</kw>
<kw name="No Portal, em Escolha da Escola, em CEP, inserir &quot;07123-140&quot;" library="Portal" sourcename="No Portal, em Escolha da Escola, em CEP, inserir &quot;${cep}&quot;">
<status status="NOT RUN" starttime="20221010 16:30:28.348" endtime="20221010 16:30:28.349"/>
</kw>
<kw name="No Portal, em Escolha da Escola, em Número da Residência, inserir &quot;33&quot;" library="Portal" sourcename="No Portal, em Escolha da Escola, em Número da Residência, inserir &quot;${numeroResidencial}&quot;">
<status status="NOT RUN" starttime="20221010 16:30:28.349" endtime="20221010 16:30:28.349"/>
</kw>
<kw name="No Portal, clicar em Pesquisar Escolas" library="Portal">
<status status="NOT RUN" starttime="20221010 16:30:28.350" endtime="20221010 16:30:28.351"/>
</kw>
<kw name="No Portal, selecionar a escola &quot;EPG CRISPINIANO SOARES&quot;" library="Portal" sourcename="No Portal, selecionar a escola &quot;${escola}&quot;">
<status status="NOT RUN" starttime="20221010 16:30:28.352" endtime="20221010 16:30:28.352"/>
</kw>
<kw name="No Portal, em Ano/Ciclo selecionar &quot;Ciclo II&quot;" library="Portal" sourcename="No Portal, em Ano/Ciclo selecionar &quot;${anoCiclo}&quot;">
<status status="NOT RUN" starttime="20221010 16:30:28.353" endtime="20221010 16:30:28.353"/>
</kw>
<kw name="No Portal, clicar em Selecionar Escolas" library="Portal">
<status status="NOT RUN" starttime="20221010 16:30:28.354" endtime="20221010 16:30:28.355"/>
</kw>
<kw name="No Portal, clicar em Próximo" library="Portal">
<status status="NOT RUN" starttime="20221010 16:30:28.355" endtime="20221010 16:30:28.357"/>
</kw>
<kw name="No Portal, em Cadastro do Responsável, em Nacionalidade, selecionar &quot;Brasileira&quot;" library="Portal" sourcename="No Portal, em Cadastro do Responsável, em Nacionalidade, selecionar &quot;${nacionalidade}&quot;">
<status status="NOT RUN" starttime="20221010 16:30:28.357" endtime="20221010 16:30:28.358"/>
</kw>
<kw name="No Portal, em Cadastro do Responsável, em UF Nascimento, selecionar &quot;SP&quot;" library="Portal" sourcename="No Portal, em Cadastro do Responsável, em UF Nascimento, selecionar &quot;${ufNascimento}&quot;">
<status status="NOT RUN" starttime="20221010 16:30:28.358" endtime="20221010 16:30:28.359"/>
</kw>
<kw name="No Portal, em Cadastro do Responsável, em Cidade de Nascimento, selecionar &quot;SAO PAULO&quot;" library="Portal" sourcename="No Portal, em Cadastro do Responsável, em Cidade de Nascimento, selecionar &quot;${ufNascimento}&quot;">
<status status="NOT RUN" starttime="20221010 16:30:28.359" endtime="20221010 16:30:28.359"/>
</kw>
<kw name="No Portal, em Cadastro do Responsável, em CPF, inserir o CPF cadastrado" library="Portal">
<status status="NOT RUN" starttime="20221010 16:30:28.359" endtime="20221010 16:30:28.359"/>
</kw>
<kw name="No Portal, em Cadastro do Responsável, em Nome Completo, inserir o nome cadastrado" library="Portal">
<status status="NOT RUN" starttime="20221010 16:30:28.360" endtime="20221010 16:30:28.360"/>
</kw>
<kw name="No Portal, em Cadastro do Responsável, em Data de Nascimento, inserir &quot;07/03/1996&quot;" library="Portal" sourcename="No Portal, em Cadastro do Responsável, em Data de Nascimento, inserir &quot;${dataNascimentoResponsavel}&quot;">
<status status="NOT RUN" starttime="20221010 16:30:28.360" endtime="20221010 16:30:28.361"/>
</kw>
<kw name="No Portal, em Cadastro do Responsável, em Sexo, inserir &quot;Masculino&quot;" library="Portal" sourcename="No Portal, em Cadastro do Responsável, em Sexo, inserir &quot;${sexo}&quot;">
<status status="NOT RUN" starttime="20221010 16:30:28.361" endtime="20221010 16:30:28.362"/>
</kw>
<kw name="No Portal, em Cadastro do Aluno, em Grau de Parentesco, inserir &quot;O Próprio&quot;" library="Portal" sourcename="No Portal, em Cadastro do Aluno, em Grau de Parentesco, inserir &quot;${grauParentesco}&quot;">
<status status="NOT RUN" starttime="20221010 16:30:28.362" endtime="20221010 16:30:28.362"/>
</kw>
<kw name="No Portal, em Cadastro do Aluno, em Nacionalidade, selecionar &quot;Brasileira&quot;" library="Portal" sourcename="No Portal, em Cadastro do Aluno, em Nacionalidade, selecionar &quot;${nacionalidade}&quot;">
<status status="NOT RUN" starttime="20221010 16:30:28.364" endtime="20221010 16:30:28.364"/>
</kw>
<kw name="No Portal, em Contato, em Telefone 1, inserir um telefone válido" library="Portal">
<status status="NOT RUN" starttime="20221010 16:30:28.365" endtime="20221010 16:30:28.365"/>
</kw>
<kw name="No Portal, clicar nos campos de declarações" library="Portal">
<status status="NOT RUN" starttime="20221010 16:30:28.367" endtime="20221010 16:30:28.368"/>
</kw>
<kw name="No Portal, visualizar a mensagem &quot;Você não pode realizar uma nova inscrição, Aluno já possui uma inscrição ativa.&quot;" library="Portal" sourcename="No Portal, visualizar a mensagem &quot;${texto}&quot;">
<status status="NOT RUN" starttime="20221010 16:30:28.369" endtime="20221010 16:30:28.371"/>
</kw>
<kw name="No Portal, fechar o modal" library="Portal">
<status status="NOT RUN" starttime="20221010 16:30:28.372" endtime="20221010 16:30:28.372"/>
</kw>
<kw name="Entrar no Portal" library="Portal">
<status status="NOT RUN" starttime="20221010 16:30:28.373" endtime="20221010 16:30:28.374"/>
</kw>
<kw name="No Portal, clicar em &quot;Educação de Jovens e Adultos&quot;" library="Portal" sourcename="No Portal, clicar em &quot;${etapa}&quot;">
<status status="NOT RUN" starttime="20221010 16:30:28.375" endtime="20221010 16:30:28.375"/>
</kw>
<kw name="No Portal, selecionar o processo para a etapa &quot;EJA 2º SEMESTRE INICIAL&quot;" library="Portal" sourcename="No Portal, selecionar o processo para a etapa &quot;${etapa}&quot;">
<status status="NOT RUN" starttime="20221010 16:30:28.376" endtime="20221010 16:30:28.376"/>
</kw>
<kw name="No Portal, clicar em Iniciar inscrição" library="Portal">
<status status="NOT RUN" starttime="20221010 16:30:28.376" endtime="20221010 16:30:28.377"/>
</kw>
<kw name="No Portal, em Escolha da Escola, em Data de Nascimento, inserir &quot;07/03/1996&quot;" library="Portal" sourcename="No Portal, em Escolha da Escola, em Data de Nascimento, inserir &quot;${data}&quot;">
<status status="NOT RUN" starttime="20221010 16:30:28.377" endtime="20221010 16:30:28.377"/>
</kw>
<kw name="No Portal, em Escolha da Escola, em CEP, inserir &quot;07123-140&quot;" library="Portal" sourcename="No Portal, em Escolha da Escola, em CEP, inserir &quot;${cep}&quot;">
<status status="NOT RUN" starttime="20221010 16:30:28.378" endtime="20221010 16:30:28.378"/>
</kw>
<kw name="No Portal, em Escolha da Escola, em Número da Residência, inserir &quot;33&quot;" library="Portal" sourcename="No Portal, em Escolha da Escola, em Número da Residência, inserir &quot;${numeroResidencial}&quot;">
<status status="NOT RUN" starttime="20221010 16:30:28.380" endtime="20221010 16:30:28.380"/>
</kw>
<kw name="No Portal, clicar em Pesquisar Escolas" library="Portal">
<status status="NOT RUN" starttime="20221010 16:30:28.381" endtime="20221010 16:30:28.381"/>
</kw>
<kw name="No Portal, selecionar a escola &quot;EPG AMADEU PEREIRA LIMA&quot;" library="Portal" sourcename="No Portal, selecionar a escola &quot;${escola}&quot;">
<status status="NOT RUN" starttime="20221010 16:30:28.381" endtime="20221010 16:30:28.382"/>
</kw>
<kw name="No Portal, em Ano/Ciclo selecionar &quot;Ciclo II&quot;" library="Portal" sourcename="No Portal, em Ano/Ciclo selecionar &quot;${anoCiclo}&quot;">
<status status="NOT RUN" starttime="20221010 16:30:28.383" endtime="20221010 16:30:28.385"/>
</kw>
<kw name="No Portal, clicar em Selecionar Escolas" library="Portal">
<status status="NOT RUN" starttime="20221010 16:30:28.386" endtime="20221010 16:30:28.387"/>
</kw>
<kw name="No Portal, clicar em Próximo" library="Portal">
<status status="NOT RUN" starttime="20221010 16:30:28.388" endtime="20221010 16:30:28.388"/>
</kw>
<kw name="No Portal, em Cadastro do Responsável, em Nacionalidade, selecionar &quot;Brasileira&quot;" library="Portal" sourcename="No Portal, em Cadastro do Responsável, em Nacionalidade, selecionar &quot;${nacionalidade}&quot;">
<status status="NOT RUN" starttime="20221010 16:30:28.389" endtime="20221010 16:30:28.389"/>
</kw>
<kw name="No Portal, em Cadastro do Responsável, em UF Nascimento, selecionar &quot;SP&quot;" library="Portal" sourcename="No Portal, em Cadastro do Responsável, em UF Nascimento, selecionar &quot;${ufNascimento}&quot;">
<status status="NOT RUN" starttime="20221010 16:30:28.390" endtime="20221010 16:30:28.390"/>
</kw>
<kw name="No Portal, em Cadastro do Responsável, em Cidade de Nascimento, selecionar &quot;SAO PAULO&quot;" library="Portal" sourcename="No Portal, em Cadastro do Responsável, em Cidade de Nascimento, selecionar &quot;${ufNascimento}&quot;">
<status status="NOT RUN" starttime="20221010 16:30:28.391" endtime="20221010 16:30:28.392"/>
</kw>
<kw name="No Portal, em Cadastro do Responsável, em CPF, inserir o CPF cadastrado" library="Portal">
<status status="NOT RUN" starttime="20221010 16:30:28.392" endtime="20221010 16:30:28.393"/>
</kw>
<kw name="No Portal, em Cadastro do Responsável, em Nome Completo, inserir o nome cadastrado" library="Portal">
<status status="NOT RUN" starttime="20221010 16:30:28.393" endtime="20221010 16:30:28.394"/>
</kw>
<kw name="No Portal, em Cadastro do Responsável, em Data de Nascimento, inserir &quot;07/03/1996&quot;" library="Portal" sourcename="No Portal, em Cadastro do Responsável, em Data de Nascimento, inserir &quot;${dataNascimentoResponsavel}&quot;">
<status status="NOT RUN" starttime="20221010 16:30:28.394" endtime="20221010 16:30:28.395"/>
</kw>
<kw name="No Portal, em Cadastro do Responsável, em Sexo, inserir &quot;Masculino&quot;" library="Portal" sourcename="No Portal, em Cadastro do Responsável, em Sexo, inserir &quot;${sexo}&quot;">
<status status="NOT RUN" starttime="20221010 16:30:28.395" endtime="20221010 16:30:28.396"/>
</kw>
<kw name="No Portal, em Cadastro do Aluno, em Grau de Parentesco, inserir &quot;O Próprio&quot;" library="Portal" sourcename="No Portal, em Cadastro do Aluno, em Grau de Parentesco, inserir &quot;${grauParentesco}&quot;">
<status status="NOT RUN" starttime="20221010 16:30:28.396" endtime="20221010 16:30:28.397"/>
</kw>
<kw name="No Portal, em Cadastro do Aluno, em Nacionalidade, selecionar &quot;Brasileira&quot;" library="Portal" sourcename="No Portal, em Cadastro do Aluno, em Nacionalidade, selecionar &quot;${nacionalidade}&quot;">
<status status="NOT RUN" starttime="20221010 16:30:28.397" endtime="20221010 16:30:28.397"/>
</kw>
<kw name="No Portal, em Contato, em Telefone 1, inserir um telefone válido" library="Portal">
<status status="NOT RUN" starttime="20221010 16:30:28.399" endtime="20221010 16:30:28.399"/>
</kw>
<kw name="No Portal, clicar nos campos de declarações" library="Portal">
<status status="NOT RUN" starttime="20221010 16:30:28.401" endtime="20221010 16:30:28.402"/>
</kw>
<kw name="No Portal, visualizar a mensagem &quot;Você não pode realizar uma nova inscrição, Aluno já possui uma inscrição ativa.&quot;" library="Portal" sourcename="No Portal, visualizar a mensagem &quot;${texto}&quot;">
<status status="NOT RUN" starttime="20221010 16:30:28.403" endtime="20221010 16:30:28.403"/>
</kw>
<kw name="No Portal, fechar o modal" library="Portal">
<status status="NOT RUN" starttime="20221010 16:30:28.404" endtime="20221010 16:30:28.405"/>
</kw>
<kw name="Fechar o navegador" library="1-Principal" type="TEARDOWN">
<kw name="Capture Page Screenshot" library="SeleniumLibrary">
<doc>Takes a screenshot of the current page and embeds it into a log file.</doc>
<msg timestamp="20221010 16:30:28.658" level="INFO" html="true">&lt;/td&gt;&lt;/tr&gt;&lt;tr&gt;&lt;td colspan="3"&gt;&lt;a href="selenium-screenshot-7.png"&gt;&lt;img src="selenium-screenshot-7.png" width="800px"&gt;&lt;/a&gt;</msg>
<status status="PASS" starttime="20221010 16:30:28.407" endtime="20221010 16:30:28.659"/>
</kw>
<kw name="Close Browser" library="SeleniumLibrary">
<doc>Closes the current browser.</doc>
<status status="PASS" starttime="20221010 16:30:28.660" endtime="20221010 16:30:31.951"/>
</kw>
<status status="PASS" starttime="20221010 16:30:28.406" endtime="20221010 16:30:31.952"/>
</kw>
<doc>Esse teste efetua a solicitação e consulta de matrícula
no Portal, para todas as etapas/modalidades.</doc>
<tag>Gier &gt; Portal - EJA Contínuo | Fluxo Positivo</tag>
<status status="FAIL" starttime="20221010 16:28:07.184" endtime="20221010 16:30:31.954">Element '//button[@class='swal-button swal-button--Confirmar swal-button--confirm'][contains(.,'Sim')]' not visible after 5 seconds.</status>
</test>
<doc>Esse teste verifica se é possível efetuar login no Gier</doc>
<status status="FAIL" starttime="20221010 16:28:04.399" endtime="20221010 16:30:31.961"/>
</suite>
<status status="FAIL" starttime="20221010 16:28:04.391" endtime="20221010 16:30:31.969"/>
</suite>
<status status="FAIL" starttime="20221010 16:28:04.291" endtime="20221010 16:30:31.976"/>
</suite>
<statistics>
<total>
<stat pass="0" fail="1" skip="0">All Tests</stat>
</total>
<tag>
<stat pass="0" fail="1" skip="0">Gier &gt; Portal - EJA Contínuo | Fluxo Positivo</stat>
</tag>
<suite>
<stat pass="0" fail="1" skip="0" id="s1" name="Automação - Teste De Versão Gier">Automação - Teste De Versão Gier</stat>
<stat pass="0" fail="1" skip="0" id="s1-s1" name="3-TestesFluxoBasico">Automação - Teste De Versão Gier.3-TestesFluxoBasico</stat>
<stat pass="0" fail="1" skip="0" id="s1-s1-s1" name="TesteDeVersaoNegativo">Automação - Teste De Versão Gier.3-TestesFluxoBasico.TesteDeVersaoNegativo</stat>
</suite>
</statistics>
<errors>
</errors>
</robot>
