<?xml version="1.0" encoding="UTF-8"?>
<robot generator="Robot 5.0 (Python 3.10.3 on win32)" generated="20221007 18:14:29.117" rpa="false" schemaversion="3">
<suite id="s1" name="Automação - Teste De Versão Gier" source="C:\Users\rogerio.santos\Desktop\AUTOMAÇÃO WEB - GIER\Automação - Teste De Versão Gier">
<suite id="s1-s1" name="3-TestesFluxoBasico" source="C:\Users\rogerio.santos\Desktop\AUTOMAÇÃO WEB - GIER\Automação - Teste De Versão Gier\3-TestesFluxoBasico">
<suite id="s1-s1-s1" name="TesteDeVersaoNegativo" source="C:\Users\rogerio.santos\Desktop\AUTOMAÇÃO WEB - GIER\Automação - Teste De Versão Gier\3-TestesFluxoBasico\TesteDeVersaoNegativo.robot">
<test id="s1-s1-s1-t1" name="Cenário 52: Funcionalidade Gier - Portal: Cancelado - Infantil Contínuo" line="1987">
<kw name="Abrir o navegador" library="1-Principal" type="SETUP">
<kw name="Open Browser" library="SeleniumLibrary">
<arg>url=https://www.google.com/</arg>
<arg>browser=chrome</arg>
<doc>Opens a new browser instance to the optional ``url``.</doc>
<msg timestamp="20221007 18:14:30.213" level="INFO">Opening browser 'chrome' to base url 'https://www.google.com/'.</msg>
<status status="PASS" starttime="20221007 18:14:30.212" endtime="20221007 18:14:33.017"/>
</kw>
<kw name="Maximize Browser Window" library="SeleniumLibrary">
<doc>Maximizes current browser window.</doc>
<status status="PASS" starttime="20221007 18:14:33.017" endtime="20221007 18:14:33.148"/>
</kw>
<status status="PASS" starttime="20221007 18:14:30.209" endtime="20221007 18:14:33.149"/>
</kw>
<kw name="Acessar o ambiente &quot;https://guarulhoshomolog.gier.com.br/&quot;" library="1-Principal" sourcename="Acessar o ambiente &quot;${url}&quot;">
<kw name="Go To" library="SeleniumLibrary">
<arg>${url}</arg>
<doc>Navigates the current browser window to the provided ``url``.</doc>
<msg timestamp="20221007 18:14:33.157" level="INFO">Opening url 'https://guarulhoshomolog.gier.com.br/'</msg>
<status status="PASS" starttime="20221007 18:14:33.156" endtime="20221007 18:14:36.501"/>
</kw>
<status status="PASS" starttime="20221007 18:14:33.152" endtime="20221007 18:14:36.501"/>
</kw>
<kw name="Entrar com as credenciais &quot;02867439817&quot; e &quot;12345678&quot;" library="Login" sourcename="Entrar com as credenciais &quot;${login}&quot; e &quot;${senha}&quot;">
<kw name="Wait Until Element Is Visible" library="SeleniumLibrary">
<arg>${tituloLogin}</arg>
<arg>timeout=30</arg>
<doc>Waits until the element ``locator`` is visible.</doc>
<status status="PASS" starttime="20221007 18:14:36.504" endtime="20221007 18:14:36.538"/>
</kw>
<kw name="Input Text" library="SeleniumLibrary">
<arg>${campoLogin}</arg>
<arg>${login}</arg>
<doc>Types the given ``text`` into the text field identified by ``locator``.</doc>
<msg timestamp="20221007 18:14:36.539" level="INFO">Typing text '02867439817' into text field 'txtLogin'.</msg>
<status status="PASS" starttime="20221007 18:14:36.538" endtime="20221007 18:14:36.623"/>
</kw>
<kw name="Input Text" library="SeleniumLibrary">
<arg>${campoSenha}</arg>
<arg>${senha}</arg>
<doc>Types the given ``text`` into the text field identified by ``locator``.</doc>
<msg timestamp="20221007 18:14:36.625" level="INFO">Typing text '12345678' into text field 'txtSenha1'.</msg>
<status status="PASS" starttime="20221007 18:14:36.624" endtime="20221007 18:14:36.706"/>
</kw>
<kw name="Click Button" library="SeleniumLibrary">
<arg>${botaoLogin}</arg>
<doc>Clicks the button identified by ``locator``.</doc>
<msg timestamp="20221007 18:14:36.710" level="INFO">Clicking button 'btnAcessar'.</msg>
<status status="PASS" starttime="20221007 18:14:36.707" endtime="20221007 18:14:39.186"/>
</kw>
<status status="PASS" starttime="20221007 18:14:36.503" endtime="20221007 18:14:39.186"/>
</kw>
<kw name="Verificar se aparece o texto &quot;Estrutura&quot;" library="1-Principal" sourcename="Verificar se aparece o texto &quot;${texto}&quot;">
<kw name="Wait Until Page Contains" library="SeleniumLibrary">
<arg>${texto}</arg>
<arg>20</arg>
<doc>Waits until ``text`` appears on the current page.</doc>
<status status="PASS" starttime="20221007 18:14:39.190" endtime="20221007 18:14:39.213"/>
</kw>
<status status="PASS" starttime="20221007 18:14:39.189" endtime="20221007 18:14:39.213"/>
</kw>
<kw name="Pesquisar &quot;VOLPI&quot; e selecionar o primeiro resultado" library="CadastroPessoa" sourcename="Pesquisar &quot;${pesquisaEstrutura}&quot; e selecionar o primeiro resultado">
<kw name="Input Text" library="SeleniumLibrary">
<arg>${campoPesquisaEstrutura}</arg>
<arg>${pesquisaEstrutura}</arg>
<doc>Types the given ``text`` into the text field identified by ``locator``.</doc>
<msg timestamp="20221007 18:14:39.217" level="INFO">Typing text 'VOLPI' into text field '//input[contains(@class,'textBuscaEstrutura')]'.</msg>
<status status="PASS" starttime="20221007 18:14:39.216" endtime="20221007 18:14:39.314"/>
</kw>
<kw name="Click Element" library="SeleniumLibrary">
<arg>${primeiroResultadoEstrutura}</arg>
<doc>Click the element identified by ``locator``.</doc>
<msg timestamp="20221007 18:14:39.316" level="INFO">Clicking element '//html[1]/body[1]/form[1]/div[3]/div[1]/div[1]/div[3]/div[1]/div[2]/div[2]/table[1]/tbody[1]/tr[1]/td[1]'.</msg>
<status status="PASS" starttime="20221007 18:14:39.315" endtime="20221007 18:14:39.359"/>
</kw>
<status status="PASS" starttime="20221007 18:14:39.215" endtime="20221007 18:14:39.360"/>
</kw>
<kw name="Entrar no eixo &quot;Operação&quot;" library="1-Principal" sourcename="Entrar no eixo &quot;${nomeEixo}&quot;">
<kw name="Execute Javascript" library="SeleniumLibrary">
<arg>xPathResult = document.evaluate("//div[@class='divEixo'][contains(.,'${nomeEixo}')]", document, null, XPathResult.FIRST_ORDERED_NODE_TYPE, null);</arg>
<doc>Executes the given JavaScript code with possible arguments.</doc>
<msg timestamp="20221007 18:14:39.366" level="INFO">Executing JavaScript:
xPathResult = document.evaluate("//div[@class='divEixo'][contains(.,'Operação')]", document, null, XPathResult.FIRST_ORDERED_NODE_TYPE, null);
Without any arguments.</msg>
<status status="PASS" starttime="20221007 18:14:39.364" endtime="20221007 18:14:47.427"/>
</kw>
<kw name="Execute Javascript" library="SeleniumLibrary">
<arg>xPathResult.singleNodeValue.click()</arg>
<doc>Executes the given JavaScript code with possible arguments.</doc>
<msg timestamp="20221007 18:14:47.432" level="INFO">Executing JavaScript:
xPathResult.singleNodeValue.click()
Without any arguments.</msg>
<status status="PASS" starttime="20221007 18:14:47.429" endtime="20221007 18:14:47.452"/>
</kw>
<status status="PASS" starttime="20221007 18:14:39.362" endtime="20221007 18:14:47.453"/>
</kw>
<kw name="Entrar no módulo &quot;Educandos&quot;" library="1-Principal" sourcename="Entrar no módulo &quot;${nomeModulo}&quot;">
<if>
<branch type="IF" condition="'${nomeModulo}' == 'Gestão'">
<kw name="Execute Javascript" library="SeleniumLibrary">
<arg>xPathResult = document.evaluate("//span[contains(@id,'7')][contains(.,'Gestão')]", document, null, XPathResult.FIRST_ORDERED_NODE_TYPE, null);</arg>
<doc>Executes the given JavaScript code with possible arguments.</doc>
<status status="NOT RUN" starttime="20221007 18:14:47.459" endtime="20221007 18:14:47.461"/>
</kw>
<kw name="Execute Javascript" library="SeleniumLibrary">
<arg>xPathResult.singleNodeValue.click()</arg>
<doc>Executes the given JavaScript code with possible arguments.</doc>
<status status="NOT RUN" starttime="20221007 18:14:47.463" endtime="20221007 18:14:47.463"/>
</kw>
<status status="NOT RUN" starttime="20221007 18:14:47.457" endtime="20221007 18:14:47.464"/>
</branch>
<branch type="ELSE">
<kw name="Execute Javascript" library="SeleniumLibrary">
<arg>xPathResult = document.evaluate("//span[contains(.,'${nomeModulo}')]", document, null, XPathResult.FIRST_ORDERED_NODE_TYPE, null);</arg>
<doc>Executes the given JavaScript code with possible arguments.</doc>
<msg timestamp="20221007 18:14:47.468" level="INFO">Executing JavaScript:
xPathResult = document.evaluate("//span[contains(.,'Educandos')]", document, null, XPathResult.FIRST_ORDERED_NODE_TYPE, null);
Without any arguments.</msg>
<status status="PASS" starttime="20221007 18:14:47.466" endtime="20221007 18:14:48.174"/>
</kw>
<kw name="Execute Javascript" library="SeleniumLibrary">
<arg>xPathResult.singleNodeValue.click()</arg>
<doc>Executes the given JavaScript code with possible arguments.</doc>
<msg timestamp="20221007 18:14:48.177" level="INFO">Executing JavaScript:
xPathResult.singleNodeValue.click()
Without any arguments.</msg>
<status status="PASS" starttime="20221007 18:14:48.174" endtime="20221007 18:14:48.187"/>
</kw>
<status status="PASS" starttime="20221007 18:14:47.464" endtime="20221007 18:14:48.187"/>
</branch>
<status status="PASS" starttime="20221007 18:14:47.456" endtime="20221007 18:14:48.187"/>
</if>
<status status="PASS" starttime="20221007 18:14:47.455" endtime="20221007 18:14:48.187"/>
</kw>
<kw name="Entrar na funcionalidade &quot;Matricular Educando&quot;" library="1-Principal" sourcename="Entrar na funcionalidade &quot;${funcionalidade}&quot;">
<if>
<branch type="IF" condition="'${funcionalidade}' == 'Processo de Demandas'">
<kw name="Execute Javascript" library="SeleniumLibrary">
<arg>xPathResult = document.evaluate("//span[@title='Processo de Demandas']", document, null, XPathResult.FIRST_ORDERED_NODE_TYPE, null);</arg>
<doc>Executes the given JavaScript code with possible arguments.</doc>
<status status="NOT RUN" starttime="20221007 18:14:48.190" endtime="20221007 18:14:48.190"/>
</kw>
<kw name="Execute Javascript" library="SeleniumLibrary">
<arg>xPathResult.singleNodeValue.click()</arg>
<doc>Executes the given JavaScript code with possible arguments.</doc>
<status status="NOT RUN" starttime="20221007 18:14:48.192" endtime="20221007 18:14:48.193"/>
</kw>
<status status="NOT RUN" starttime="20221007 18:14:48.189" endtime="20221007 18:14:48.194"/>
</branch>
<branch type="ELSE">
<kw name="Execute Javascript" library="SeleniumLibrary">
<arg>xPathResult = document.evaluate("//span[contains(@title,'${funcionalidade}')]", document, null, XPathResult.FIRST_ORDERED_NODE_TYPE, null);</arg>
<doc>Executes the given JavaScript code with possible arguments.</doc>
<msg timestamp="20221007 18:14:48.198" level="INFO">Executing JavaScript:
xPathResult = document.evaluate("//span[contains(@title,'Matricular Educando')]", document, null, XPathResult.FIRST_ORDERED_NODE_TYPE, null);
Without any arguments.</msg>
<status status="PASS" starttime="20221007 18:14:48.196" endtime="20221007 18:14:49.092"/>
</kw>
<kw name="Execute Javascript" library="SeleniumLibrary">
<arg>xPathResult.singleNodeValue.click()</arg>
<doc>Executes the given JavaScript code with possible arguments.</doc>
<msg timestamp="20221007 18:14:49.095" level="INFO">Executing JavaScript:
xPathResult.singleNodeValue.click()
Without any arguments.</msg>
<status status="PASS" starttime="20221007 18:14:49.092" endtime="20221007 18:14:49.104"/>
</kw>
<status status="PASS" starttime="20221007 18:14:48.194" endtime="20221007 18:14:49.104"/>
</branch>
<status status="PASS" starttime="20221007 18:14:48.189" endtime="20221007 18:14:49.104"/>
</if>
<kw name="Aguardar tela de carregamento" library="1-Principal">
<kw name="Wait Until Element Is Not Visible" library="SeleniumLibrary">
<arg>class=carregando</arg>
<arg>300</arg>
<doc>Waits until the element ``locator`` is not visible.</doc>
<status status="PASS" starttime="20221007 18:14:49.106" endtime="20221007 18:14:51.733"/>
</kw>
<status status="PASS" starttime="20221007 18:14:49.104" endtime="20221007 18:14:51.734"/>
</kw>
<status status="PASS" starttime="20221007 18:14:48.188" endtime="20221007 18:14:51.734"/>
</kw>
<kw name="Em Matricular Educando, em Ano Letivo da Matrícula, selecionar o ano de &quot;2022&quot;" library="MatricularEducando" sourcename="Em Matricular Educando, em Ano Letivo da Matrícula, selecionar o ano de &quot;${ano}&quot;">
<kw name="Wait Until Page Contains" library="SeleniumLibrary">
<arg>Matricular Educando</arg>
<doc>Waits until ``text`` appears on the current page.</doc>
<status status="PASS" starttime="20221007 18:14:51.738" endtime="20221007 18:14:51.758"/>
</kw>
<kw name="Evaluate" library="BuiltIn">
<var>${anoSeguinte}</var>
<arg>${ano}+1</arg>
<doc>Evaluates the given expression in Python and returns the result.</doc>
<msg timestamp="20221007 18:14:51.762" level="INFO">${anoSeguinte} = 2023</msg>
<status status="PASS" starttime="20221007 18:14:51.759" endtime="20221007 18:14:51.764"/>
</kw>
<kw name="Execute Javascript" library="SeleniumLibrary">
<arg>$('#cphContent_ddlAnoLetivo').val("${anoSeguinte}").trigger('chosen:updated');</arg>
<doc>Executes the given JavaScript code with possible arguments.</doc>
<msg timestamp="20221007 18:14:51.766" level="INFO">Executing JavaScript:
$('#cphContent_ddlAnoLetivo').val("2023").trigger('chosen:updated');
Without any arguments.</msg>
<status status="PASS" starttime="20221007 18:14:51.765" endtime="20221007 18:14:51.775"/>
</kw>
<kw name="Execute Javascript" library="SeleniumLibrary">
<arg>$('#cphContent_ddlAnoLetivo').trigger('change');</arg>
<doc>Executes the given JavaScript code with possible arguments.</doc>
<msg timestamp="20221007 18:14:51.779" level="INFO">Executing JavaScript:
$('#cphContent_ddlAnoLetivo').trigger('change');
Without any arguments.</msg>
<status status="PASS" starttime="20221007 18:14:51.777" endtime="20221007 18:14:51.792"/>
</kw>
<kw name="Aguardar tela de carregamento" library="1-Principal">
<kw name="Wait Until Element Is Not Visible" library="SeleniumLibrary">
<arg>class=carregando</arg>
<arg>300</arg>
<doc>Waits until the element ``locator`` is not visible.</doc>
<status status="PASS" starttime="20221007 18:14:51.795" endtime="20221007 18:14:52.536"/>
</kw>
<status status="PASS" starttime="20221007 18:14:51.793" endtime="20221007 18:14:52.536"/>
</kw>
<kw name="Execute Javascript" library="SeleniumLibrary">
<arg>$('#cphContent_ddlAnoLetivo').val("${ano}").trigger('chosen:updated');</arg>
<doc>Executes the given JavaScript code with possible arguments.</doc>
<msg timestamp="20221007 18:14:52.538" level="INFO">Executing JavaScript:
$('#cphContent_ddlAnoLetivo').val("2022").trigger('chosen:updated');
Without any arguments.</msg>
<status status="PASS" starttime="20221007 18:14:52.536" endtime="20221007 18:14:52.546"/>
</kw>
<kw name="Execute Javascript" library="SeleniumLibrary">
<arg>$('#cphContent_ddlAnoLetivo').trigger('change');</arg>
<doc>Executes the given JavaScript code with possible arguments.</doc>
<msg timestamp="20221007 18:14:52.547" level="INFO">Executing JavaScript:
$('#cphContent_ddlAnoLetivo').trigger('change');
Without any arguments.</msg>
<status status="PASS" starttime="20221007 18:14:52.547" endtime="20221007 18:14:52.555"/>
</kw>
<kw name="Aguardar tela de carregamento" library="1-Principal">
<kw name="Wait Until Element Is Not Visible" library="SeleniumLibrary">
<arg>class=carregando</arg>
<arg>300</arg>
<doc>Waits until the element ``locator`` is not visible.</doc>
<status status="PASS" starttime="20221007 18:14:52.558" endtime="20221007 18:14:53.058"/>
</kw>
<status status="PASS" starttime="20221007 18:14:52.556" endtime="20221007 18:14:53.059"/>
</kw>
<status status="PASS" starttime="20221007 18:14:51.736" endtime="20221007 18:14:53.059"/>
</kw>
<kw name="Em Matricular Educando, em Pessoa que Deseja Matricular, inserir &quot;JOSIAS ADALBERTO&quot;" library="MatricularEducando" sourcename="Em Matricular Educando, em Pessoa que Deseja Matricular, inserir &quot;${alunoMatricula}&quot;">
<kw name="Clear Element Text" library="SeleniumLibrary">
<arg>cphContent_PesquisaPessoa_txtNome</arg>
<doc>Clears the value of the text-input-element identified by ``locator``.</doc>
<status status="PASS" starttime="20221007 18:14:53.062" endtime="20221007 18:14:53.103"/>
</kw>
<kw name="Input Text" library="SeleniumLibrary">
<arg>cphContent_PesquisaPessoa_txtNome</arg>
<arg>${alunoMatricula}</arg>
<doc>Types the given ``text`` into the text field identified by ``locator``.</doc>
<msg timestamp="20221007 18:14:53.105" level="INFO">Typing text 'JOSIAS ADALBERTO' into text field 'cphContent_PesquisaPessoa_txtNome'.</msg>
<status status="PASS" starttime="20221007 18:14:53.104" endtime="20221007 18:14:53.186"/>
</kw>
<status status="PASS" starttime="20221007 18:14:53.061" endtime="20221007 18:14:53.186"/>
</kw>
<kw name="Em Matricular Educando, em Pessoa que Deseja Matricular, clicar em Pesquisar" library="MatricularEducando">
<kw name="Execute Javascript" library="SeleniumLibrary">
<arg>document.getElementById("cphContent_PesquisaPessoa_btnPesquisa").click();</arg>
<doc>Executes the given JavaScript code with possible arguments.</doc>
<msg timestamp="20221007 18:14:53.189" level="INFO">Executing JavaScript:
document.getElementById("cphContent_PesquisaPessoa_btnPesquisa").click();
Without any arguments.</msg>
<status status="PASS" starttime="20221007 18:14:53.188" endtime="20221007 18:14:53.242"/>
</kw>
<kw name="Aguardar tela de carregamento" library="1-Principal">
<kw name="Wait Until Element Is Not Visible" library="SeleniumLibrary">
<arg>class=carregando</arg>
<arg>300</arg>
<doc>Waits until the element ``locator`` is not visible.</doc>
<status status="PASS" starttime="20221007 18:14:53.245" endtime="20221007 18:14:54.893"/>
</kw>
<status status="PASS" starttime="20221007 18:14:53.243" endtime="20221007 18:14:54.894"/>
</kw>
<status status="PASS" starttime="20221007 18:14:53.187" endtime="20221007 18:14:54.894"/>
</kw>
<kw name="Em Matricular Educando, clicar em Sim no Modal" library="MatricularEducando">
<kw name="Wait Until Element Is Visible" library="SeleniumLibrary">
<arg>cphContent_PesquisaPessoa_MensagemPadrao_btnSim</arg>
<doc>Waits until the element ``locator`` is visible.</doc>
<status status="PASS" starttime="20221007 18:14:54.897" endtime="20221007 18:14:54.924"/>
</kw>
<kw name="Execute Javascript" library="SeleniumLibrary">
<arg>document.getElementById("cphContent_PesquisaPessoa_MensagemPadrao_btnSim").click();</arg>
<doc>Executes the given JavaScript code with possible arguments.</doc>
<msg timestamp="20221007 18:14:54.928" level="INFO">Executing JavaScript:
document.getElementById("cphContent_PesquisaPessoa_MensagemPadrao_btnSim").click();
Without any arguments.</msg>
<status status="PASS" starttime="20221007 18:14:54.925" endtime="20221007 18:14:54.940"/>
</kw>
<kw name="Aguardar tela de carregamento" library="1-Principal">
<kw name="Wait Until Element Is Not Visible" library="SeleniumLibrary">
<arg>class=carregando</arg>
<arg>300</arg>
<doc>Waits until the element ``locator`` is not visible.</doc>
<status status="PASS" starttime="20221007 18:14:54.944" endtime="20221007 18:14:56.781"/>
</kw>
<status status="PASS" starttime="20221007 18:14:54.941" endtime="20221007 18:14:56.782"/>
</kw>
<status status="PASS" starttime="20221007 18:14:54.896" endtime="20221007 18:14:56.782"/>
</kw>
<kw name="Em Cadastro de Pessoa, no campo Nome, inserir um nome aleatório" library="CadastroPessoa">
<kw name="Name Male" library="FakerLibrary">
<var>${nomeCompletoAluno}</var>
<msg timestamp="20221007 18:14:56.785" level="INFO">${nomeCompletoAluno} = Rafael Viana</msg>
<status status="PASS" starttime="20221007 18:14:56.784" endtime="20221007 18:14:56.787"/>
</kw>
<kw name="Replace String" library="String">
<var>${nomeCompletoAluno}</var>
<arg>${nomeCompletoAluno}</arg>
<arg>ç</arg>
<arg>c</arg>
<doc>Replaces ``search_for`` in the given ``string`` with ``replace_with``.</doc>
<msg timestamp="20221007 18:14:56.788" level="INFO">${nomeCompletoAluno} = Rafael Viana</msg>
<status status="PASS" starttime="20221007 18:14:56.787" endtime="20221007 18:14:56.790"/>
</kw>
<kw name="Replace String" library="String">
<var>${nomeCompletoAluno}</var>
<arg>${nomeCompletoAluno}</arg>
<arg>ê</arg>
<arg>e</arg>
<doc>Replaces ``search_for`` in the given ``string`` with ``replace_with``.</doc>
<msg timestamp="20221007 18:14:56.791" level="INFO">${nomeCompletoAluno} = Rafael Viana</msg>
<status status="PASS" starttime="20221007 18:14:56.790" endtime="20221007 18:14:56.794"/>
</kw>
<kw name="Replace String" library="String">
<var>${nomeCompletoAluno}</var>
<arg>${nomeCompletoAluno}</arg>
<arg>í</arg>
<arg>i</arg>
<doc>Replaces ``search_for`` in the given ``string`` with ``replace_with``.</doc>
<msg timestamp="20221007 18:14:56.796" level="INFO">${nomeCompletoAluno} = Rafael Viana</msg>
<status status="PASS" starttime="20221007 18:14:56.795" endtime="20221007 18:14:56.796"/>
</kw>
<kw name="Replace String" library="String">
<var>${nomeCompletoAluno}</var>
<arg>${nomeCompletoAluno}</arg>
<arg>ô</arg>
<arg>o</arg>
<doc>Replaces ``search_for`` in the given ``string`` with ``replace_with``.</doc>
<msg timestamp="20221007 18:14:56.798" level="INFO">${nomeCompletoAluno} = Rafael Viana</msg>
<status status="PASS" starttime="20221007 18:14:56.798" endtime="20221007 18:14:56.800"/>
</kw>
<kw name="Replace String" library="String">
<var>${nomeCompletoAluno}</var>
<arg>${nomeCompletoAluno}</arg>
<arg>ã</arg>
<arg>a</arg>
<doc>Replaces ``search_for`` in the given ``string`` with ``replace_with``.</doc>
<msg timestamp="20221007 18:14:56.802" level="INFO">${nomeCompletoAluno} = Rafael Viana</msg>
<status status="PASS" starttime="20221007 18:14:56.801" endtime="20221007 18:14:56.803"/>
</kw>
<kw name="Fetch From Right" library="String">
<var>${nomeCompletoAluno}</var>
<arg>${nomeCompletoAluno}</arg>
<arg>.</arg>
<doc>Returns contents of the ``string`` after the last occurrence of ``marker``.</doc>
<msg timestamp="20221007 18:14:56.805" level="INFO">${nomeCompletoAluno} = Rafael Viana</msg>
<status status="PASS" starttime="20221007 18:14:56.804" endtime="20221007 18:14:56.806"/>
</kw>
<kw name="Strip String" library="String">
<var>${nomeCompletoAluno}</var>
<arg>${nomeCompletoAluno}</arg>
<arg>both</arg>
<doc>Remove leading and/or trailing whitespaces from the given string.</doc>
<msg timestamp="20221007 18:14:56.808" level="INFO">${nomeCompletoAluno} = Rafael Viana</msg>
<status status="PASS" starttime="20221007 18:14:56.807" endtime="20221007 18:14:56.812"/>
</kw>
<kw name="Set Suite Variable" library="BuiltIn">
<arg>${nomeCompletoAluno}</arg>
<doc>Makes a variable available everywhere within the scope of the current suite.</doc>
<msg timestamp="20221007 18:14:56.814" level="INFO">${nomeCompletoAluno} = Rafael Viana</msg>
<status status="PASS" starttime="20221007 18:14:56.813" endtime="20221007 18:14:56.815"/>
</kw>
<kw name="Input Text" library="SeleniumLibrary">
<arg>${campoNomeCadastroPessoa}</arg>
<arg>${nomeCompletoAluno}</arg>
<doc>Types the given ``text`` into the text field identified by ``locator``.</doc>
<msg timestamp="20221007 18:14:56.817" level="INFO">Typing text 'Rafael Viana' into text field 'cphContent_ucDadosPessoais_txtNomeCompleto'.</msg>
<status status="PASS" starttime="20221007 18:14:56.816" endtime="20221007 18:14:56.964"/>
</kw>
<status status="PASS" starttime="20221007 18:14:56.783" endtime="20221007 18:14:56.965"/>
</kw>
<kw name="Em Cadastro de Pessoa, no campo Sexo, selecionar &quot;MASCULINO&quot;" library="CadastroPessoa" sourcename="Em Cadastro de Pessoa, no campo Sexo, selecionar &quot;${sexo}&quot;">
<kw name="Run Keyword If" library="BuiltIn">
<arg>'${sexo}' == 'FEMININO'</arg>
<arg>Execute JavaScript</arg>
<arg>$('#${campoSexoPessoa}').val("1").trigger('chosen:updated');</arg>
<doc>Runs the given keyword with the given arguments, if ``condition`` is true.</doc>
<status status="PASS" starttime="20221007 18:14:56.968" endtime="20221007 18:14:56.969"/>
</kw>
<kw name="Run Keyword If" library="BuiltIn">
<arg>'${sexo}' == 'MASCULINO'</arg>
<arg>Execute JavaScript</arg>
<arg>$('#${campoSexoPessoa}').val("2").trigger('chosen:updated');</arg>
<doc>Runs the given keyword with the given arguments, if ``condition`` is true.</doc>
<kw name="Execute Javascript" library="SeleniumLibrary">
<arg>$('#${campoSexoPessoa}').val("2").trigger('chosen:updated');</arg>
<doc>Executes the given JavaScript code with possible arguments.</doc>
<msg timestamp="20221007 18:14:56.972" level="INFO">Executing JavaScript:
$('#cphContent_ucDadosPessoais_ddlSexo').val("2").trigger('chosen:updated');
Without any arguments.</msg>
<status status="PASS" starttime="20221007 18:14:56.970" endtime="20221007 18:14:56.987"/>
</kw>
<status status="PASS" starttime="20221007 18:14:56.969" endtime="20221007 18:14:56.987"/>
</kw>
<kw name="Run Keyword If" library="BuiltIn">
<arg>'${sexo}' == 'NÃO INFORMADO'</arg>
<arg>Execute JavaScript</arg>
<arg>$('#${campoSexoPessoa}').val("3").trigger('chosen:updated');</arg>
<doc>Runs the given keyword with the given arguments, if ``condition`` is true.</doc>
<status status="PASS" starttime="20221007 18:14:56.988" endtime="20221007 18:14:56.989"/>
</kw>
<status status="PASS" starttime="20221007 18:14:56.966" endtime="20221007 18:14:56.989"/>
</kw>
<kw name="Em Cadastro de Pessoa, no campo Data de Nascimento, inserir a data &quot;07/03/2020&quot;" library="CadastroPessoa" sourcename="Em Cadastro de Pessoa, no campo Data de Nascimento, inserir a data &quot;${dataNascimento}&quot;">
<kw name="Set Suite Variable" library="BuiltIn">
<arg>${dataNascimento}</arg>
<doc>Makes a variable available everywhere within the scope of the current suite.</doc>
<msg timestamp="20221007 18:14:56.996" level="INFO">${dataNascimento} = 07/03/2020</msg>
<status status="PASS" starttime="20221007 18:14:56.994" endtime="20221007 18:14:56.998"/>
</kw>
<kw name="Input Text" library="SeleniumLibrary">
<arg>${campoDataNascimento}</arg>
<arg>${dataNascimento}</arg>
<doc>Types the given ``text`` into the text field identified by ``locator``.</doc>
<msg timestamp="20221007 18:14:57.000" level="INFO">Typing text '07/03/2020' into text field 'txtDNasc'.</msg>
<status status="PASS" starttime="20221007 18:14:56.999" endtime="20221007 18:14:57.137"/>
</kw>
<status status="PASS" starttime="20221007 18:14:56.992" endtime="20221007 18:14:57.137"/>
</kw>
<kw name="Clicar no checkbox Pessoa não possui correio eletrônico" library="CadastroPessoa">
<kw name="Execute Javascript" library="SeleniumLibrary">
<arg>document.getElementById("${naoPossuiEmail}").click();</arg>
<doc>Executes the given JavaScript code with possible arguments.</doc>
<msg timestamp="20221007 18:14:57.145" level="INFO">Executing JavaScript:
document.getElementById("cphContent_ucDadosPessoais_chkNaoPossuiEmail").click();
Without any arguments.</msg>
<status status="PASS" starttime="20221007 18:14:57.142" endtime="20221007 18:14:57.159"/>
</kw>
<kw name="Aguardar tela de carregamento" library="1-Principal">
<kw name="Wait Until Element Is Not Visible" library="SeleniumLibrary">
<arg>class=carregando</arg>
<arg>300</arg>
<doc>Waits until the element ``locator`` is not visible.</doc>
<status status="PASS" starttime="20221007 18:14:57.162" endtime="20221007 18:14:58.403"/>
</kw>
<status status="PASS" starttime="20221007 18:14:57.161" endtime="20221007 18:14:58.403"/>
</kw>
<status status="PASS" starttime="20221007 18:14:57.139" endtime="20221007 18:14:58.404"/>
</kw>
<kw name="Em Cadastro de Pessoa, no campo Nacionalidade, selecionar &quot;BRASILEIRA&quot;" library="CadastroPessoa" sourcename="Em Cadastro de Pessoa, no campo Nacionalidade, selecionar &quot;${nacionalidade}&quot;">
<kw name="Run Keyword If" library="BuiltIn">
<arg>'${nacionalidade}' == 'BRASILEIRA'</arg>
<arg>Execute JavaScript</arg>
<arg>$('#${campoNacionalidadePessoa}').val("1").trigger('chosen:updated');</arg>
<doc>Runs the given keyword with the given arguments, if ``condition`` is true.</doc>
<kw name="Execute Javascript" library="SeleniumLibrary">
<arg>$('#${campoNacionalidadePessoa}').val("1").trigger('chosen:updated');</arg>
<doc>Executes the given JavaScript code with possible arguments.</doc>
<msg timestamp="20221007 18:14:58.407" level="INFO">Executing JavaScript:
$('#cphContent_ucDadosPessoais_ddlNacionalidade').val("1").trigger('chosen:updated');
Without any arguments.</msg>
<status status="PASS" starttime="20221007 18:14:58.407" endtime="20221007 18:14:58.420"/>
</kw>
<status status="PASS" starttime="20221007 18:14:58.406" endtime="20221007 18:14:58.420"/>
</kw>
<kw name="Run Keyword If" library="BuiltIn">
<arg>'${nacionalidade}' == 'BRASILEIRO NASCIDO NO EXTERIOR'</arg>
<arg>Execute JavaScript</arg>
<arg>$('#${campoNacionalidadePessoa}').val("2").trigger('chosen:updated');</arg>
<doc>Runs the given keyword with the given arguments, if ``condition`` is true.</doc>
<status status="PASS" starttime="20221007 18:14:58.420" endtime="20221007 18:14:58.421"/>
</kw>
<kw name="Run Keyword If" library="BuiltIn">
<arg>'${nacionalidade}' == 'ESTRANGEIRO'</arg>
<arg>Execute JavaScript</arg>
<arg>$('#${campoNacionalidadePessoa}').val("3").trigger('chosen:updated');</arg>
<doc>Runs the given keyword with the given arguments, if ``condition`` is true.</doc>
<status status="PASS" starttime="20221007 18:14:58.421" endtime="20221007 18:14:58.422"/>
</kw>
<kw name="Execute Javascript" library="SeleniumLibrary">
<arg>$('#${campoNacionalidadePessoa}').trigger('change');</arg>
<doc>Executes the given JavaScript code with possible arguments.</doc>
<msg timestamp="20221007 18:14:58.423" level="INFO">Executing JavaScript:
$('#cphContent_ucDadosPessoais_ddlNacionalidade').trigger('change');
Without any arguments.</msg>
<status status="PASS" starttime="20221007 18:14:58.422" endtime="20221007 18:14:58.437"/>
</kw>
<kw name="Aguardar tela de carregamento" library="1-Principal">
<kw name="Wait Until Element Is Not Visible" library="SeleniumLibrary">
<arg>class=carregando</arg>
<arg>300</arg>
<doc>Waits until the element ``locator`` is not visible.</doc>
<status status="PASS" starttime="20221007 18:14:58.438" endtime="20221007 18:14:59.407"/>
</kw>
<status status="PASS" starttime="20221007 18:14:58.437" endtime="20221007 18:14:59.408"/>
</kw>
<status status="PASS" starttime="20221007 18:14:58.405" endtime="20221007 18:14:59.409"/>
</kw>
<kw name="Em Cadastro de Pessoa, no campo UF Nascimento, selecionar &quot;SP&quot;" library="CadastroPessoa" sourcename="Em Cadastro de Pessoa, no campo UF Nascimento, selecionar &quot;${UF}&quot;">
<kw name="Run Keyword If" library="BuiltIn">
<arg>'${UF}' == 'PE'</arg>
<arg>Execute JavaScript</arg>
<arg>$('#${campoUFNascimento}').val("1").trigger('chosen:updated');</arg>
<doc>Runs the given keyword with the given arguments, if ``condition`` is true.</doc>
<status status="PASS" starttime="20221007 18:14:59.414" endtime="20221007 18:14:59.416"/>
</kw>
<kw name="Run Keyword If" library="BuiltIn">
<arg>'${UF}' == 'PE'</arg>
<arg>Execute JavaScript</arg>
<arg>$('#${campoUFNascimento}').val("1").trigger('change');</arg>
<doc>Runs the given keyword with the given arguments, if ``condition`` is true.</doc>
<status status="PASS" starttime="20221007 18:14:59.417" endtime="20221007 18:14:59.417"/>
</kw>
<kw name="Run Keyword If" library="BuiltIn">
<arg>'${UF}' == 'PB'</arg>
<arg>Execute JavaScript</arg>
<arg>$('#${campoUFNascimento}').val("2").trigger('chosen:updated');</arg>
<doc>Runs the given keyword with the given arguments, if ``condition`` is true.</doc>
<status status="PASS" starttime="20221007 18:14:59.418" endtime="20221007 18:14:59.419"/>
</kw>
<kw name="Run Keyword If" library="BuiltIn">
<arg>'${UF}' == 'PB'</arg>
<arg>Execute JavaScript</arg>
<arg>$('#${campoUFNascimento}').val("2").trigger('change');</arg>
<doc>Runs the given keyword with the given arguments, if ``condition`` is true.</doc>
<status status="PASS" starttime="20221007 18:14:59.420" endtime="20221007 18:14:59.420"/>
</kw>
<kw name="Run Keyword If" library="BuiltIn">
<arg>'${UF}' == 'PA'</arg>
<arg>Execute JavaScript</arg>
<arg>$('#${campoUFNascimento}').val("3").trigger('chosen:updated');</arg>
<doc>Runs the given keyword with the given arguments, if ``condition`` is true.</doc>
<status status="PASS" starttime="20221007 18:14:59.421" endtime="20221007 18:14:59.422"/>
</kw>
<kw name="Run Keyword If" library="BuiltIn">
<arg>'${UF}' == 'PA'</arg>
<arg>Execute JavaScript</arg>
<arg>$('#${campoUFNascimento}').val("3").trigger('change');</arg>
<doc>Runs the given keyword with the given arguments, if ``condition`` is true.</doc>
<status status="PASS" starttime="20221007 18:14:59.422" endtime="20221007 18:14:59.423"/>
</kw>
<kw name="Run Keyword If" library="BuiltIn">
<arg>'${UF}' == 'RS'</arg>
<arg>Execute JavaScript</arg>
<arg>$('#${campoUFNascimento}').val("4").trigger('chosen:updated');</arg>
<doc>Runs the given keyword with the given arguments, if ``condition`` is true.</doc>
<status status="PASS" starttime="20221007 18:14:59.423" endtime="20221007 18:14:59.424"/>
</kw>
<kw name="Run Keyword If" library="BuiltIn">
<arg>'${UF}' == 'RS'</arg>
<arg>Execute JavaScript</arg>
<arg>$('#${campoUFNascimento}').val("4").trigger('change');</arg>
<doc>Runs the given keyword with the given arguments, if ``condition`` is true.</doc>
<status status="PASS" starttime="20221007 18:14:59.425" endtime="20221007 18:14:59.426"/>
</kw>
<kw name="Run Keyword If" library="BuiltIn">
<arg>'${UF}' == 'AC'</arg>
<arg>Execute JavaScript</arg>
<arg>$('#${campoUFNascimento}').val("5").trigger('chosen:updated');</arg>
<doc>Runs the given keyword with the given arguments, if ``condition`` is true.</doc>
<status status="PASS" starttime="20221007 18:14:59.426" endtime="20221007 18:14:59.427"/>
</kw>
<kw name="Run Keyword If" library="BuiltIn">
<arg>'${UF}' == 'AC'</arg>
<arg>Execute JavaScript</arg>
<arg>$('#${campoUFNascimento}').val("5").trigger('change');</arg>
<doc>Runs the given keyword with the given arguments, if ``condition`` is true.</doc>
<status status="PASS" starttime="20221007 18:14:59.427" endtime="20221007 18:14:59.427"/>
</kw>
<kw name="Run Keyword If" library="BuiltIn">
<arg>'${UF}' == 'BA'</arg>
<arg>Execute JavaScript</arg>
<arg>$('#${campoUFNascimento}').val("6").trigger('chosen:updated');</arg>
<doc>Runs the given keyword with the given arguments, if ``condition`` is true.</doc>
<status status="PASS" starttime="20221007 18:14:59.428" endtime="20221007 18:14:59.428"/>
</kw>
<kw name="Run Keyword If" library="BuiltIn">
<arg>'${UF}' == 'BA'</arg>
<arg>Execute JavaScript</arg>
<arg>$('#${campoUFNascimento}').val("6").trigger('change');</arg>
<doc>Runs the given keyword with the given arguments, if ``condition`` is true.</doc>
<status status="PASS" starttime="20221007 18:14:59.429" endtime="20221007 18:14:59.429"/>
</kw>
<kw name="Run Keyword If" library="BuiltIn">
<arg>'${UF}' == 'SP'</arg>
<arg>Execute JavaScript</arg>
<arg>$('#${campoUFNascimento}').val("7").trigger('chosen:updated');</arg>
<doc>Runs the given keyword with the given arguments, if ``condition`` is true.</doc>
<kw name="Execute Javascript" library="SeleniumLibrary">
<arg>$('#${campoUFNascimento}').val("7").trigger('chosen:updated');</arg>
<doc>Executes the given JavaScript code with possible arguments.</doc>
<msg timestamp="20221007 18:14:59.431" level="INFO">Executing JavaScript:
$('#cphContent_ucDadosPessoais_ddlUfNascimento').val("7").trigger('chosen:updated');
Without any arguments.</msg>
<status status="PASS" starttime="20221007 18:14:59.430" endtime="20221007 18:14:59.447"/>
</kw>
<status status="PASS" starttime="20221007 18:14:59.430" endtime="20221007 18:14:59.448"/>
</kw>
<kw name="Run Keyword If" library="BuiltIn">
<arg>'${UF}' == 'SP'</arg>
<arg>Execute JavaScript</arg>
<arg>$('#${campoUFNascimento}').val("7").trigger('change');</arg>
<doc>Runs the given keyword with the given arguments, if ``condition`` is true.</doc>
<kw name="Execute Javascript" library="SeleniumLibrary">
<arg>$('#${campoUFNascimento}').val("7").trigger('change');</arg>
<doc>Executes the given JavaScript code with possible arguments.</doc>
<msg timestamp="20221007 18:14:59.452" level="INFO">Executing JavaScript:
$('#cphContent_ucDadosPessoais_ddlUfNascimento').val("7").trigger('change');
Without any arguments.</msg>
<status status="PASS" starttime="20221007 18:14:59.451" endtime="20221007 18:14:59.463"/>
</kw>
<status status="PASS" starttime="20221007 18:14:59.449" endtime="20221007 18:14:59.463"/>
</kw>
<kw name="Run Keyword If" library="BuiltIn">
<arg>'${UF}' == 'SC'</arg>
<arg>Execute JavaScript</arg>
<arg>$('#${campoUFNascimento}').val("8").trigger('chosen:updated');</arg>
<doc>Runs the given keyword with the given arguments, if ``condition`` is true.</doc>
<status status="PASS" starttime="20221007 18:14:59.464" endtime="20221007 18:14:59.464"/>
</kw>
<kw name="Run Keyword If" library="BuiltIn">
<arg>'${UF}' == 'SC'</arg>
<arg>Execute JavaScript</arg>
<arg>$('#${campoUFNascimento}').val("8").trigger('change');</arg>
<doc>Runs the given keyword with the given arguments, if ``condition`` is true.</doc>
<status status="PASS" starttime="20221007 18:14:59.465" endtime="20221007 18:14:59.465"/>
</kw>
<kw name="Run Keyword If" library="BuiltIn">
<arg>'${UF}' == 'SE'</arg>
<arg>Execute JavaScript</arg>
<arg>$('#${campoUFNascimento}').val("9").trigger('chosen:updated');</arg>
<doc>Runs the given keyword with the given arguments, if ``condition`` is true.</doc>
<status status="PASS" starttime="20221007 18:14:59.466" endtime="20221007 18:14:59.466"/>
</kw>
<kw name="Run Keyword If" library="BuiltIn">
<arg>'${UF}' == 'SE'</arg>
<arg>Execute JavaScript</arg>
<arg>$('#${campoUFNascimento}').val("9").trigger('change');</arg>
<doc>Runs the given keyword with the given arguments, if ``condition`` is true.</doc>
<status status="PASS" starttime="20221007 18:14:59.466" endtime="20221007 18:14:59.467"/>
</kw>
<kw name="Run Keyword If" library="BuiltIn">
<arg>'${UF}' == 'MA'</arg>
<arg>Execute JavaScript</arg>
<arg>$('#${campoUFNascimento}').val("10").trigger('chosen:updated');</arg>
<doc>Runs the given keyword with the given arguments, if ``condition`` is true.</doc>
<status status="PASS" starttime="20221007 18:14:59.467" endtime="20221007 18:14:59.468"/>
</kw>
<kw name="Run Keyword If" library="BuiltIn">
<arg>'${UF}' == 'MA'</arg>
<arg>Execute JavaScript</arg>
<arg>$('#${campoUFNascimento}').val("10").trigger('change');</arg>
<doc>Runs the given keyword with the given arguments, if ``condition`` is true.</doc>
<status status="PASS" starttime="20221007 18:14:59.468" endtime="20221007 18:14:59.469"/>
</kw>
<kw name="Run Keyword If" library="BuiltIn">
<arg>'${UF}' == 'TO'</arg>
<arg>Execute JavaScript</arg>
<arg>$('#${campoUFNascimento}').val("11").trigger('chosen:updated');</arg>
<doc>Runs the given keyword with the given arguments, if ``condition`` is true.</doc>
<status status="PASS" starttime="20221007 18:14:59.470" endtime="20221007 18:14:59.473"/>
</kw>
<kw name="Run Keyword If" library="BuiltIn">
<arg>'${UF}' == 'TO'</arg>
<arg>Execute JavaScript</arg>
<arg>$('#${campoUFNascimento}').val("11").trigger('change');</arg>
<doc>Runs the given keyword with the given arguments, if ``condition`` is true.</doc>
<status status="PASS" starttime="20221007 18:14:59.474" endtime="20221007 18:14:59.477"/>
</kw>
<kw name="Run Keyword If" library="BuiltIn">
<arg>'${UF}' == 'RO'</arg>
<arg>Execute JavaScript</arg>
<arg>$('#${campoUFNascimento}').val("12").trigger('chosen:updated');</arg>
<doc>Runs the given keyword with the given arguments, if ``condition`` is true.</doc>
<status status="PASS" starttime="20221007 18:14:59.478" endtime="20221007 18:14:59.479"/>
</kw>
<kw name="Run Keyword If" library="BuiltIn">
<arg>'${UF}' == 'RO'</arg>
<arg>Execute JavaScript</arg>
<arg>$('#${campoUFNascimento}').val("12").trigger('change');</arg>
<doc>Runs the given keyword with the given arguments, if ``condition`` is true.</doc>
<status status="PASS" starttime="20221007 18:14:59.480" endtime="20221007 18:14:59.480"/>
</kw>
<kw name="Run Keyword If" library="BuiltIn">
<arg>'${UF}' == 'DF'</arg>
<arg>Execute JavaScript</arg>
<arg>$('#${campoUFNascimento}').val("13").trigger('chosen:updated');</arg>
<doc>Runs the given keyword with the given arguments, if ``condition`` is true.</doc>
<status status="PASS" starttime="20221007 18:14:59.481" endtime="20221007 18:14:59.481"/>
</kw>
<kw name="Run Keyword If" library="BuiltIn">
<arg>'${UF}' == 'DF'</arg>
<arg>Execute JavaScript</arg>
<arg>$('#${campoUFNascimento}').val("13").trigger('change');</arg>
<doc>Runs the given keyword with the given arguments, if ``condition`` is true.</doc>
<status status="PASS" starttime="20221007 18:14:59.482" endtime="20221007 18:14:59.482"/>
</kw>
<kw name="Run Keyword If" library="BuiltIn">
<arg>'${UF}' == 'MT'</arg>
<arg>Execute JavaScript</arg>
<arg>$('#${campoUFNascimento}').val("14").trigger('chosen:updated');</arg>
<doc>Runs the given keyword with the given arguments, if ``condition`` is true.</doc>
<status status="PASS" starttime="20221007 18:14:59.483" endtime="20221007 18:14:59.483"/>
</kw>
<kw name="Run Keyword If" library="BuiltIn">
<arg>'${UF}' == 'MT'</arg>
<arg>Execute JavaScript</arg>
<arg>$('#${campoUFNascimento}').val("14").trigger('change');</arg>
<doc>Runs the given keyword with the given arguments, if ``condition`` is true.</doc>
<status status="PASS" starttime="20221007 18:14:59.483" endtime="20221007 18:14:59.484"/>
</kw>
<kw name="Run Keyword If" library="BuiltIn">
<arg>'${UF}' == 'PR'</arg>
<arg>Execute JavaScript</arg>
<arg>$('#${campoUFNascimento}').val("15").trigger('chosen:updated');</arg>
<doc>Runs the given keyword with the given arguments, if ``condition`` is true.</doc>
<status status="PASS" starttime="20221007 18:14:59.484" endtime="20221007 18:14:59.485"/>
</kw>
<kw name="Run Keyword If" library="BuiltIn">
<arg>'${UF}' == 'PR'</arg>
<arg>Execute JavaScript</arg>
<arg>$('#${campoUFNascimento}').val("15").trigger('change');</arg>
<doc>Runs the given keyword with the given arguments, if ``condition`` is true.</doc>
<status status="PASS" starttime="20221007 18:14:59.486" endtime="20221007 18:14:59.486"/>
</kw>
<kw name="Run Keyword If" library="BuiltIn">
<arg>'${UF}' == 'CE'</arg>
<arg>Execute JavaScript</arg>
<arg>$('#${campoUFNascimento}').val("16").trigger('chosen:updated');</arg>
<doc>Runs the given keyword with the given arguments, if ``condition`` is true.</doc>
<status status="PASS" starttime="20221007 18:14:59.486" endtime="20221007 18:14:59.487"/>
</kw>
<kw name="Run Keyword If" library="BuiltIn">
<arg>'${UF}' == 'CE'</arg>
<arg>Execute JavaScript</arg>
<arg>$('#${campoUFNascimento}').val("16").trigger('change');</arg>
<doc>Runs the given keyword with the given arguments, if ``condition`` is true.</doc>
<status status="PASS" starttime="20221007 18:14:59.487" endtime="20221007 18:14:59.487"/>
</kw>
<kw name="Run Keyword If" library="BuiltIn">
<arg>'${UF}' == 'AL'</arg>
<arg>Execute JavaScript</arg>
<arg>$('#${campoUFNascimento}').val("17").trigger('chosen:updated');</arg>
<doc>Runs the given keyword with the given arguments, if ``condition`` is true.</doc>
<status status="PASS" starttime="20221007 18:14:59.488" endtime="20221007 18:14:59.488"/>
</kw>
<kw name="Run Keyword If" library="BuiltIn">
<arg>'${UF}' == 'AL'</arg>
<arg>Execute JavaScript</arg>
<arg>$('#${campoUFNascimento}').val("17").trigger('change');</arg>
<doc>Runs the given keyword with the given arguments, if ``condition`` is true.</doc>
<status status="PASS" starttime="20221007 18:14:59.489" endtime="20221007 18:14:59.489"/>
</kw>
<kw name="Run Keyword If" library="BuiltIn">
<arg>'${UF}' == 'RR'</arg>
<arg>Execute JavaScript</arg>
<arg>$('#${campoUFNascimento}').val("18").trigger('chosen:updated');</arg>
<doc>Runs the given keyword with the given arguments, if ``condition`` is true.</doc>
<status status="PASS" starttime="20221007 18:14:59.490" endtime="20221007 18:14:59.490"/>
</kw>
<kw name="Run Keyword If" library="BuiltIn">
<arg>'${UF}' == 'RR'</arg>
<arg>Execute JavaScript</arg>
<arg>$('#${campoUFNascimento}').val("18").trigger('change');</arg>
<doc>Runs the given keyword with the given arguments, if ``condition`` is true.</doc>
<status status="PASS" starttime="20221007 18:14:59.491" endtime="20221007 18:14:59.493"/>
</kw>
<kw name="Run Keyword If" library="BuiltIn">
<arg>'${UF}' == 'MG'</arg>
<arg>Execute JavaScript</arg>
<arg>$('#${campoUFNascimento}').val("19").trigger('chosen:updated');</arg>
<doc>Runs the given keyword with the given arguments, if ``condition`` is true.</doc>
<status status="PASS" starttime="20221007 18:14:59.495" endtime="20221007 18:14:59.496"/>
</kw>
<kw name="Run Keyword If" library="BuiltIn">
<arg>'${UF}' == 'MG'</arg>
<arg>Execute JavaScript</arg>
<arg>$('#${campoUFNascimento}').val("19").trigger('change');</arg>
<doc>Runs the given keyword with the given arguments, if ``condition`` is true.</doc>
<status status="PASS" starttime="20221007 18:14:59.497" endtime="20221007 18:14:59.497"/>
</kw>
<kw name="Run Keyword If" library="BuiltIn">
<arg>'${UF}' == 'MS'</arg>
<arg>Execute JavaScript</arg>
<arg>$('#${campoUFNascimento}').val("20").trigger('chosen:updated');</arg>
<doc>Runs the given keyword with the given arguments, if ``condition`` is true.</doc>
<status status="PASS" starttime="20221007 18:14:59.498" endtime="20221007 18:14:59.498"/>
</kw>
<kw name="Run Keyword If" library="BuiltIn">
<arg>'${UF}' == 'MS'</arg>
<arg>Execute JavaScript</arg>
<arg>$('#${campoUFNascimento}').val("20").trigger('change');</arg>
<doc>Runs the given keyword with the given arguments, if ``condition`` is true.</doc>
<status status="PASS" starttime="20221007 18:14:59.498" endtime="20221007 18:14:59.499"/>
</kw>
<kw name="Run Keyword If" library="BuiltIn">
<arg>'${UF}' == 'GO'</arg>
<arg>Execute JavaScript</arg>
<arg>$('#${campoUFNascimento}').val("21").trigger('chosen:updated');</arg>
<doc>Runs the given keyword with the given arguments, if ``condition`` is true.</doc>
<status status="PASS" starttime="20221007 18:14:59.499" endtime="20221007 18:14:59.499"/>
</kw>
<kw name="Run Keyword If" library="BuiltIn">
<arg>'${UF}' == 'GO'</arg>
<arg>Execute JavaScript</arg>
<arg>$('#${campoUFNascimento}').val("21").trigger('change');</arg>
<doc>Runs the given keyword with the given arguments, if ``condition`` is true.</doc>
<status status="PASS" starttime="20221007 18:14:59.500" endtime="20221007 18:14:59.500"/>
</kw>
<kw name="Run Keyword If" library="BuiltIn">
<arg>'${UF}' == 'RN'</arg>
<arg>Execute JavaScript</arg>
<arg>$('#${campoUFNascimento}').val("22").trigger('chosen:updated');</arg>
<doc>Runs the given keyword with the given arguments, if ``condition`` is true.</doc>
<status status="PASS" starttime="20221007 18:14:59.501" endtime="20221007 18:14:59.501"/>
</kw>
<kw name="Run Keyword If" library="BuiltIn">
<arg>'${UF}' == 'RN'</arg>
<arg>Execute JavaScript</arg>
<arg>$('#${campoUFNascimento}').val("22").trigger('change');</arg>
<doc>Runs the given keyword with the given arguments, if ``condition`` is true.</doc>
<status status="PASS" starttime="20221007 18:14:59.501" endtime="20221007 18:14:59.502"/>
</kw>
<kw name="Run Keyword If" library="BuiltIn">
<arg>'${UF}' == 'AP'</arg>
<arg>Execute JavaScript</arg>
<arg>$('#${campoUFNascimento}').val("23").trigger('chosen:updated');</arg>
<doc>Runs the given keyword with the given arguments, if ``condition`` is true.</doc>
<status status="PASS" starttime="20221007 18:14:59.502" endtime="20221007 18:14:59.502"/>
</kw>
<kw name="Run Keyword If" library="BuiltIn">
<arg>'${UF}' == 'AP'</arg>
<arg>Execute JavaScript</arg>
<arg>$('#${campoUFNascimento}').val("23").trigger('change');</arg>
<doc>Runs the given keyword with the given arguments, if ``condition`` is true.</doc>
<status status="PASS" starttime="20221007 18:14:59.503" endtime="20221007 18:14:59.503"/>
</kw>
<kw name="Run Keyword If" library="BuiltIn">
<arg>'${UF}' == 'RJ'</arg>
<arg>Execute JavaScript</arg>
<arg>$('#${campoUFNascimento}').val("24").trigger('chosen:updated');</arg>
<doc>Runs the given keyword with the given arguments, if ``condition`` is true.</doc>
<status status="PASS" starttime="20221007 18:14:59.504" endtime="20221007 18:14:59.504"/>
</kw>
<kw name="Run Keyword If" library="BuiltIn">
<arg>'${UF}' == 'RJ'</arg>
<arg>Execute JavaScript</arg>
<arg>$('#${campoUFNascimento}').val("24").trigger('change');</arg>
<doc>Runs the given keyword with the given arguments, if ``condition`` is true.</doc>
<status status="PASS" starttime="20221007 18:14:59.504" endtime="20221007 18:14:59.505"/>
</kw>
<kw name="Run Keyword If" library="BuiltIn">
<arg>'${UF}' == 'ES'</arg>
<arg>Execute JavaScript</arg>
<arg>$('#${campoUFNascimento}').val("25").trigger('chosen:updated');</arg>
<doc>Runs the given keyword with the given arguments, if ``condition`` is true.</doc>
<status status="PASS" starttime="20221007 18:14:59.505" endtime="20221007 18:14:59.505"/>
</kw>
<kw name="Run Keyword If" library="BuiltIn">
<arg>'${UF}' == 'ES'</arg>
<arg>Execute JavaScript</arg>
<arg>$('#${campoUFNascimento}').val("25").trigger('change');</arg>
<doc>Runs the given keyword with the given arguments, if ``condition`` is true.</doc>
<status status="PASS" starttime="20221007 18:14:59.506" endtime="20221007 18:14:59.507"/>
</kw>
<kw name="Run Keyword If" library="BuiltIn">
<arg>'${UF}' == 'AM'</arg>
<arg>Execute JavaScript</arg>
<arg>$('#${campoUFNascimento}').val("26").trigger('chosen:updated');</arg>
<doc>Runs the given keyword with the given arguments, if ``condition`` is true.</doc>
<status status="PASS" starttime="20221007 18:14:59.507" endtime="20221007 18:14:59.509"/>
</kw>
<kw name="Run Keyword If" library="BuiltIn">
<arg>'${UF}' == 'AM'</arg>
<arg>Execute JavaScript</arg>
<arg>$('#${campoUFNascimento}').val("26").trigger('change');</arg>
<doc>Runs the given keyword with the given arguments, if ``condition`` is true.</doc>
<status status="PASS" starttime="20221007 18:14:59.510" endtime="20221007 18:14:59.511"/>
</kw>
<kw name="Run Keyword If" library="BuiltIn">
<arg>'${UF}' == 'PI'</arg>
<arg>Execute JavaScript</arg>
<arg>$('#${campoUFNascimento}').val("27").trigger('chosen:updated');</arg>
<doc>Runs the given keyword with the given arguments, if ``condition`` is true.</doc>
<status status="PASS" starttime="20221007 18:14:59.512" endtime="20221007 18:14:59.513"/>
</kw>
<kw name="Run Keyword If" library="BuiltIn">
<arg>'${UF}' == 'PI'</arg>
<arg>Execute JavaScript</arg>
<arg>$('#${campoUFNascimento}').val("27").trigger('change');</arg>
<doc>Runs the given keyword with the given arguments, if ``condition`` is true.</doc>
<status status="PASS" starttime="20221007 18:14:59.513" endtime="20221007 18:14:59.514"/>
</kw>
<kw name="Aguardar tela de carregamento" library="1-Principal">
<kw name="Wait Until Element Is Not Visible" library="SeleniumLibrary">
<arg>class=carregando</arg>
<arg>300</arg>
<doc>Waits until the element ``locator`` is not visible.</doc>
<status status="PASS" starttime="20221007 18:14:59.514" endtime="20221007 18:15:00.486"/>
</kw>
<status status="PASS" starttime="20221007 18:14:59.514" endtime="20221007 18:15:00.487"/>
</kw>
<status status="PASS" starttime="20221007 18:14:59.412" endtime="20221007 18:15:00.487"/>
</kw>
<kw name="Em Cadastro de Pessoa, no campo Cidade de Nascimento, selecionar &quot;GUARULHOS&quot;" library="CadastroPessoa" sourcename="Em Cadastro de Pessoa, no campo Cidade de Nascimento, selecionar &quot;${cidade}&quot;">
<kw name="Run Keyword If" library="BuiltIn">
<arg>'${cidade}' == 'ADAMANTINA'</arg>
<arg>Execute JavaScript</arg>
<arg>$('#${campoCidade}').val("5323").trigger('chosen:updated');</arg>
<doc>Runs the given keyword with the given arguments, if ``condition`` is true.</doc>
<status status="PASS" starttime="20221007 18:15:00.489" endtime="20221007 18:15:00.490"/>
</kw>
<kw name="Run Keyword If" library="BuiltIn">
<arg>'${cidade}' == 'PRACINHA'</arg>
<arg>Execute JavaScript</arg>
<arg>$('#${campoCidade}').val("4800").trigger('chosen:updated');</arg>
<doc>Runs the given keyword with the given arguments, if ``condition`` is true.</doc>
<status status="PASS" starttime="20221007 18:15:00.490" endtime="20221007 18:15:00.491"/>
</kw>
<kw name="Run Keyword If" library="BuiltIn">
<arg>'${cidade}' == 'SALESOPOLIS'</arg>
<arg>Execute JavaScript</arg>
<arg>$('#${campoCidade}').val("5302").trigger('chosen:updated');</arg>
<doc>Runs the given keyword with the given arguments, if ``condition`` is true.</doc>
<status status="PASS" starttime="20221007 18:15:00.492" endtime="20221007 18:15:00.492"/>
</kw>
<kw name="Run Keyword If" library="BuiltIn">
<arg>'${cidade}' == 'SAO PAULO'</arg>
<arg>Execute JavaScript</arg>
<arg>$('#${campoCidade}').val("4910").trigger('chosen:updated');</arg>
<doc>Runs the given keyword with the given arguments, if ``condition`` is true.</doc>
<status status="PASS" starttime="20221007 18:15:00.493" endtime="20221007 18:15:00.493"/>
</kw>
<kw name="Run Keyword If" library="BuiltIn">
<arg>'${cidade}' == 'SAO PEDRO'</arg>
<arg>Execute JavaScript</arg>
<arg>$('#${campoCidade}').val("4911").trigger('chosen:updated');</arg>
<doc>Runs the given keyword with the given arguments, if ``condition`` is true.</doc>
<status status="PASS" starttime="20221007 18:15:00.494" endtime="20221007 18:15:00.494"/>
</kw>
<kw name="Run Keyword If" library="BuiltIn">
<arg>'${cidade}' == 'SAO ROQUE'</arg>
<arg>Execute JavaScript</arg>
<arg>$('#${campoCidade}').val("4913").trigger('chosen:updated');</arg>
<doc>Runs the given keyword with the given arguments, if ``condition`` is true.</doc>
<status status="PASS" starttime="20221007 18:15:00.495" endtime="20221007 18:15:00.495"/>
</kw>
<kw name="Run Keyword If" library="BuiltIn">
<arg>'${cidade}' == 'TREMEMBE'</arg>
<arg>Execute JavaScript</arg>
<arg>$('#${campoCidade}').val("4870").trigger('chosen:updated');</arg>
<doc>Runs the given keyword with the given arguments, if ``condition`` is true.</doc>
<status status="PASS" starttime="20221007 18:15:00.496" endtime="20221007 18:15:00.496"/>
</kw>
<kw name="Run Keyword If" library="BuiltIn">
<arg>'${cidade}' == 'UBATUBA'</arg>
<arg>Execute JavaScript</arg>
<arg>$('#${campoCidade}').val("4877").trigger('chosen:updated');</arg>
<doc>Runs the given keyword with the given arguments, if ``condition`` is true.</doc>
<status status="PASS" starttime="20221007 18:15:00.496" endtime="20221007 18:15:00.497"/>
</kw>
<kw name="Run Keyword If" library="BuiltIn">
<arg>'${cidade}' == 'GUARULHOS'</arg>
<arg>Execute JavaScript</arg>
<arg>$('#${campoCidade}').val("5333").trigger('chosen:updated');</arg>
<doc>Runs the given keyword with the given arguments, if ``condition`` is true.</doc>
<kw name="Execute Javascript" library="SeleniumLibrary">
<arg>$('#${campoCidade}').val("5333").trigger('chosen:updated');</arg>
<doc>Executes the given JavaScript code with possible arguments.</doc>
<msg timestamp="20221007 18:15:00.498" level="INFO">Executing JavaScript:
$('#cphContent_ucDadosPessoais_ddlCidadeNasc').val("5333").trigger('chosen:updated');
Without any arguments.</msg>
<status status="PASS" starttime="20221007 18:15:00.498" endtime="20221007 18:15:00.512"/>
</kw>
<status status="PASS" starttime="20221007 18:15:00.497" endtime="20221007 18:15:00.512"/>
</kw>
<kw name="Aguardar tela de carregamento" library="1-Principal">
<kw name="Wait Until Element Is Not Visible" library="SeleniumLibrary">
<arg>class=carregando</arg>
<arg>300</arg>
<doc>Waits until the element ``locator`` is not visible.</doc>
<status status="PASS" starttime="20221007 18:15:00.516" endtime="20221007 18:15:00.535"/>
</kw>
<status status="PASS" starttime="20221007 18:15:00.513" endtime="20221007 18:15:00.535"/>
</kw>
<status status="PASS" starttime="20221007 18:15:00.488" endtime="20221007 18:15:00.535"/>
</kw>
<kw name="Em Cadastro de Pessoa, no campo CPF, inserir um CPF válido" library="CadastroPessoa">
<kw name="Cpf" library="FakerLibrary">
<var>${CPFPessoa}</var>
<msg timestamp="20221007 18:15:00.538" level="INFO">${CPFPessoa} = 462.738.590-00</msg>
<status status="PASS" starttime="20221007 18:15:00.537" endtime="20221007 18:15:00.539"/>
</kw>
<kw name="Set Suite Variable" library="BuiltIn">
<arg>${CPFPessoa}</arg>
<doc>Makes a variable available everywhere within the scope of the current suite.</doc>
<msg timestamp="20221007 18:15:00.541" level="INFO">${CPFPessoa} = 462.738.590-00</msg>
<status status="PASS" starttime="20221007 18:15:00.540" endtime="20221007 18:15:00.544"/>
</kw>
<kw name="Set Suite Variable" library="BuiltIn">
<arg>${cpfFakeAluno}</arg>
<arg>${CPFPessoa}</arg>
<doc>Makes a variable available everywhere within the scope of the current suite.</doc>
<msg timestamp="20221007 18:15:00.550" level="INFO">${cpfFakeAluno} = 462.738.590-00</msg>
<status status="PASS" starttime="20221007 18:15:00.545" endtime="20221007 18:15:00.551"/>
</kw>
<kw name="Input Text" library="SeleniumLibrary">
<arg>${campoCPF}</arg>
<arg>${CPFPessoa}</arg>
<doc>Types the given ``text`` into the text field identified by ``locator``.</doc>
<msg timestamp="20221007 18:15:00.553" level="INFO">Typing text '462.738.590-00' into text field 'cphContent_ucDocumentos_txtCpf'.</msg>
<status status="PASS" starttime="20221007 18:15:00.552" endtime="20221007 18:15:00.746"/>
</kw>
<status status="PASS" starttime="20221007 18:15:00.536" endtime="20221007 18:15:00.746"/>
</kw>
<kw name="Em Cadastro de Pessoa, em Certidão de Nascimento, clicar em Nova Certidão de Nascimento" library="CadastroPessoa">
<kw name="Execute Javascript" library="SeleniumLibrary">
<arg>document.getElementById("cphContent_ucDocumentos_chkNovaCertidaoNascimento").click();</arg>
<doc>Executes the given JavaScript code with possible arguments.</doc>
<msg timestamp="20221007 18:15:00.749" level="INFO">Executing JavaScript:
document.getElementById("cphContent_ucDocumentos_chkNovaCertidaoNascimento").click();
Without any arguments.</msg>
<status status="PASS" starttime="20221007 18:15:00.748" endtime="20221007 18:15:00.765"/>
</kw>
<kw name="Aguardar tela de carregamento" library="1-Principal">
<kw name="Wait Until Element Is Not Visible" library="SeleniumLibrary">
<arg>class=carregando</arg>
<arg>300</arg>
<doc>Waits until the element ``locator`` is not visible.</doc>
<status status="PASS" starttime="20221007 18:15:00.767" endtime="20221007 18:15:01.952"/>
</kw>
<status status="PASS" starttime="20221007 18:15:00.766" endtime="20221007 18:15:01.953"/>
</kw>
<status status="PASS" starttime="20221007 18:15:00.747" endtime="20221007 18:15:01.953"/>
</kw>
<kw name="Em Cadastro de Pessoa, em Matrícula Certidão, inserir uma certidão válida" library="CadastroPessoa">
<kw name="Gerar Certidão de Nascimento Aleatório" library="1-Principal">
<kw name="Create Session" library="RequestsLibrary">
<arg>certidao</arg>
<arg>https://www.4devs.com.br/</arg>
<doc>Create Session: create a HTTP session to a server</doc>
<msg timestamp="20221007 18:15:01.962" level="INFO">Creating Session using : alias=certidao, url=https://www.4devs.com.br/, headers={},                     cookies={}, auth=None, timeout=None, proxies=None, verify=False,                     debug=0 </msg>
<status status="PASS" starttime="20221007 18:15:01.960" endtime="20221007 18:15:01.963"/>
</kw>
<kw name="POST On Session" library="RequestsLibrary">
<var>${certidao}</var>
<arg>certidao</arg>
<arg>ferramentas_online.php</arg>
<arg>data=${body}</arg>
<doc>Sends a POST request on a previously created HTTP Session.</doc>
<msg timestamp="20221007 18:15:02.579" level="INFO">POST Request : url=https://www.4devs.com.br/ferramentas_online.php 
 path_url=/ferramentas_online.php 
 headers={'User-Agent': 'python-requests/2.27.1', 'Accept-Encoding': 'gzip, deflate', 'Accept': '*/*', 'Connection': 'keep-alive', 'Content-Length': '58', 'Content-Type': 'application/x-www-form-urlencoded'} 
 body=acao=gerador_certidao&amp;pontuacao=N&amp;tipo_certidao=nascimento 
 </msg>
<msg timestamp="20221007 18:15:02.583" level="INFO">POST Response : url=https://www.4devs.com.br/ferramentas_online.php 
 status=200, reason=OK 
 headers={'Server': 'nginx', 'Date': 'Fri, 07 Oct 2022 21:15:03 GMT', 'Content-Type': 'text/html; charset=UTF-8', 'Content-Length': '50', 'Connection': 'keep-alive', 'Cache-Control': 'max-age=2592000', 'Vary': 'Accept-Encoding', 'Content-Encoding': 'gzip', 'X-UA-Compatible': 'IE=edge', 'X-Content-Type-Options': 'nosniff', 'Accept-Ranges': 'bytes', 'Strict-Transport-Security': 'max-age=63072000; includeSubDomains; preload', 'X-Frame-Options': 'SAMEORIGIN'} 
 body=23969401552017129179528232201931 
 </msg>
<msg timestamp="20221007 18:15:02.585" level="INFO">C:\Users\rogerio.santos\AppData\Local\Programs\Python\Python310\lib\site-packages\urllib3\connectionpool.py:1043: InsecureRequestWarning: Unverified HTTPS request is being made to host 'www.4devs.com.br'. Adding certificate verification is strongly advised. See: https://urllib3.readthedocs.io/en/1.26.x/advanced-usage.html#ssl-warnings
  warnings.warn(</msg>
<msg timestamp="20221007 18:15:02.590" level="INFO">${certidao} = &lt;Response [200]&gt;</msg>
<status status="PASS" starttime="20221007 18:15:01.964" endtime="20221007 18:15:02.593"/>
</kw>
<kw name="Set Suite Variable" library="BuiltIn">
<arg>${certidaoAleatoria}</arg>
<arg>${certidao.json()}</arg>
<doc>Makes a variable available everywhere within the scope of the current suite.</doc>
<msg timestamp="20221007 18:15:02.606" level="INFO">${certidaoAleatoria} = 23969401552017129179528232201931</msg>
<status status="PASS" starttime="20221007 18:15:02.594" endtime="20221007 18:15:02.607"/>
</kw>
<status status="PASS" starttime="20221007 18:15:01.957" endtime="20221007 18:15:02.608"/>
</kw>
<kw name="Input Text" library="SeleniumLibrary">
<arg>cphContent_ucDocumentos_txtCertidaoNascimentoMatricula</arg>
<arg>${certidaoAleatoria}</arg>
<doc>Types the given ``text`` into the text field identified by ``locator``.</doc>
<msg timestamp="20221007 18:15:02.610" level="INFO">Typing text '23969401552017129179528232201931' into text field 'cphContent_ucDocumentos_txtCertidaoNascimentoMatricula'.</msg>
<status status="PASS" starttime="20221007 18:15:02.609" endtime="20221007 18:15:02.731"/>
</kw>
<status status="PASS" starttime="20221007 18:15:01.954" endtime="20221007 18:15:02.732"/>
</kw>
<kw name="Em Cadastro de Pessoa, em Certidão, em Data de Emissão, inserir &quot;01/01/2022&quot;" library="CadastroPessoa" sourcename="Em Cadastro de Pessoa, em Certidão, em Data de Emissão, inserir &quot;${dataEmissaoCertidao}&quot;">
<kw name="Input Text" library="SeleniumLibrary">
<arg>cphContent_ucDocumentos_txtCertidaoNascimentoEmissao</arg>
<arg>${dataEmissaoCertidao}</arg>
<doc>Types the given ``text`` into the text field identified by ``locator``.</doc>
<msg timestamp="20221007 18:15:02.735" level="INFO">Typing text '01/01/2022' into text field 'cphContent_ucDocumentos_txtCertidaoNascimentoEmissao'.</msg>
<status status="PASS" starttime="20221007 18:15:02.734" endtime="20221007 18:15:02.897"/>
</kw>
<status status="PASS" starttime="20221007 18:15:02.733" endtime="20221007 18:15:02.898"/>
</kw>
<kw name="Em Cadastro de Pessoa, no campo Cor/Raça, selecionar &quot;PRETA&quot;" library="CadastroPessoa" sourcename="Em Cadastro de Pessoa, no campo Cor/Raça, selecionar &quot;${corRaca}&quot;">
<kw name="Run Keyword If" library="BuiltIn">
<arg>'${corRaca}' == 'AMARELA'</arg>
<arg>Execute JavaScript</arg>
<arg>$('#${campoCorRaca}').val("3").trigger('chosen:updated');</arg>
<doc>Runs the given keyword with the given arguments, if ``condition`` is true.</doc>
<status status="PASS" starttime="20221007 18:15:02.901" endtime="20221007 18:15:02.902"/>
</kw>
<kw name="Run Keyword If" library="BuiltIn">
<arg>'${corRaca}' == 'BRANCA'</arg>
<arg>Execute JavaScript</arg>
<arg>$('#${campoCorRaca}').val("1").trigger('chosen:updated');</arg>
<doc>Runs the given keyword with the given arguments, if ``condition`` is true.</doc>
<status status="PASS" starttime="20221007 18:15:02.903" endtime="20221007 18:15:02.904"/>
</kw>
<kw name="Run Keyword If" library="BuiltIn">
<arg>'${corRaca}' == 'INDÍGENA'</arg>
<arg>Execute JavaScript</arg>
<arg>$('#${campoCorRaca}').val("5").trigger('chosen:updated');</arg>
<doc>Runs the given keyword with the given arguments, if ``condition`` is true.</doc>
<status status="PASS" starttime="20221007 18:15:02.904" endtime="20221007 18:15:02.905"/>
</kw>
<kw name="Run Keyword If" library="BuiltIn">
<arg>'${corRaca}' == 'NÃO DECLARADA'</arg>
<arg>Execute JavaScript</arg>
<arg>$('#${campoCorRaca}').val("6").trigger('chosen:updated');</arg>
<doc>Runs the given keyword with the given arguments, if ``condition`` is true.</doc>
<status status="PASS" starttime="20221007 18:15:02.906" endtime="20221007 18:15:02.907"/>
</kw>
<kw name="Run Keyword If" library="BuiltIn">
<arg>'${corRaca}' == 'PARDA'</arg>
<arg>Execute JavaScript</arg>
<arg>$('#${campoCorRaca}').val("4").trigger('chosen:updated');</arg>
<doc>Runs the given keyword with the given arguments, if ``condition`` is true.</doc>
<status status="PASS" starttime="20221007 18:15:02.911" endtime="20221007 18:15:02.912"/>
</kw>
<kw name="Run Keyword If" library="BuiltIn">
<arg>'${corRaca}' == 'PRETA'</arg>
<arg>Execute JavaScript</arg>
<arg>$('#${campoCorRaca}').val("2").trigger('chosen:updated');</arg>
<doc>Runs the given keyword with the given arguments, if ``condition`` is true.</doc>
<kw name="Execute Javascript" library="SeleniumLibrary">
<arg>$('#${campoCorRaca}').val("2").trigger('chosen:updated');</arg>
<doc>Executes the given JavaScript code with possible arguments.</doc>
<msg timestamp="20221007 18:15:02.916" level="INFO">Executing JavaScript:
$('#cphContent_ucDadosSociais_ddlCorPele').val("2").trigger('chosen:updated');
Without any arguments.</msg>
<status status="PASS" starttime="20221007 18:15:02.915" endtime="20221007 18:15:02.931"/>
</kw>
<status status="PASS" starttime="20221007 18:15:02.913" endtime="20221007 18:15:02.931"/>
</kw>
<status status="PASS" starttime="20221007 18:15:02.899" endtime="20221007 18:15:02.932"/>
</kw>
<kw name="Em Cadastro de Pessoa, em Vínculos de Parentesco, inserir o Nome &quot;JOSIAS ADALBERTO&quot;" library="CadastroPessoa" sourcename="Em Cadastro de Pessoa, em Vínculos de Parentesco, inserir o Nome &quot;${nomeParentesco}&quot;">
<kw name="Input Text" library="SeleniumLibrary">
<arg>cphContent_ucVinculos_PesquisarPessoaParente_txtNome</arg>
<arg>${nomeParentesco}</arg>
<doc>Types the given ``text`` into the text field identified by ``locator``.</doc>
<msg timestamp="20221007 18:15:02.937" level="INFO">Typing text 'JOSIAS ADALBERTO' into text field 'cphContent_ucVinculos_PesquisarPessoaParente_txtNome'.</msg>
<status status="PASS" starttime="20221007 18:15:02.936" endtime="20221007 18:15:03.198"/>
</kw>
<status status="PASS" starttime="20221007 18:15:02.934" endtime="20221007 18:15:03.199"/>
</kw>
<kw name="Em Cadastro de Pessoa, em Vínculos de Parentesco, clicar em Pesquisar" library="CadastroPessoa">
<kw name="Execute Javascript" library="SeleniumLibrary">
<arg>document.getElementById("cphContent_ucVinculos_PesquisarPessoaParente_btnPesquisa").click();</arg>
<doc>Executes the given JavaScript code with possible arguments.</doc>
<msg timestamp="20221007 18:15:03.205" level="INFO">Executing JavaScript:
document.getElementById("cphContent_ucVinculos_PesquisarPessoaParente_btnPesquisa").click();
Without any arguments.</msg>
<status status="PASS" starttime="20221007 18:15:03.203" endtime="20221007 18:15:03.296"/>
</kw>
<kw name="Aguardar tela de carregamento" library="1-Principal">
<kw name="Wait Until Element Is Not Visible" library="SeleniumLibrary">
<arg>class=carregando</arg>
<arg>300</arg>
<doc>Waits until the element ``locator`` is not visible.</doc>
<status status="PASS" starttime="20221007 18:15:03.299" endtime="20221007 18:15:06.478"/>
</kw>
<status status="PASS" starttime="20221007 18:15:03.297" endtime="20221007 18:15:06.479"/>
</kw>
<status status="PASS" starttime="20221007 18:15:03.201" endtime="20221007 18:15:06.479"/>
</kw>
<kw name="Em Cadastro Rapido de Pessoa, clicar em Sim no Modal" library="CadastroPessoa">
<kw name="Wait Until Element Is Visible" library="SeleniumLibrary">
<arg>cphContent_ucVinculos_PesquisarPessoaParente_MensagemPadrao_btnSim</arg>
<doc>Waits until the element ``locator`` is visible.</doc>
<status status="PASS" starttime="20221007 18:15:06.482" endtime="20221007 18:15:06.504"/>
</kw>
<kw name="Execute Javascript" library="SeleniumLibrary">
<arg>document.getElementById("cphContent_ucVinculos_PesquisarPessoaParente_MensagemPadrao_btnSim").click();</arg>
<doc>Executes the given JavaScript code with possible arguments.</doc>
<msg timestamp="20221007 18:15:06.507" level="INFO">Executing JavaScript:
document.getElementById("cphContent_ucVinculos_PesquisarPessoaParente_MensagemPadrao_btnSim").click();
Without any arguments.</msg>
<status status="PASS" starttime="20221007 18:15:06.506" endtime="20221007 18:15:06.523"/>
</kw>
<kw name="Aguardar tela de carregamento" library="1-Principal">
<kw name="Wait Until Element Is Not Visible" library="SeleniumLibrary">
<arg>class=carregando</arg>
<arg>300</arg>
<doc>Waits until the element ``locator`` is not visible.</doc>
<status status="PASS" starttime="20221007 18:15:06.527" endtime="20221007 18:15:07.716"/>
</kw>
<status status="PASS" starttime="20221007 18:15:06.525" endtime="20221007 18:15:07.717"/>
</kw>
<status status="PASS" starttime="20221007 18:15:06.481" endtime="20221007 18:15:07.718"/>
</kw>
<kw name="Em Cadastro Rapido de Pessoa, em Nome, inserir um nome aleatório" library="CadastroPessoa">
<kw name="Wait Until Element Is Visible" library="SeleniumLibrary">
<arg>cphContent_ucVinculos_PesquisarPessoaParente_CadastroRapidoPessoa_btnSalvar</arg>
<doc>Waits until the element ``locator`` is visible.</doc>
<status status="PASS" starttime="20221007 18:15:07.723" endtime="20221007 18:15:07.748"/>
</kw>
<kw name="Name Female" library="FakerLibrary">
<var>${nomeCompletoResponsavel}</var>
<msg timestamp="20221007 18:15:07.750" level="INFO">${nomeCompletoResponsavel} = Mirella Castro</msg>
<status status="PASS" starttime="20221007 18:15:07.750" endtime="20221007 18:15:07.751"/>
</kw>
<kw name="Replace String" library="String">
<var>${nomeCompletoResponsavel}</var>
<arg>${nomeCompletoResponsavel}</arg>
<arg>ç</arg>
<arg>c</arg>
<doc>Replaces ``search_for`` in the given ``string`` with ``replace_with``.</doc>
<msg timestamp="20221007 18:15:07.752" level="INFO">${nomeCompletoResponsavel} = Mirella Castro</msg>
<status status="PASS" starttime="20221007 18:15:07.752" endtime="20221007 18:15:07.753"/>
</kw>
<kw name="Replace String" library="String">
<var>${nomeCompletoResponsavel}</var>
<arg>${nomeCompletoResponsavel}</arg>
<arg>ê</arg>
<arg>e</arg>
<doc>Replaces ``search_for`` in the given ``string`` with ``replace_with``.</doc>
<msg timestamp="20221007 18:15:07.756" level="INFO">${nomeCompletoResponsavel} = Mirella Castro</msg>
<status status="PASS" starttime="20221007 18:15:07.754" endtime="20221007 18:15:07.758"/>
</kw>
<kw name="Replace String" library="String">
<var>${nomeCompletoResponsavel}</var>
<arg>${nomeCompletoResponsavel}</arg>
<arg>í</arg>
<arg>i</arg>
<doc>Replaces ``search_for`` in the given ``string`` with ``replace_with``.</doc>
<msg timestamp="20221007 18:15:07.761" level="INFO">${nomeCompletoResponsavel} = Mirella Castro</msg>
<status status="PASS" starttime="20221007 18:15:07.760" endtime="20221007 18:15:07.763"/>
</kw>
<kw name="Fetch From Right" library="String">
<var>${nomeCompletoResponsavel}</var>
<arg>${nomeCompletoResponsavel}</arg>
<arg>.</arg>
<doc>Returns contents of the ``string`` after the last occurrence of ``marker``.</doc>
<msg timestamp="20221007 18:15:07.764" level="INFO">${nomeCompletoResponsavel} = Mirella Castro</msg>
<status status="PASS" starttime="20221007 18:15:07.763" endtime="20221007 18:15:07.765"/>
</kw>
<kw name="Strip String" library="String">
<var>${nomeCompletoResponsavel}</var>
<arg>${nomeCompletoResponsavel}</arg>
<arg>both</arg>
<doc>Remove leading and/or trailing whitespaces from the given string.</doc>
<msg timestamp="20221007 18:15:07.766" level="INFO">${nomeCompletoResponsavel} = Mirella Castro</msg>
<status status="PASS" starttime="20221007 18:15:07.766" endtime="20221007 18:15:07.767"/>
</kw>
<kw name="Set Suite Variable" library="BuiltIn">
<arg>${nomeCompletoResponsavel}</arg>
<doc>Makes a variable available everywhere within the scope of the current suite.</doc>
<msg timestamp="20221007 18:15:07.769" level="INFO">${nomeCompletoResponsavel} = Mirella Castro</msg>
<status status="PASS" starttime="20221007 18:15:07.768" endtime="20221007 18:15:07.770"/>
</kw>
<kw name="Input Text" library="SeleniumLibrary">
<arg>ctl00$cphContent$ucVinculos$PesquisarPessoaParente$CadastroRapidoPessoa$txtNome</arg>
<arg>${nomeCompletoResponsavel}</arg>
<doc>Types the given ``text`` into the text field identified by ``locator``.</doc>
<msg timestamp="20221007 18:15:07.773" level="INFO">Typing text 'Mirella Castro' into text field 'ctl00$cphContent$ucVinculos$PesquisarPessoaParente$CadastroRapidoPessoa$txtNome'.</msg>
<status status="PASS" starttime="20221007 18:15:07.771" endtime="20221007 18:15:07.918"/>
</kw>
<status status="PASS" starttime="20221007 18:15:07.721" endtime="20221007 18:15:07.918"/>
</kw>
<kw name="Em Cadastro Rapido de Pessoa, em Data de Nascimento, inserir &quot;07/03/1996&quot;" library="CadastroPessoa" sourcename="Em Cadastro Rapido de Pessoa, em Data de Nascimento, inserir &quot;${nascimentoCadastroRapido}&quot;">
<kw name="Input Text" library="SeleniumLibrary">
<arg>cphContent_ucVinculos_PesquisarPessoaParente_CadastroRapidoPessoa_txtDataNascimento</arg>
<arg>${nascimentoCadastroRapido}</arg>
<doc>Types the given ``text`` into the text field identified by ``locator``.</doc>
<msg timestamp="20221007 18:15:07.921" level="INFO">Typing text '07/03/1996' into text field 'cphContent_ucVinculos_PesquisarPessoaParente_CadastroRapidoPessoa_txtDataNascimento'.</msg>
<status status="PASS" starttime="20221007 18:15:07.921" endtime="20221007 18:15:08.065"/>
</kw>
<status status="PASS" starttime="20221007 18:15:07.919" endtime="20221007 18:15:08.065"/>
</kw>
<kw name="Em Cadastro Rapido de Pessoa, em Sexo, selecionar &quot;Feminino&quot;" library="CadastroPessoa" sourcename="Em Cadastro Rapido de Pessoa, em Sexo, selecionar &quot;${sexoCadastroRapido}&quot;">
<kw name="Execute Javascript" library="SeleniumLibrary">
<arg>$("#cphContent_ucVinculos_PesquisarPessoaParente_CadastroRapidoPessoa_ddlSexo").val($('option:contains("${sexoCadastroRapido}")').val()).trigger('chosen:updated');</arg>
<doc>Executes the given JavaScript code with possible arguments.</doc>
<msg timestamp="20221007 18:15:08.068" level="INFO">Executing JavaScript:
$("#cphContent_ucVinculos_PesquisarPessoaParente_CadastroRapidoPessoa_ddlSexo").val($('option:contains("Feminino")').val()).trigger('chosen:updated');
Without any arguments.</msg>
<status status="PASS" starttime="20221007 18:15:08.067" endtime="20221007 18:15:08.085"/>
</kw>
<kw name="Execute Javascript" library="SeleniumLibrary">
<arg>$('#cphContent_ucVinculos_PesquisarPessoaParente_CadastroRapidoPessoa_ddlSexo').trigger('change');</arg>
<doc>Executes the given JavaScript code with possible arguments.</doc>
<msg timestamp="20221007 18:15:08.086" level="INFO">Executing JavaScript:
$('#cphContent_ucVinculos_PesquisarPessoaParente_CadastroRapidoPessoa_ddlSexo').trigger('change');
Without any arguments.</msg>
<status status="PASS" starttime="20221007 18:15:08.085" endtime="20221007 18:15:08.098"/>
</kw>
<kw name="Aguardar tela de carregamento" library="1-Principal">
<kw name="Wait Until Element Is Not Visible" library="SeleniumLibrary">
<arg>class=carregando</arg>
<arg>300</arg>
<doc>Waits until the element ``locator`` is not visible.</doc>
<status status="PASS" starttime="20221007 18:15:08.101" endtime="20221007 18:15:08.122"/>
</kw>
<status status="PASS" starttime="20221007 18:15:08.100" endtime="20221007 18:15:08.123"/>
</kw>
<status status="PASS" starttime="20221007 18:15:08.066" endtime="20221007 18:15:08.123"/>
</kw>
<kw name="Em Cadastro Rapido de Pessoa, em CPF, inserir um CPF válido" library="CadastroPessoa">
<kw name="Cpf" library="FakerLibrary">
<var>${cpfFakeResponsavel}</var>
<msg timestamp="20221007 18:15:08.128" level="INFO">${cpfFakeResponsavel} = 167.209.835-12</msg>
<status status="PASS" starttime="20221007 18:15:08.127" endtime="20221007 18:15:08.129"/>
</kw>
<kw name="Set Suite Variable" library="BuiltIn">
<arg>${cpfFakeResponsavel}</arg>
<doc>Makes a variable available everywhere within the scope of the current suite.</doc>
<msg timestamp="20221007 18:15:08.130" level="INFO">${cpfFakeResponsavel} = 167.209.835-12</msg>
<status status="PASS" starttime="20221007 18:15:08.129" endtime="20221007 18:15:08.131"/>
</kw>
<kw name="Input Text" library="SeleniumLibrary">
<arg>cphContent_ucVinculos_PesquisarPessoaParente_CadastroRapidoPessoa_txtCpf</arg>
<arg>${cpfFakeResponsavel}</arg>
<doc>Types the given ``text`` into the text field identified by ``locator``.</doc>
<msg timestamp="20221007 18:15:08.133" level="INFO">Typing text '167.209.835-12' into text field 'cphContent_ucVinculos_PesquisarPessoaParente_CadastroRapidoPessoa_txtCpf'.</msg>
<status status="PASS" starttime="20221007 18:15:08.132" endtime="20221007 18:15:08.302"/>
</kw>
<status status="PASS" starttime="20221007 18:15:08.126" endtime="20221007 18:15:08.302"/>
</kw>
<kw name="Em Cadastro Rapido de Pessoa, clicar em Salvar" library="CadastroPessoa">
<kw name="Execute Javascript" library="SeleniumLibrary">
<arg>document.getElementById("cphContent_ucVinculos_PesquisarPessoaParente_CadastroRapidoPessoa_btnSalvar").click();</arg>
<doc>Executes the given JavaScript code with possible arguments.</doc>
<msg timestamp="20221007 18:15:08.308" level="INFO">Executing JavaScript:
document.getElementById("cphContent_ucVinculos_PesquisarPessoaParente_CadastroRapidoPessoa_btnSalvar").click();
Without any arguments.</msg>
<status status="PASS" starttime="20221007 18:15:08.306" endtime="20221007 18:15:08.329"/>
</kw>
<kw name="Aguardar tela de carregamento" library="1-Principal">
<kw name="Wait Until Element Is Not Visible" library="SeleniumLibrary">
<arg>class=carregando</arg>
<arg>300</arg>
<doc>Waits until the element ``locator`` is not visible.</doc>
<status status="PASS" starttime="20221007 18:15:08.331" endtime="20221007 18:15:10.847"/>
</kw>
<status status="PASS" starttime="20221007 18:15:08.330" endtime="20221007 18:15:10.847"/>
</kw>
<status status="PASS" starttime="20221007 18:15:08.304" endtime="20221007 18:15:10.848"/>
</kw>
<kw name="Em Cadastro Rapido de Pessoa, clicar em OK no Modal" library="CadastroPessoa">
<kw name="Execute Javascript" library="SeleniumLibrary">
<arg>document.getElementById("cphContent_ucVinculos_PesquisarPessoaParente_CadastroRapidoPessoa_MensagemPadrao_btnOk").click();</arg>
<doc>Executes the given JavaScript code with possible arguments.</doc>
<msg timestamp="20221007 18:15:10.853" level="INFO">Executing JavaScript:
document.getElementById("cphContent_ucVinculos_PesquisarPessoaParente_CadastroRapidoPessoa_MensagemPadrao_btnOk").click();
Without any arguments.</msg>
<status status="PASS" starttime="20221007 18:15:10.852" endtime="20221007 18:15:10.868"/>
</kw>
<kw name="Aguardar tela de carregamento" library="1-Principal">
<kw name="Wait Until Element Is Not Visible" library="SeleniumLibrary">
<arg>class=carregando</arg>
<arg>300</arg>
<doc>Waits until the element ``locator`` is not visible.</doc>
<status status="PASS" starttime="20221007 18:15:10.870" endtime="20221007 18:15:13.544"/>
</kw>
<status status="PASS" starttime="20221007 18:15:10.869" endtime="20221007 18:15:13.544"/>
</kw>
<status status="PASS" starttime="20221007 18:15:10.850" endtime="20221007 18:15:13.544"/>
</kw>
<kw name="Em Cadastro de Pessoa, em Grau de Parentesco, selecionar &quot;Mãe&quot;" library="CadastroPessoa" sourcename="Em Cadastro de Pessoa, em Grau de Parentesco, selecionar &quot;${grauParentesco}&quot;">
<kw name="Wait Until Element Is Visible" library="SeleniumLibrary">
<arg>cphContent_ucVinculos_btnInserirParente</arg>
<doc>Waits until the element ``locator`` is visible.</doc>
<status status="PASS" starttime="20221007 18:15:13.546" endtime="20221007 18:15:13.569"/>
</kw>
<kw name="Execute Javascript" library="SeleniumLibrary">
[...]
</kw>
<kw name="Aguardar carregamento Portal" library="1-Principal">
<kw name="Wait Until Element Is Not Visible" library="SeleniumLibrary">
<arg>wait</arg>
<arg>300</arg>
<doc>Waits until the element ``locator`` is not visible.</doc>
<status status="PASS" starttime="20221007 18:18:33.838" endtime="20221007 18:18:33.859"/>
</kw>
<status status="PASS" starttime="20221007 18:18:33.837" endtime="20221007 18:18:33.860"/>
</kw>
<status status="PASS" starttime="20221007 18:18:33.322" endtime="20221007 18:18:33.860"/>
</kw>
<kw name="No Portal, em Cadastro do Aluno, em Nome Completo, inserir o nome cadastrado" library="Portal">
<kw name="Input Text" library="SeleniumLibrary">
<arg>txtNomeCompleto</arg>
<arg>${nomeCompletoAluno}</arg>
<doc>Types the given ``text`` into the text field identified by ``locator``.</doc>
<msg timestamp="20221007 18:18:33.865" level="INFO">Typing text 'Rafael Viana' into text field 'txtNomeCompleto'.</msg>
<status status="PASS" starttime="20221007 18:18:33.864" endtime="20221007 18:18:33.961"/>
</kw>
<status status="PASS" starttime="20221007 18:18:33.862" endtime="20221007 18:18:33.961"/>
</kw>
<kw name="No Portal, em Cadastro do Aluno, em Sexo, inserir &quot;Masculino&quot;" library="Portal" sourcename="No Portal, em Cadastro do Aluno, em Sexo, inserir &quot;${sexo}&quot;">
<kw name="Select From List By Label" library="SeleniumLibrary">
<arg>ddlSexo</arg>
<arg>${sexo}</arg>
<doc>Selects options from selection list ``locator`` by ``labels``.</doc>
<msg timestamp="20221007 18:18:33.967" level="INFO">Selecting options from selection list 'ddlSexo' by label Masculino.</msg>
<status status="PASS" starttime="20221007 18:18:33.966" endtime="20221007 18:18:34.054"/>
</kw>
<status status="PASS" starttime="20221007 18:18:33.965" endtime="20221007 18:18:34.055"/>
</kw>
<kw name="No Portal, em Cadastro do Aluno, em Certidão de Nascimento, clicar em Nova" library="Portal">
<kw name="Sleep" library="BuiltIn">
<arg>1</arg>
<doc>Pauses the test executed for the given time.</doc>
<msg timestamp="20221007 18:18:35.067" level="INFO">Slept 1 second</msg>
<status status="PASS" starttime="20221007 18:18:34.058" endtime="20221007 18:18:35.068"/>
</kw>
<kw name="Click Element" library="SeleniumLibrary">
<arg>rdNovaCertidao_Sim</arg>
<doc>Click the element identified by ``locator``.</doc>
<msg timestamp="20221007 18:18:35.071" level="INFO">Clicking element 'rdNovaCertidao_Sim'.</msg>
<status status="PASS" starttime="20221007 18:18:35.070" endtime="20221007 18:18:35.134"/>
</kw>
<kw name="Sleep" library="BuiltIn">
<arg>1</arg>
<doc>Pauses the test executed for the given time.</doc>
<msg timestamp="20221007 18:18:36.137" level="INFO">Slept 1 second</msg>
<status status="PASS" starttime="20221007 18:18:35.135" endtime="20221007 18:18:36.138"/>
</kw>
<status status="PASS" starttime="20221007 18:18:34.056" endtime="20221007 18:18:36.139"/>
</kw>
<kw name="No Portal, em Cadastro do Aluno, em Matrícula Certidão, inserir a certidão cadastrada" library="Portal">
<kw name="Input Text" library="SeleniumLibrary">
<arg>txtMatriculaCertidao</arg>
<arg>${certidaoAleatoria}</arg>
<doc>Types the given ``text`` into the text field identified by ``locator``.</doc>
<msg timestamp="20221007 18:18:36.143" level="INFO">Typing text '23969401552017129179528232201931' into text field 'txtMatriculaCertidao'.</msg>
<status status="PASS" starttime="20221007 18:18:36.142" endtime="20221007 18:18:36.304"/>
</kw>
<kw name="Press Keys" library="SeleniumLibrary">
<arg>txtMatriculaCertidao</arg>
<arg>TAB</arg>
<doc>Simulates the user pressing key(s) to an element or on the active browser.</doc>
<msg timestamp="20221007 18:18:36.306" level="INFO">Sending key(s) ('TAB',) to txtMatriculaCertidao element.</msg>
<msg timestamp="20221007 18:18:36.597" level="INFO">Pressing special key TAB to element.</msg>
<msg timestamp="20221007 18:18:36.600" level="INFO">Releasing special key TAB.</msg>
<status status="PASS" starttime="20221007 18:18:36.305" endtime="20221007 18:18:36.620"/>
</kw>
<kw name="Sleep" library="BuiltIn">
<arg>1</arg>
<doc>Pauses the test executed for the given time.</doc>
<msg timestamp="20221007 18:18:37.636" level="INFO">Slept 1 second</msg>
<status status="PASS" starttime="20221007 18:18:36.620" endtime="20221007 18:18:37.638"/>
</kw>
<kw name="Aguardar carregamento Portal" library="1-Principal">
<kw name="Wait Until Element Is Not Visible" library="SeleniumLibrary">
<arg>wait</arg>
<arg>300</arg>
<doc>Waits until the element ``locator`` is not visible.</doc>
<status status="PASS" starttime="20221007 18:18:37.641" endtime="20221007 18:18:37.676"/>
</kw>
<status status="PASS" starttime="20221007 18:18:37.639" endtime="20221007 18:18:37.677"/>
</kw>
<status status="PASS" starttime="20221007 18:18:36.140" endtime="20221007 18:18:37.677"/>
</kw>
<kw name="No Portal, em Cadastro do Aluno, em Data de Emissão da Certidão, inserir &quot;01/01/2022&quot;" library="Portal" sourcename="No Portal, em Cadastro do Aluno, em Data de Emissão da Certidão, inserir &quot;${dataEmissaoCertidao}&quot;">
<kw name="Sleep" library="BuiltIn">
<arg>1</arg>
<doc>Pauses the test executed for the given time.</doc>
<msg timestamp="20221007 18:18:38.691" level="INFO">Slept 1 second</msg>
<status status="PASS" starttime="20221007 18:18:37.682" endtime="20221007 18:18:38.692"/>
</kw>
<kw name="Clear Element Text" library="SeleniumLibrary">
<arg>txtDataEmissaoCertidao</arg>
<doc>Clears the value of the text-input-element identified by ``locator``.</doc>
<status status="PASS" starttime="20221007 18:18:38.694" endtime="20221007 18:18:38.738"/>
</kw>
<kw name="Input Text" library="SeleniumLibrary">
<arg>txtDataEmissaoCertidao</arg>
<arg>${dataEmissaoCertidao}</arg>
<doc>Types the given ``text`` into the text field identified by ``locator``.</doc>
<msg timestamp="20221007 18:18:38.740" level="INFO">Typing text '01/01/2022' into text field 'txtDataEmissaoCertidao'.</msg>
<status status="PASS" starttime="20221007 18:18:38.739" endtime="20221007 18:18:38.816"/>
</kw>
<status status="PASS" starttime="20221007 18:18:37.681" endtime="20221007 18:18:38.816"/>
</kw>
<kw name="No Portal, em Cadastro do Aluno, em UF da Certidão, selecionar &quot;SP&quot;" library="Portal" sourcename="No Portal, em Cadastro do Aluno, em UF da Certidão, selecionar &quot;${ufCertidao}&quot;">
<kw name="Wait Until Element Is Visible" library="SeleniumLibrary">
<arg>ddlUFCertidao</arg>
<doc>Waits until the element ``locator`` is visible.</doc>
<status status="PASS" starttime="20221007 18:18:38.820" endtime="20221007 18:18:38.847"/>
</kw>
<kw name="Select From List By Label" library="SeleniumLibrary">
<arg>ddlUFCertidao</arg>
<arg>${ufCertidao}</arg>
<doc>Selects options from selection list ``locator`` by ``labels``.</doc>
<msg timestamp="20221007 18:18:38.849" level="INFO">Selecting options from selection list 'ddlUFCertidao' by label SP.</msg>
<status status="PASS" starttime="20221007 18:18:38.848" endtime="20221007 18:18:38.924"/>
</kw>
<kw name="Sleep" library="BuiltIn">
<arg>1</arg>
<doc>Pauses the test executed for the given time.</doc>
<msg timestamp="20221007 18:18:39.930" level="INFO">Slept 1 second</msg>
<status status="PASS" starttime="20221007 18:18:38.925" endtime="20221007 18:18:39.936"/>
</kw>
<kw name="Aguardar carregamento Portal" library="1-Principal">
<kw name="Wait Until Element Is Not Visible" library="SeleniumLibrary">
<arg>wait</arg>
<arg>300</arg>
<doc>Waits until the element ``locator`` is not visible.</doc>
<status status="PASS" starttime="20221007 18:18:39.940" endtime="20221007 18:18:40.219"/>
</kw>
<status status="PASS" starttime="20221007 18:18:39.937" endtime="20221007 18:18:40.220"/>
</kw>
<status status="PASS" starttime="20221007 18:18:38.818" endtime="20221007 18:18:40.221"/>
</kw>
<kw name="No Portal, em Cadastro do Aluno, em Cidade do Cartório, selecionar &quot;GUARULHOS&quot;" library="Portal" sourcename="No Portal, em Cadastro do Aluno, em Cidade do Cartório, selecionar &quot;${cidadeCartorio}&quot;">
<kw name="Wait Until Element Is Visible" library="SeleniumLibrary">
<arg>ddlCidadeCartorio</arg>
<doc>Waits until the element ``locator`` is visible.</doc>
<status status="PASS" starttime="20221007 18:18:40.224" endtime="20221007 18:18:40.261"/>
</kw>
<kw name="Select From List By Label" library="SeleniumLibrary">
<arg>ddlCidadeCartorio</arg>
<arg>${cidadeCartorio}</arg>
<doc>Selects options from selection list ``locator`` by ``labels``.</doc>
<msg timestamp="20221007 18:18:40.265" level="INFO">Selecting options from selection list 'ddlCidadeCartorio' by label GUARULHOS.</msg>
<status status="PASS" starttime="20221007 18:18:40.263" endtime="20221007 18:18:40.359"/>
</kw>
<status status="PASS" starttime="20221007 18:18:40.222" endtime="20221007 18:18:40.360"/>
</kw>
<kw name="No Portal, em Cadastro do Aluno, em Cartório, inserir &quot;CARTÓRIO TESTE&quot;" library="Portal" sourcename="No Portal, em Cadastro do Aluno, em Cartório, inserir &quot;${cartorio}&quot;">
<kw name="Input Text" library="SeleniumLibrary">
<arg>txtCartorio</arg>
<arg>${cartorio}</arg>
<doc>Types the given ``text`` into the text field identified by ``locator``.</doc>
<msg timestamp="20221007 18:18:40.366" level="INFO">Typing text 'CARTÓRIO TESTE' into text field 'txtCartorio'.</msg>
<status status="PASS" starttime="20221007 18:18:40.365" endtime="20221007 18:18:40.519"/>
</kw>
<status status="PASS" starttime="20221007 18:18:40.363" endtime="20221007 18:18:40.519"/>
</kw>
<kw name="No Portal, em Cadastro do Aluno, em Distrito, inserir &quot;DISTRITO TESTE&quot;" library="Portal" sourcename="No Portal, em Cadastro do Aluno, em Distrito, inserir &quot;${distrito}&quot;">
<kw name="Input Text" library="SeleniumLibrary">
<arg>txtDistritoCartorio</arg>
<arg>${distrito}</arg>
<doc>Types the given ``text`` into the text field identified by ``locator``.</doc>
<msg timestamp="20221007 18:18:40.525" level="INFO">Typing text 'DISTRITO TESTE' into text field 'txtDistritoCartorio'.</msg>
<status status="PASS" starttime="20221007 18:18:40.524" endtime="20221007 18:18:40.686"/>
</kw>
<status status="PASS" starttime="20221007 18:18:40.521" endtime="20221007 18:18:40.687"/>
</kw>
<kw name="No Portal, em Cadastro do Aluno, em Comarca, inserir &quot;COMARCA TESTE&quot;" library="Portal" sourcename="No Portal, em Cadastro do Aluno, em Comarca, inserir &quot;${comarca}&quot;">
<kw name="Input Text" library="SeleniumLibrary">
<arg>txtComarcaCartorio</arg>
<arg>${comarca}</arg>
<doc>Types the given ``text`` into the text field identified by ``locator``.</doc>
<msg timestamp="20221007 18:18:40.690" level="INFO">Typing text 'COMARCA TESTE' into text field 'txtComarcaCartorio'.</msg>
<status status="PASS" starttime="20221007 18:18:40.689" endtime="20221007 18:18:40.844"/>
</kw>
<status status="PASS" starttime="20221007 18:18:40.688" endtime="20221007 18:18:40.846"/>
</kw>
<kw name="No Portal, em Contato, em Telefone 1, inserir um telefone válido" library="Portal">
<kw name="Sleep" library="BuiltIn">
<arg>1</arg>
<doc>Pauses the test executed for the given time.</doc>
<msg timestamp="20221007 18:18:41.862" level="INFO">Slept 1 second</msg>
<status status="PASS" starttime="20221007 18:18:40.850" endtime="20221007 18:18:41.864"/>
</kw>
<kw name="Random Number" library="FakerLibrary">
<var>${telefoneAleatorio}</var>
<arg>8</arg>
<arg>True</arg>
<doc>Generate a random integer according to the following rules:</doc>
<msg timestamp="20221007 18:18:41.865" level="INFO">${telefoneAleatorio} = 98395449</msg>
<status status="PASS" starttime="20221007 18:18:41.864" endtime="20221007 18:18:41.866"/>
</kw>
<kw name="Sleep" library="BuiltIn">
<arg>1</arg>
<doc>Pauses the test executed for the given time.</doc>
<msg timestamp="20221007 18:18:42.874" level="INFO">Slept 1 second</msg>
<status status="PASS" starttime="20221007 18:18:41.867" endtime="20221007 18:18:42.876"/>
</kw>
<kw name="Set Suite Variable" library="BuiltIn">
<arg>${telefone1Aleatorio}</arg>
<arg>119${telefoneAleatorio}</arg>
<doc>Makes a variable available everywhere within the scope of the current suite.</doc>
<msg timestamp="20221007 18:18:42.880" level="INFO">${telefone1Aleatorio} = 11998395449</msg>
<status status="PASS" starttime="20221007 18:18:42.879" endtime="20221007 18:18:42.883"/>
</kw>
<kw name="Input Text" library="SeleniumLibrary">
<arg>txtTelefone1</arg>
<arg>${telefone1Aleatorio}</arg>
<doc>Types the given ``text`` into the text field identified by ``locator``.</doc>
<msg timestamp="20221007 18:18:42.886" level="INFO">Typing text '11998395449' into text field 'txtTelefone1'.</msg>
<status status="PASS" starttime="20221007 18:18:42.885" endtime="20221007 18:18:42.999"/>
</kw>
<kw name="Sleep" library="BuiltIn">
<arg>1</arg>
<doc>Pauses the test executed for the given time.</doc>
<msg timestamp="20221007 18:18:44.011" level="INFO">Slept 1 second</msg>
<status status="PASS" starttime="20221007 18:18:43.000" endtime="20221007 18:18:44.014"/>
</kw>
<status status="PASS" starttime="20221007 18:18:40.848" endtime="20221007 18:18:44.016"/>
</kw>
<kw name="No Portal, clicar nos campos de declarações" library="Portal">
<kw name="Aguardar carregamento Portal" library="1-Principal">
<kw name="Wait Until Element Is Not Visible" library="SeleniumLibrary">
<arg>wait</arg>
<arg>300</arg>
<doc>Waits until the element ``locator`` is not visible.</doc>
<status status="PASS" starttime="20221007 18:18:44.023" endtime="20221007 18:18:44.070"/>
</kw>
<status status="PASS" starttime="20221007 18:18:44.021" endtime="20221007 18:18:44.071"/>
</kw>
<kw name="Wait Until Element Is Visible" library="SeleniumLibrary">
<arg>chkResponsabilidade</arg>
<doc>Waits until the element ``locator`` is visible.</doc>
<status status="PASS" starttime="20221007 18:18:44.072" endtime="20221007 18:18:44.101"/>
</kw>
<kw name="Sleep" library="BuiltIn">
<arg>1</arg>
<doc>Pauses the test executed for the given time.</doc>
<msg timestamp="20221007 18:18:45.114" level="INFO">Slept 1 second</msg>
<status status="PASS" starttime="20221007 18:18:44.102" endtime="20221007 18:18:45.117"/>
</kw>
<kw name="Click Element" library="SeleniumLibrary">
<arg>chkResponsabilidade</arg>
<doc>Click the element identified by ``locator``.</doc>
<msg timestamp="20221007 18:18:45.120" level="INFO">Clicking element 'chkResponsabilidade'.</msg>
<status status="PASS" starttime="20221007 18:18:45.118" endtime="20221007 18:18:45.203"/>
</kw>
<kw name="Click Element" library="SeleniumLibrary">
<arg>chkLgpd</arg>
<doc>Click the element identified by ``locator``.</doc>
<msg timestamp="20221007 18:18:45.206" level="INFO">Clicking element 'chkLgpd'.</msg>
<status status="PASS" starttime="20221007 18:18:45.204" endtime="20221007 18:18:45.302"/>
</kw>
<kw name="Sleep" library="BuiltIn">
<arg>1</arg>
<doc>Pauses the test executed for the given time.</doc>
<msg timestamp="20221007 18:18:46.305" level="INFO">Slept 1 second</msg>
<status status="PASS" starttime="20221007 18:18:45.304" endtime="20221007 18:18:46.309"/>
</kw>
<kw name="Aguardar carregamento Portal" library="1-Principal">
<kw name="Wait Until Element Is Not Visible" library="SeleniumLibrary">
<arg>wait</arg>
<arg>300</arg>
<doc>Waits until the element ``locator`` is not visible.</doc>
<status status="PASS" starttime="20221007 18:18:46.319" endtime="20221007 18:18:46.600"/>
</kw>
<status status="PASS" starttime="20221007 18:18:46.312" endtime="20221007 18:18:46.601"/>
</kw>
<status status="PASS" starttime="20221007 18:18:44.019" endtime="20221007 18:18:46.602"/>
</kw>
<kw name="No Portal, visualizar a mensagem &quot;Você não pode realizar uma nova inscrição, Aluno já possui uma inscrição ativa.&quot;" library="Portal" sourcename="No Portal, visualizar a mensagem &quot;${texto}&quot;">
<kw name="Wait Until Element Is Visible" library="SeleniumLibrary">
<arg>//a[contains(@rel,'modal:close')]</arg>
<doc>Waits until the element ``locator`` is visible.</doc>
<status status="PASS" starttime="20221007 18:18:46.607" endtime="20221007 18:18:46.638"/>
</kw>
<kw name="Wait Until Page Contains" library="SeleniumLibrary">
<arg>${texto}</arg>
<doc>Waits until ``text`` appears on the current page.</doc>
<status status="PASS" starttime="20221007 18:18:46.640" endtime="20221007 18:18:46.666"/>
</kw>
<status status="PASS" starttime="20221007 18:18:46.605" endtime="20221007 18:18:46.666"/>
</kw>
<kw name="No Portal, fechar o modal" library="Portal">
<kw name="Click Element" library="SeleniumLibrary">
<arg>//a[contains(@rel,'modal:close')]</arg>
<doc>Click the element identified by ``locator``.</doc>
<msg timestamp="20221007 18:18:46.671" level="INFO">Clicking element '//a[contains(@rel,'modal:close')]'.</msg>
<status status="PASS" starttime="20221007 18:18:46.670" endtime="20221007 18:18:46.739"/>
</kw>
<kw name="Sleep" library="BuiltIn">
<arg>1</arg>
<doc>Pauses the test executed for the given time.</doc>
<msg timestamp="20221007 18:18:47.742" level="INFO">Slept 1 second</msg>
<status status="PASS" starttime="20221007 18:18:46.740" endtime="20221007 18:18:47.746"/>
</kw>
<kw name="Aguardar carregamento Portal" library="1-Principal">
<kw name="Wait Until Element Is Not Visible" library="SeleniumLibrary">
<arg>wait</arg>
<arg>300</arg>
<doc>Waits until the element ``locator`` is not visible.</doc>
<status status="PASS" starttime="20221007 18:18:47.748" endtime="20221007 18:18:47.782"/>
</kw>
<status status="PASS" starttime="20221007 18:18:47.747" endtime="20221007 18:18:47.782"/>
</kw>
<kw name="Sleep" library="BuiltIn">
<arg>1</arg>
<doc>Pauses the test executed for the given time.</doc>
<msg timestamp="20221007 18:18:48.788" level="INFO">Slept 1 second</msg>
<status status="PASS" starttime="20221007 18:18:47.783" endtime="20221007 18:18:48.789"/>
</kw>
<status status="PASS" starttime="20221007 18:18:46.668" endtime="20221007 18:18:48.791"/>
</kw>
<kw name="Fechar o navegador" library="1-Principal" type="TEARDOWN">
<kw name="Capture Page Screenshot" library="SeleniumLibrary">
<doc>Takes a screenshot of the current page and embeds it into a log file.</doc>
<msg timestamp="20221007 18:18:49.011" level="INFO" html="true">&lt;/td&gt;&lt;/tr&gt;&lt;tr&gt;&lt;td colspan="3"&gt;&lt;a href="selenium-screenshot-64.png"&gt;&lt;img src="selenium-screenshot-64.png" width="800px"&gt;&lt;/a&gt;</msg>
<status status="PASS" starttime="20221007 18:18:48.794" endtime="20221007 18:18:49.015"/>
</kw>
<kw name="Close Browser" library="SeleniumLibrary">
<doc>Closes the current browser.</doc>
<status status="PASS" starttime="20221007 18:18:49.015" endtime="20221007 18:18:51.312"/>
</kw>
<status status="PASS" starttime="20221007 18:18:48.792" endtime="20221007 18:18:51.313"/>
</kw>
<doc>Esse teste efetua a solicitação e consulta de matrícula
no Portal, para todas as etapas/modalidades.</doc>
<tag>Gier &gt; Portal - Infantil Contínuo | Fluxo Positivo</tag>
<status status="PASS" starttime="20221007 18:14:30.207" endtime="20221007 18:18:51.318"/>
</test>
<doc>Esse teste verifica se é possível efetuar login no Gier</doc>
<status status="PASS" starttime="20221007 18:14:29.154" endtime="20221007 18:18:51.340"/>
</suite>
<status status="PASS" starttime="20221007 18:14:29.150" endtime="20221007 18:18:51.347"/>
</suite>
<status status="PASS" starttime="20221007 18:14:29.122" endtime="20221007 18:18:51.352"/>
</suite>
<statistics>
<total>
<stat pass="1" fail="0" skip="0">All Tests</stat>
</total>
<tag>
<stat pass="1" fail="0" skip="0">Gier &gt; Portal - Infantil Contínuo | Fluxo Positivo</stat>
</tag>
<suite>
<stat pass="1" fail="0" skip="0" id="s1" name="Automação - Teste De Versão Gier">Automação - Teste De Versão Gier</stat>
<stat pass="1" fail="0" skip="0" id="s1-s1" name="3-TestesFluxoBasico">Automação - Teste De Versão Gier.3-TestesFluxoBasico</stat>
<stat pass="1" fail="0" skip="0" id="s1-s1-s1" name="TesteDeVersaoNegativo">Automação - Teste De Versão Gier.3-TestesFluxoBasico.TesteDeVersaoNegativo</stat>
</suite>
</statistics>
<errors>
</errors>
</robot>
